[2018-09-05 19:52:44] -- [DEBUG]:[com.schoolsell.SchoolsellApplication] -- Running with Spring Boot v2.0.4.RELEASE, Spring v5.0.8.RELEASE
[2018-09-05 19:52:45] -- [DEBUG]:[org.mybatis.spring.mapper.ClassPathMapperScanner] -- Identified candidate component class: file [/Volumes/ssd_2/All/wangrui/third-chatroom/SecondOfConcordance/schoolsell-master/Schoolsell/target/classes/com/schoolsell/dao/AdministratorMapper.class]
[2018-09-05 19:52:45] -- [DEBUG]:[org.mybatis.spring.mapper.ClassPathMapperScanner] -- Identified candidate component class: file [/Volumes/ssd_2/All/wangrui/third-chatroom/SecondOfConcordance/schoolsell-master/Schoolsell/target/classes/com/schoolsell/dao/BigkindMapper.class]
[2018-09-05 19:52:45] -- [DEBUG]:[org.mybatis.spring.mapper.ClassPathMapperScanner] -- Identified candidate component class: file [/Volumes/ssd_2/All/wangrui/third-chatroom/SecondOfConcordance/schoolsell-master/Schoolsell/target/classes/com/schoolsell/dao/ChatreportMapper.class]
[2018-09-05 19:52:45] -- [DEBUG]:[org.mybatis.spring.mapper.ClassPathMapperScanner] -- Identified candidate component class: file [/Volumes/ssd_2/All/wangrui/third-chatroom/SecondOfConcordance/schoolsell-master/Schoolsell/target/classes/com/schoolsell/dao/CommodityMapper.class]
[2018-09-05 19:52:45] -- [DEBUG]:[org.mybatis.spring.mapper.ClassPathMapperScanner] -- Identified candidate component class: file [/Volumes/ssd_2/All/wangrui/third-chatroom/SecondOfConcordance/schoolsell-master/Schoolsell/target/classes/com/schoolsell/dao/FeedbackMapper.class]
[2018-09-05 19:52:45] -- [DEBUG]:[org.mybatis.spring.mapper.ClassPathMapperScanner] -- Identified candidate component class: file [/Volumes/ssd_2/All/wangrui/third-chatroom/SecondOfConcordance/schoolsell-master/Schoolsell/target/classes/com/schoolsell/dao/JubaoMapper.class]
[2018-09-05 19:52:45] -- [DEBUG]:[org.mybatis.spring.mapper.ClassPathMapperScanner] -- Identified candidate component class: file [/Volumes/ssd_2/All/wangrui/third-chatroom/SecondOfConcordance/schoolsell-master/Schoolsell/target/classes/com/schoolsell/dao/OrderMapper.class]
[2018-09-05 19:52:45] -- [DEBUG]:[org.mybatis.spring.mapper.ClassPathMapperScanner] -- Identified candidate component class: file [/Volumes/ssd_2/All/wangrui/third-chatroom/SecondOfConcordance/schoolsell-master/Schoolsell/target/classes/com/schoolsell/dao/OrdercommodityMapper.class]
[2018-09-05 19:52:45] -- [DEBUG]:[org.mybatis.spring.mapper.ClassPathMapperScanner] -- Identified candidate component class: file [/Volumes/ssd_2/All/wangrui/third-chatroom/SecondOfConcordance/schoolsell-master/Schoolsell/target/classes/com/schoolsell/dao/PictureMapper.class]
[2018-09-05 19:52:45] -- [DEBUG]:[org.mybatis.spring.mapper.ClassPathMapperScanner] -- Identified candidate component class: file [/Volumes/ssd_2/All/wangrui/third-chatroom/SecondOfConcordance/schoolsell-master/Schoolsell/target/classes/com/schoolsell/dao/ShopcarMapper.class]
[2018-09-05 19:52:45] -- [DEBUG]:[org.mybatis.spring.mapper.ClassPathMapperScanner] -- Identified candidate component class: file [/Volumes/ssd_2/All/wangrui/third-chatroom/SecondOfConcordance/schoolsell-master/Schoolsell/target/classes/com/schoolsell/dao/SmallkindMapper.class]
[2018-09-05 19:52:45] -- [DEBUG]:[org.mybatis.spring.mapper.ClassPathMapperScanner] -- Identified candidate component class: file [/Volumes/ssd_2/All/wangrui/third-chatroom/SecondOfConcordance/schoolsell-master/Schoolsell/target/classes/com/schoolsell/dao/UserMapper.class]
[2018-09-05 19:52:45] -- [DEBUG]:[org.mybatis.spring.mapper.ClassPathMapperScanner] -- Creating MapperFactoryBean with name 'administratorMapper' and 'com.schoolsell.dao.AdministratorMapper' mapperInterface
[2018-09-05 19:52:45] -- [DEBUG]:[org.mybatis.spring.mapper.ClassPathMapperScanner] -- Enabling autowire by type for MapperFactoryBean with name 'administratorMapper'.
[2018-09-05 19:52:45] -- [DEBUG]:[org.mybatis.spring.mapper.ClassPathMapperScanner] -- Creating MapperFactoryBean with name 'bigkindMapper' and 'com.schoolsell.dao.BigkindMapper' mapperInterface
[2018-09-05 19:52:45] -- [DEBUG]:[org.mybatis.spring.mapper.ClassPathMapperScanner] -- Enabling autowire by type for MapperFactoryBean with name 'bigkindMapper'.
[2018-09-05 19:52:45] -- [DEBUG]:[org.mybatis.spring.mapper.ClassPathMapperScanner] -- Creating MapperFactoryBean with name 'chatreportMapper' and 'com.schoolsell.dao.ChatreportMapper' mapperInterface
[2018-09-05 19:52:45] -- [DEBUG]:[org.mybatis.spring.mapper.ClassPathMapperScanner] -- Enabling autowire by type for MapperFactoryBean with name 'chatreportMapper'.
[2018-09-05 19:52:45] -- [DEBUG]:[org.mybatis.spring.mapper.ClassPathMapperScanner] -- Creating MapperFactoryBean with name 'commodityMapper' and 'com.schoolsell.dao.CommodityMapper' mapperInterface
[2018-09-05 19:52:45] -- [DEBUG]:[org.mybatis.spring.mapper.ClassPathMapperScanner] -- Enabling autowire by type for MapperFactoryBean with name 'commodityMapper'.
[2018-09-05 19:52:45] -- [DEBUG]:[org.mybatis.spring.mapper.ClassPathMapperScanner] -- Creating MapperFactoryBean with name 'feedbackMapper' and 'com.schoolsell.dao.FeedbackMapper' mapperInterface
[2018-09-05 19:52:45] -- [DEBUG]:[org.mybatis.spring.mapper.ClassPathMapperScanner] -- Enabling autowire by type for MapperFactoryBean with name 'feedbackMapper'.
[2018-09-05 19:52:45] -- [DEBUG]:[org.mybatis.spring.mapper.ClassPathMapperScanner] -- Creating MapperFactoryBean with name 'jubaoMapper' and 'com.schoolsell.dao.JubaoMapper' mapperInterface
[2018-09-05 19:52:45] -- [DEBUG]:[org.mybatis.spring.mapper.ClassPathMapperScanner] -- Enabling autowire by type for MapperFactoryBean with name 'jubaoMapper'.
[2018-09-05 19:52:45] -- [DEBUG]:[org.mybatis.spring.mapper.ClassPathMapperScanner] -- Creating MapperFactoryBean with name 'orderMapper' and 'com.schoolsell.dao.OrderMapper' mapperInterface
[2018-09-05 19:52:45] -- [DEBUG]:[org.mybatis.spring.mapper.ClassPathMapperScanner] -- Enabling autowire by type for MapperFactoryBean with name 'orderMapper'.
[2018-09-05 19:52:45] -- [DEBUG]:[org.mybatis.spring.mapper.ClassPathMapperScanner] -- Creating MapperFactoryBean with name 'ordercommodityMapper' and 'com.schoolsell.dao.OrdercommodityMapper' mapperInterface
[2018-09-05 19:52:45] -- [DEBUG]:[org.mybatis.spring.mapper.ClassPathMapperScanner] -- Enabling autowire by type for MapperFactoryBean with name 'ordercommodityMapper'.
[2018-09-05 19:52:45] -- [DEBUG]:[org.mybatis.spring.mapper.ClassPathMapperScanner] -- Creating MapperFactoryBean with name 'pictureMapper' and 'com.schoolsell.dao.PictureMapper' mapperInterface
[2018-09-05 19:52:45] -- [DEBUG]:[org.mybatis.spring.mapper.ClassPathMapperScanner] -- Enabling autowire by type for MapperFactoryBean with name 'pictureMapper'.
[2018-09-05 19:52:45] -- [DEBUG]:[org.mybatis.spring.mapper.ClassPathMapperScanner] -- Creating MapperFactoryBean with name 'shopcarMapper' and 'com.schoolsell.dao.ShopcarMapper' mapperInterface
[2018-09-05 19:52:45] -- [DEBUG]:[org.mybatis.spring.mapper.ClassPathMapperScanner] -- Enabling autowire by type for MapperFactoryBean with name 'shopcarMapper'.
[2018-09-05 19:52:45] -- [DEBUG]:[org.mybatis.spring.mapper.ClassPathMapperScanner] -- Creating MapperFactoryBean with name 'smallkindMapper' and 'com.schoolsell.dao.SmallkindMapper' mapperInterface
[2018-09-05 19:52:45] -- [DEBUG]:[org.mybatis.spring.mapper.ClassPathMapperScanner] -- Enabling autowire by type for MapperFactoryBean with name 'smallkindMapper'.
[2018-09-05 19:52:45] -- [DEBUG]:[org.mybatis.spring.mapper.ClassPathMapperScanner] -- Creating MapperFactoryBean with name 'userMapper' and 'com.schoolsell.dao.UserMapper' mapperInterface
[2018-09-05 19:52:45] -- [DEBUG]:[org.mybatis.spring.mapper.ClassPathMapperScanner] -- Enabling autowire by type for MapperFactoryBean with name 'userMapper'.
[2018-09-05 19:55:36] -- [DEBUG]:[com.schoolsell.SchoolsellApplication] -- Running with Spring Boot v2.0.4.RELEASE, Spring v5.0.8.RELEASE
[2018-09-05 19:55:38] -- [DEBUG]:[org.mybatis.spring.mapper.ClassPathMapperScanner] -- Identified candidate component class: file [/Volumes/ssd_2/All/wangrui/third-chatroom/SecondOfConcordance/schoolsell-master/Schoolsell/target/classes/com/schoolsell/dao/AdministratorMapper.class]
[2018-09-05 19:55:38] -- [DEBUG]:[org.mybatis.spring.mapper.ClassPathMapperScanner] -- Identified candidate component class: file [/Volumes/ssd_2/All/wangrui/third-chatroom/SecondOfConcordance/schoolsell-master/Schoolsell/target/classes/com/schoolsell/dao/BigkindMapper.class]
[2018-09-05 19:55:38] -- [DEBUG]:[org.mybatis.spring.mapper.ClassPathMapperScanner] -- Identified candidate component class: file [/Volumes/ssd_2/All/wangrui/third-chatroom/SecondOfConcordance/schoolsell-master/Schoolsell/target/classes/com/schoolsell/dao/ChatreportMapper.class]
[2018-09-05 19:55:38] -- [DEBUG]:[org.mybatis.spring.mapper.ClassPathMapperScanner] -- Identified candidate component class: file [/Volumes/ssd_2/All/wangrui/third-chatroom/SecondOfConcordance/schoolsell-master/Schoolsell/target/classes/com/schoolsell/dao/CommodityMapper.class]
[2018-09-05 19:55:38] -- [DEBUG]:[org.mybatis.spring.mapper.ClassPathMapperScanner] -- Identified candidate component class: file [/Volumes/ssd_2/All/wangrui/third-chatroom/SecondOfConcordance/schoolsell-master/Schoolsell/target/classes/com/schoolsell/dao/FeedbackMapper.class]
[2018-09-05 19:55:38] -- [DEBUG]:[org.mybatis.spring.mapper.ClassPathMapperScanner] -- Identified candidate component class: file [/Volumes/ssd_2/All/wangrui/third-chatroom/SecondOfConcordance/schoolsell-master/Schoolsell/target/classes/com/schoolsell/dao/JubaoMapper.class]
[2018-09-05 19:55:38] -- [DEBUG]:[org.mybatis.spring.mapper.ClassPathMapperScanner] -- Identified candidate component class: file [/Volumes/ssd_2/All/wangrui/third-chatroom/SecondOfConcordance/schoolsell-master/Schoolsell/target/classes/com/schoolsell/dao/OrderMapper.class]
[2018-09-05 19:55:38] -- [DEBUG]:[org.mybatis.spring.mapper.ClassPathMapperScanner] -- Identified candidate component class: file [/Volumes/ssd_2/All/wangrui/third-chatroom/SecondOfConcordance/schoolsell-master/Schoolsell/target/classes/com/schoolsell/dao/OrdercommodityMapper.class]
[2018-09-05 19:55:38] -- [DEBUG]:[org.mybatis.spring.mapper.ClassPathMapperScanner] -- Identified candidate component class: file [/Volumes/ssd_2/All/wangrui/third-chatroom/SecondOfConcordance/schoolsell-master/Schoolsell/target/classes/com/schoolsell/dao/PictureMapper.class]
[2018-09-05 19:55:38] -- [DEBUG]:[org.mybatis.spring.mapper.ClassPathMapperScanner] -- Identified candidate component class: file [/Volumes/ssd_2/All/wangrui/third-chatroom/SecondOfConcordance/schoolsell-master/Schoolsell/target/classes/com/schoolsell/dao/ShopcarMapper.class]
[2018-09-05 19:55:38] -- [DEBUG]:[org.mybatis.spring.mapper.ClassPathMapperScanner] -- Identified candidate component class: file [/Volumes/ssd_2/All/wangrui/third-chatroom/SecondOfConcordance/schoolsell-master/Schoolsell/target/classes/com/schoolsell/dao/SmallkindMapper.class]
[2018-09-05 19:55:38] -- [DEBUG]:[org.mybatis.spring.mapper.ClassPathMapperScanner] -- Identified candidate component class: file [/Volumes/ssd_2/All/wangrui/third-chatroom/SecondOfConcordance/schoolsell-master/Schoolsell/target/classes/com/schoolsell/dao/UserMapper.class]
[2018-09-05 19:55:38] -- [DEBUG]:[org.mybatis.spring.mapper.ClassPathMapperScanner] -- Creating MapperFactoryBean with name 'administratorMapper' and 'com.schoolsell.dao.AdministratorMapper' mapperInterface
[2018-09-05 19:55:38] -- [DEBUG]:[org.mybatis.spring.mapper.ClassPathMapperScanner] -- Enabling autowire by type for MapperFactoryBean with name 'administratorMapper'.
[2018-09-05 19:55:38] -- [DEBUG]:[org.mybatis.spring.mapper.ClassPathMapperScanner] -- Creating MapperFactoryBean with name 'bigkindMapper' and 'com.schoolsell.dao.BigkindMapper' mapperInterface
[2018-09-05 19:55:38] -- [DEBUG]:[org.mybatis.spring.mapper.ClassPathMapperScanner] -- Enabling autowire by type for MapperFactoryBean with name 'bigkindMapper'.
[2018-09-05 19:55:38] -- [DEBUG]:[org.mybatis.spring.mapper.ClassPathMapperScanner] -- Creating MapperFactoryBean with name 'chatreportMapper' and 'com.schoolsell.dao.ChatreportMapper' mapperInterface
[2018-09-05 19:55:38] -- [DEBUG]:[org.mybatis.spring.mapper.ClassPathMapperScanner] -- Enabling autowire by type for MapperFactoryBean with name 'chatreportMapper'.
[2018-09-05 19:55:38] -- [DEBUG]:[org.mybatis.spring.mapper.ClassPathMapperScanner] -- Creating MapperFactoryBean with name 'commodityMapper' and 'com.schoolsell.dao.CommodityMapper' mapperInterface
[2018-09-05 19:55:38] -- [DEBUG]:[org.mybatis.spring.mapper.ClassPathMapperScanner] -- Enabling autowire by type for MapperFactoryBean with name 'commodityMapper'.
[2018-09-05 19:55:38] -- [DEBUG]:[org.mybatis.spring.mapper.ClassPathMapperScanner] -- Creating MapperFactoryBean with name 'feedbackMapper' and 'com.schoolsell.dao.FeedbackMapper' mapperInterface
[2018-09-05 19:55:38] -- [DEBUG]:[org.mybatis.spring.mapper.ClassPathMapperScanner] -- Enabling autowire by type for MapperFactoryBean with name 'feedbackMapper'.
[2018-09-05 19:55:38] -- [DEBUG]:[org.mybatis.spring.mapper.ClassPathMapperScanner] -- Creating MapperFactoryBean with name 'jubaoMapper' and 'com.schoolsell.dao.JubaoMapper' mapperInterface
[2018-09-05 19:55:38] -- [DEBUG]:[org.mybatis.spring.mapper.ClassPathMapperScanner] -- Enabling autowire by type for MapperFactoryBean with name 'jubaoMapper'.
[2018-09-05 19:55:38] -- [DEBUG]:[org.mybatis.spring.mapper.ClassPathMapperScanner] -- Creating MapperFactoryBean with name 'orderMapper' and 'com.schoolsell.dao.OrderMapper' mapperInterface
[2018-09-05 19:55:38] -- [DEBUG]:[org.mybatis.spring.mapper.ClassPathMapperScanner] -- Enabling autowire by type for MapperFactoryBean with name 'orderMapper'.
[2018-09-05 19:55:38] -- [DEBUG]:[org.mybatis.spring.mapper.ClassPathMapperScanner] -- Creating MapperFactoryBean with name 'ordercommodityMapper' and 'com.schoolsell.dao.OrdercommodityMapper' mapperInterface
[2018-09-05 19:55:38] -- [DEBUG]:[org.mybatis.spring.mapper.ClassPathMapperScanner] -- Enabling autowire by type for MapperFactoryBean with name 'ordercommodityMapper'.
[2018-09-05 19:55:38] -- [DEBUG]:[org.mybatis.spring.mapper.ClassPathMapperScanner] -- Creating MapperFactoryBean with name 'pictureMapper' and 'com.schoolsell.dao.PictureMapper' mapperInterface
[2018-09-05 19:55:38] -- [DEBUG]:[org.mybatis.spring.mapper.ClassPathMapperScanner] -- Enabling autowire by type for MapperFactoryBean with name 'pictureMapper'.
[2018-09-05 19:55:38] -- [DEBUG]:[org.mybatis.spring.mapper.ClassPathMapperScanner] -- Creating MapperFactoryBean with name 'shopcarMapper' and 'com.schoolsell.dao.ShopcarMapper' mapperInterface
[2018-09-05 19:55:38] -- [DEBUG]:[org.mybatis.spring.mapper.ClassPathMapperScanner] -- Enabling autowire by type for MapperFactoryBean with name 'shopcarMapper'.
[2018-09-05 19:55:38] -- [DEBUG]:[org.mybatis.spring.mapper.ClassPathMapperScanner] -- Creating MapperFactoryBean with name 'smallkindMapper' and 'com.schoolsell.dao.SmallkindMapper' mapperInterface
[2018-09-05 19:55:38] -- [DEBUG]:[org.mybatis.spring.mapper.ClassPathMapperScanner] -- Enabling autowire by type for MapperFactoryBean with name 'smallkindMapper'.
[2018-09-05 19:55:38] -- [DEBUG]:[org.mybatis.spring.mapper.ClassPathMapperScanner] -- Creating MapperFactoryBean with name 'userMapper' and 'com.schoolsell.dao.UserMapper' mapperInterface
[2018-09-05 19:55:38] -- [DEBUG]:[org.mybatis.spring.mapper.ClassPathMapperScanner] -- Enabling autowire by type for MapperFactoryBean with name 'userMapper'.
[2018-09-05 19:55:40] -- [DEBUG]:[com.zaxxer.hikari.HikariConfig] -- Driver class com.mysql.jdbc.Driver found in Thread context class loader sun.misc.Launcher$AppClassLoader@18b4aac2
[2018-09-05 19:55:40] -- [DEBUG]:[org.apache.ibatis.logging.LogFactory] -- Logging initialized using 'class org.apache.ibatis.logging.slf4j.Slf4jImpl' adapter.
[2018-09-05 19:55:40] -- [DEBUG]:[org.apache.ibatis.io.VFS] -- Using VFS adapter org.mybatis.spring.boot.autoconfigure.SpringBootVFS
[2018-09-05 19:55:40] -- [DEBUG]:[org.apache.ibatis.io.ResolverUtil] -- Checking to see if class com.schoolsell.entity.Administrator matches criteria [is assignable to Object]
[2018-09-05 19:55:40] -- [DEBUG]:[org.apache.ibatis.io.ResolverUtil] -- Checking to see if class com.schoolsell.entity.Bigkind matches criteria [is assignable to Object]
[2018-09-05 19:55:40] -- [DEBUG]:[org.apache.ibatis.io.ResolverUtil] -- Checking to see if class com.schoolsell.entity.Chatreport matches criteria [is assignable to Object]
[2018-09-05 19:55:40] -- [DEBUG]:[org.apache.ibatis.io.ResolverUtil] -- Checking to see if class com.schoolsell.entity.Commodity matches criteria [is assignable to Object]
[2018-09-05 19:55:40] -- [DEBUG]:[org.apache.ibatis.io.ResolverUtil] -- Checking to see if class com.schoolsell.entity.Feedback matches criteria [is assignable to Object]
[2018-09-05 19:55:40] -- [DEBUG]:[org.apache.ibatis.io.ResolverUtil] -- Checking to see if class com.schoolsell.entity.Jubao matches criteria [is assignable to Object]
[2018-09-05 19:55:40] -- [DEBUG]:[org.apache.ibatis.io.ResolverUtil] -- Checking to see if class com.schoolsell.entity.Order matches criteria [is assignable to Object]
[2018-09-05 19:55:40] -- [DEBUG]:[org.apache.ibatis.io.ResolverUtil] -- Checking to see if class com.schoolsell.entity.Ordercommodity matches criteria [is assignable to Object]
[2018-09-05 19:55:40] -- [DEBUG]:[org.apache.ibatis.io.ResolverUtil] -- Checking to see if class com.schoolsell.entity.Picture matches criteria [is assignable to Object]
[2018-09-05 19:55:40] -- [DEBUG]:[org.apache.ibatis.io.ResolverUtil] -- Checking to see if class com.schoolsell.entity.Shopcar matches criteria [is assignable to Object]
[2018-09-05 19:55:40] -- [DEBUG]:[org.apache.ibatis.io.ResolverUtil] -- Checking to see if class com.schoolsell.entity.Smallkind matches criteria [is assignable to Object]
[2018-09-05 19:55:40] -- [DEBUG]:[org.apache.ibatis.io.ResolverUtil] -- Checking to see if class com.schoolsell.entity.User matches criteria [is assignable to Object]
[2018-09-05 19:55:40] -- [DEBUG]:[org.apache.ibatis.io.ResolverUtil] -- Checking to see if class com.schoolsell.entity.other.PictureCount matches criteria [is assignable to Object]
[2018-09-05 19:55:40] -- [DEBUG]:[org.mybatis.spring.SqlSessionFactoryBean] -- Scanned package: 'com.schoolsell.entity' for aliases
[2018-09-05 19:55:40] -- [DEBUG]:[org.mybatis.spring.SqlSessionFactoryBean] -- Parsed mapper file: 'file [/Volumes/ssd_2/All/wangrui/third-chatroom/SecondOfConcordance/schoolsell-master/Schoolsell/target/classes/mapper/AdministratorMapper.xml]'
[2018-09-05 19:55:40] -- [DEBUG]:[org.mybatis.spring.SqlSessionFactoryBean] -- Parsed mapper file: 'file [/Volumes/ssd_2/All/wangrui/third-chatroom/SecondOfConcordance/schoolsell-master/Schoolsell/target/classes/mapper/BigkindMapper.xml]'
[2018-09-05 19:55:40] -- [DEBUG]:[org.mybatis.spring.SqlSessionFactoryBean] -- Parsed mapper file: 'file [/Volumes/ssd_2/All/wangrui/third-chatroom/SecondOfConcordance/schoolsell-master/Schoolsell/target/classes/mapper/ChatreportMapper.xml]'
[2018-09-05 19:55:40] -- [DEBUG]:[org.mybatis.spring.SqlSessionFactoryBean] -- Parsed mapper file: 'file [/Volumes/ssd_2/All/wangrui/third-chatroom/SecondOfConcordance/schoolsell-master/Schoolsell/target/classes/mapper/CommodityMapper.xml]'
[2018-09-05 19:55:40] -- [DEBUG]:[org.mybatis.spring.SqlSessionFactoryBean] -- Parsed mapper file: 'file [/Volumes/ssd_2/All/wangrui/third-chatroom/SecondOfConcordance/schoolsell-master/Schoolsell/target/classes/mapper/FeedbackMapper.xml]'
[2018-09-05 19:55:40] -- [DEBUG]:[org.mybatis.spring.SqlSessionFactoryBean] -- Parsed mapper file: 'file [/Volumes/ssd_2/All/wangrui/third-chatroom/SecondOfConcordance/schoolsell-master/Schoolsell/target/classes/mapper/JubaoMapper.xml]'
[2018-09-05 19:58:14] -- [DEBUG]:[com.schoolsell.SchoolsellApplication] -- Running with Spring Boot v2.0.4.RELEASE, Spring v5.0.8.RELEASE
[2018-09-05 19:58:16] -- [DEBUG]:[org.mybatis.spring.mapper.ClassPathMapperScanner] -- Identified candidate component class: file [/Volumes/ssd_2/All/wangrui/third-chatroom/SecondOfConcordance/schoolsell-master/Schoolsell/target/classes/com/schoolsell/dao/AdministratorMapper.class]
[2018-09-05 19:58:16] -- [DEBUG]:[org.mybatis.spring.mapper.ClassPathMapperScanner] -- Identified candidate component class: file [/Volumes/ssd_2/All/wangrui/third-chatroom/SecondOfConcordance/schoolsell-master/Schoolsell/target/classes/com/schoolsell/dao/BigkindMapper.class]
[2018-09-05 19:58:16] -- [DEBUG]:[org.mybatis.spring.mapper.ClassPathMapperScanner] -- Identified candidate component class: file [/Volumes/ssd_2/All/wangrui/third-chatroom/SecondOfConcordance/schoolsell-master/Schoolsell/target/classes/com/schoolsell/dao/ChatreportMapper.class]
[2018-09-05 19:58:16] -- [DEBUG]:[org.mybatis.spring.mapper.ClassPathMapperScanner] -- Identified candidate component class: file [/Volumes/ssd_2/All/wangrui/third-chatroom/SecondOfConcordance/schoolsell-master/Schoolsell/target/classes/com/schoolsell/dao/CommodityMapper.class]
[2018-09-05 19:58:16] -- [DEBUG]:[org.mybatis.spring.mapper.ClassPathMapperScanner] -- Identified candidate component class: file [/Volumes/ssd_2/All/wangrui/third-chatroom/SecondOfConcordance/schoolsell-master/Schoolsell/target/classes/com/schoolsell/dao/FeedbackMapper.class]
[2018-09-05 19:58:16] -- [DEBUG]:[org.mybatis.spring.mapper.ClassPathMapperScanner] -- Identified candidate component class: file [/Volumes/ssd_2/All/wangrui/third-chatroom/SecondOfConcordance/schoolsell-master/Schoolsell/target/classes/com/schoolsell/dao/JubaoMapper.class]
[2018-09-05 19:58:16] -- [DEBUG]:[org.mybatis.spring.mapper.ClassPathMapperScanner] -- Identified candidate component class: file [/Volumes/ssd_2/All/wangrui/third-chatroom/SecondOfConcordance/schoolsell-master/Schoolsell/target/classes/com/schoolsell/dao/OrderMapper.class]
[2018-09-05 19:58:16] -- [DEBUG]:[org.mybatis.spring.mapper.ClassPathMapperScanner] -- Identified candidate component class: file [/Volumes/ssd_2/All/wangrui/third-chatroom/SecondOfConcordance/schoolsell-master/Schoolsell/target/classes/com/schoolsell/dao/OrdercommodityMapper.class]
[2018-09-05 19:58:16] -- [DEBUG]:[org.mybatis.spring.mapper.ClassPathMapperScanner] -- Identified candidate component class: file [/Volumes/ssd_2/All/wangrui/third-chatroom/SecondOfConcordance/schoolsell-master/Schoolsell/target/classes/com/schoolsell/dao/PictureMapper.class]
[2018-09-05 19:58:16] -- [DEBUG]:[org.mybatis.spring.mapper.ClassPathMapperScanner] -- Identified candidate component class: file [/Volumes/ssd_2/All/wangrui/third-chatroom/SecondOfConcordance/schoolsell-master/Schoolsell/target/classes/com/schoolsell/dao/ShopcarMapper.class]
[2018-09-05 19:58:16] -- [DEBUG]:[org.mybatis.spring.mapper.ClassPathMapperScanner] -- Identified candidate component class: file [/Volumes/ssd_2/All/wangrui/third-chatroom/SecondOfConcordance/schoolsell-master/Schoolsell/target/classes/com/schoolsell/dao/SmallkindMapper.class]
[2018-09-05 19:58:16] -- [DEBUG]:[org.mybatis.spring.mapper.ClassPathMapperScanner] -- Identified candidate component class: file [/Volumes/ssd_2/All/wangrui/third-chatroom/SecondOfConcordance/schoolsell-master/Schoolsell/target/classes/com/schoolsell/dao/UserMapper.class]
[2018-09-05 19:58:16] -- [DEBUG]:[org.mybatis.spring.mapper.ClassPathMapperScanner] -- Creating MapperFactoryBean with name 'administratorMapper' and 'com.schoolsell.dao.AdministratorMapper' mapperInterface
[2018-09-05 19:58:16] -- [DEBUG]:[org.mybatis.spring.mapper.ClassPathMapperScanner] -- Enabling autowire by type for MapperFactoryBean with name 'administratorMapper'.
[2018-09-05 19:58:16] -- [DEBUG]:[org.mybatis.spring.mapper.ClassPathMapperScanner] -- Creating MapperFactoryBean with name 'bigkindMapper' and 'com.schoolsell.dao.BigkindMapper' mapperInterface
[2018-09-05 19:58:16] -- [DEBUG]:[org.mybatis.spring.mapper.ClassPathMapperScanner] -- Enabling autowire by type for MapperFactoryBean with name 'bigkindMapper'.
[2018-09-05 19:58:16] -- [DEBUG]:[org.mybatis.spring.mapper.ClassPathMapperScanner] -- Creating MapperFactoryBean with name 'chatreportMapper' and 'com.schoolsell.dao.ChatreportMapper' mapperInterface
[2018-09-05 19:58:16] -- [DEBUG]:[org.mybatis.spring.mapper.ClassPathMapperScanner] -- Enabling autowire by type for MapperFactoryBean with name 'chatreportMapper'.
[2018-09-05 19:58:16] -- [DEBUG]:[org.mybatis.spring.mapper.ClassPathMapperScanner] -- Creating MapperFactoryBean with name 'commodityMapper' and 'com.schoolsell.dao.CommodityMapper' mapperInterface
[2018-09-05 19:58:16] -- [DEBUG]:[org.mybatis.spring.mapper.ClassPathMapperScanner] -- Enabling autowire by type for MapperFactoryBean with name 'commodityMapper'.
[2018-09-05 19:58:16] -- [DEBUG]:[org.mybatis.spring.mapper.ClassPathMapperScanner] -- Creating MapperFactoryBean with name 'feedbackMapper' and 'com.schoolsell.dao.FeedbackMapper' mapperInterface
[2018-09-05 19:58:16] -- [DEBUG]:[org.mybatis.spring.mapper.ClassPathMapperScanner] -- Enabling autowire by type for MapperFactoryBean with name 'feedbackMapper'.
[2018-09-05 19:58:16] -- [DEBUG]:[org.mybatis.spring.mapper.ClassPathMapperScanner] -- Creating MapperFactoryBean with name 'jubaoMapper' and 'com.schoolsell.dao.JubaoMapper' mapperInterface
[2018-09-05 19:58:16] -- [DEBUG]:[org.mybatis.spring.mapper.ClassPathMapperScanner] -- Enabling autowire by type for MapperFactoryBean with name 'jubaoMapper'.
[2018-09-05 19:58:16] -- [DEBUG]:[org.mybatis.spring.mapper.ClassPathMapperScanner] -- Creating MapperFactoryBean with name 'orderMapper' and 'com.schoolsell.dao.OrderMapper' mapperInterface
[2018-09-05 19:58:16] -- [DEBUG]:[org.mybatis.spring.mapper.ClassPathMapperScanner] -- Enabling autowire by type for MapperFactoryBean with name 'orderMapper'.
[2018-09-05 19:58:16] -- [DEBUG]:[org.mybatis.spring.mapper.ClassPathMapperScanner] -- Creating MapperFactoryBean with name 'ordercommodityMapper' and 'com.schoolsell.dao.OrdercommodityMapper' mapperInterface
[2018-09-05 19:58:16] -- [DEBUG]:[org.mybatis.spring.mapper.ClassPathMapperScanner] -- Enabling autowire by type for MapperFactoryBean with name 'ordercommodityMapper'.
[2018-09-05 19:58:16] -- [DEBUG]:[org.mybatis.spring.mapper.ClassPathMapperScanner] -- Creating MapperFactoryBean with name 'pictureMapper' and 'com.schoolsell.dao.PictureMapper' mapperInterface
[2018-09-05 19:58:16] -- [DEBUG]:[org.mybatis.spring.mapper.ClassPathMapperScanner] -- Enabling autowire by type for MapperFactoryBean with name 'pictureMapper'.
[2018-09-05 19:58:16] -- [DEBUG]:[org.mybatis.spring.mapper.ClassPathMapperScanner] -- Creating MapperFactoryBean with name 'shopcarMapper' and 'com.schoolsell.dao.ShopcarMapper' mapperInterface
[2018-09-05 19:58:16] -- [DEBUG]:[org.mybatis.spring.mapper.ClassPathMapperScanner] -- Enabling autowire by type for MapperFactoryBean with name 'shopcarMapper'.
[2018-09-05 19:58:16] -- [DEBUG]:[org.mybatis.spring.mapper.ClassPathMapperScanner] -- Creating MapperFactoryBean with name 'smallkindMapper' and 'com.schoolsell.dao.SmallkindMapper' mapperInterface
[2018-09-05 19:58:16] -- [DEBUG]:[org.mybatis.spring.mapper.ClassPathMapperScanner] -- Enabling autowire by type for MapperFactoryBean with name 'smallkindMapper'.
[2018-09-05 19:58:16] -- [DEBUG]:[org.mybatis.spring.mapper.ClassPathMapperScanner] -- Creating MapperFactoryBean with name 'userMapper' and 'com.schoolsell.dao.UserMapper' mapperInterface
[2018-09-05 19:58:16] -- [DEBUG]:[org.mybatis.spring.mapper.ClassPathMapperScanner] -- Enabling autowire by type for MapperFactoryBean with name 'userMapper'.
[2018-09-05 19:58:31] -- [DEBUG]:[com.schoolsell.SchoolsellApplication] -- Running with Spring Boot v2.0.4.RELEASE, Spring v5.0.8.RELEASE
[2018-09-05 19:58:32] -- [DEBUG]:[org.mybatis.spring.mapper.ClassPathMapperScanner] -- Identified candidate component class: file [/Volumes/ssd_2/All/wangrui/third-chatroom/SecondOfConcordance/schoolsell-master/Schoolsell/target/classes/com/schoolsell/dao/AdministratorMapper.class]
[2018-09-05 19:58:32] -- [DEBUG]:[org.mybatis.spring.mapper.ClassPathMapperScanner] -- Identified candidate component class: file [/Volumes/ssd_2/All/wangrui/third-chatroom/SecondOfConcordance/schoolsell-master/Schoolsell/target/classes/com/schoolsell/dao/BigkindMapper.class]
[2018-09-05 19:58:32] -- [DEBUG]:[org.mybatis.spring.mapper.ClassPathMapperScanner] -- Identified candidate component class: file [/Volumes/ssd_2/All/wangrui/third-chatroom/SecondOfConcordance/schoolsell-master/Schoolsell/target/classes/com/schoolsell/dao/ChatreportMapper.class]
[2018-09-05 19:58:32] -- [DEBUG]:[org.mybatis.spring.mapper.ClassPathMapperScanner] -- Identified candidate component class: file [/Volumes/ssd_2/All/wangrui/third-chatroom/SecondOfConcordance/schoolsell-master/Schoolsell/target/classes/com/schoolsell/dao/CommodityMapper.class]
[2018-09-05 19:58:32] -- [DEBUG]:[org.mybatis.spring.mapper.ClassPathMapperScanner] -- Identified candidate component class: file [/Volumes/ssd_2/All/wangrui/third-chatroom/SecondOfConcordance/schoolsell-master/Schoolsell/target/classes/com/schoolsell/dao/FeedbackMapper.class]
[2018-09-05 19:58:32] -- [DEBUG]:[org.mybatis.spring.mapper.ClassPathMapperScanner] -- Identified candidate component class: file [/Volumes/ssd_2/All/wangrui/third-chatroom/SecondOfConcordance/schoolsell-master/Schoolsell/target/classes/com/schoolsell/dao/JubaoMapper.class]
[2018-09-05 19:58:32] -- [DEBUG]:[org.mybatis.spring.mapper.ClassPathMapperScanner] -- Identified candidate component class: file [/Volumes/ssd_2/All/wangrui/third-chatroom/SecondOfConcordance/schoolsell-master/Schoolsell/target/classes/com/schoolsell/dao/OrderMapper.class]
[2018-09-05 19:58:32] -- [DEBUG]:[org.mybatis.spring.mapper.ClassPathMapperScanner] -- Identified candidate component class: file [/Volumes/ssd_2/All/wangrui/third-chatroom/SecondOfConcordance/schoolsell-master/Schoolsell/target/classes/com/schoolsell/dao/OrdercommodityMapper.class]
[2018-09-05 19:58:32] -- [DEBUG]:[org.mybatis.spring.mapper.ClassPathMapperScanner] -- Identified candidate component class: file [/Volumes/ssd_2/All/wangrui/third-chatroom/SecondOfConcordance/schoolsell-master/Schoolsell/target/classes/com/schoolsell/dao/PictureMapper.class]
[2018-09-05 19:58:32] -- [DEBUG]:[org.mybatis.spring.mapper.ClassPathMapperScanner] -- Identified candidate component class: file [/Volumes/ssd_2/All/wangrui/third-chatroom/SecondOfConcordance/schoolsell-master/Schoolsell/target/classes/com/schoolsell/dao/ShopcarMapper.class]
[2018-09-05 19:58:32] -- [DEBUG]:[org.mybatis.spring.mapper.ClassPathMapperScanner] -- Identified candidate component class: file [/Volumes/ssd_2/All/wangrui/third-chatroom/SecondOfConcordance/schoolsell-master/Schoolsell/target/classes/com/schoolsell/dao/SmallkindMapper.class]
[2018-09-05 19:58:32] -- [DEBUG]:[org.mybatis.spring.mapper.ClassPathMapperScanner] -- Identified candidate component class: file [/Volumes/ssd_2/All/wangrui/third-chatroom/SecondOfConcordance/schoolsell-master/Schoolsell/target/classes/com/schoolsell/dao/UserMapper.class]
[2018-09-05 19:58:32] -- [DEBUG]:[org.mybatis.spring.mapper.ClassPathMapperScanner] -- Creating MapperFactoryBean with name 'administratorMapper' and 'com.schoolsell.dao.AdministratorMapper' mapperInterface
[2018-09-05 19:58:32] -- [DEBUG]:[org.mybatis.spring.mapper.ClassPathMapperScanner] -- Enabling autowire by type for MapperFactoryBean with name 'administratorMapper'.
[2018-09-05 19:58:32] -- [DEBUG]:[org.mybatis.spring.mapper.ClassPathMapperScanner] -- Creating MapperFactoryBean with name 'bigkindMapper' and 'com.schoolsell.dao.BigkindMapper' mapperInterface
[2018-09-05 19:58:32] -- [DEBUG]:[org.mybatis.spring.mapper.ClassPathMapperScanner] -- Enabling autowire by type for MapperFactoryBean with name 'bigkindMapper'.
[2018-09-05 19:58:32] -- [DEBUG]:[org.mybatis.spring.mapper.ClassPathMapperScanner] -- Creating MapperFactoryBean with name 'chatreportMapper' and 'com.schoolsell.dao.ChatreportMapper' mapperInterface
[2018-09-05 19:58:32] -- [DEBUG]:[org.mybatis.spring.mapper.ClassPathMapperScanner] -- Enabling autowire by type for MapperFactoryBean with name 'chatreportMapper'.
[2018-09-05 19:58:32] -- [DEBUG]:[org.mybatis.spring.mapper.ClassPathMapperScanner] -- Creating MapperFactoryBean with name 'commodityMapper' and 'com.schoolsell.dao.CommodityMapper' mapperInterface
[2018-09-05 19:58:32] -- [DEBUG]:[org.mybatis.spring.mapper.ClassPathMapperScanner] -- Enabling autowire by type for MapperFactoryBean with name 'commodityMapper'.
[2018-09-05 19:58:32] -- [DEBUG]:[org.mybatis.spring.mapper.ClassPathMapperScanner] -- Creating MapperFactoryBean with name 'feedbackMapper' and 'com.schoolsell.dao.FeedbackMapper' mapperInterface
[2018-09-05 19:58:32] -- [DEBUG]:[org.mybatis.spring.mapper.ClassPathMapperScanner] -- Enabling autowire by type for MapperFactoryBean with name 'feedbackMapper'.
[2018-09-05 19:58:32] -- [DEBUG]:[org.mybatis.spring.mapper.ClassPathMapperScanner] -- Creating MapperFactoryBean with name 'jubaoMapper' and 'com.schoolsell.dao.JubaoMapper' mapperInterface
[2018-09-05 19:58:32] -- [DEBUG]:[org.mybatis.spring.mapper.ClassPathMapperScanner] -- Enabling autowire by type for MapperFactoryBean with name 'jubaoMapper'.
[2018-09-05 19:58:32] -- [DEBUG]:[org.mybatis.spring.mapper.ClassPathMapperScanner] -- Creating MapperFactoryBean with name 'orderMapper' and 'com.schoolsell.dao.OrderMapper' mapperInterface
[2018-09-05 19:58:32] -- [DEBUG]:[org.mybatis.spring.mapper.ClassPathMapperScanner] -- Enabling autowire by type for MapperFactoryBean with name 'orderMapper'.
[2018-09-05 19:58:32] -- [DEBUG]:[org.mybatis.spring.mapper.ClassPathMapperScanner] -- Creating MapperFactoryBean with name 'ordercommodityMapper' and 'com.schoolsell.dao.OrdercommodityMapper' mapperInterface
[2018-09-05 19:58:32] -- [DEBUG]:[org.mybatis.spring.mapper.ClassPathMapperScanner] -- Enabling autowire by type for MapperFactoryBean with name 'ordercommodityMapper'.
[2018-09-05 19:58:32] -- [DEBUG]:[org.mybatis.spring.mapper.ClassPathMapperScanner] -- Creating MapperFactoryBean with name 'pictureMapper' and 'com.schoolsell.dao.PictureMapper' mapperInterface
[2018-09-05 19:58:32] -- [DEBUG]:[org.mybatis.spring.mapper.ClassPathMapperScanner] -- Enabling autowire by type for MapperFactoryBean with name 'pictureMapper'.
[2018-09-05 19:58:32] -- [DEBUG]:[org.mybatis.spring.mapper.ClassPathMapperScanner] -- Creating MapperFactoryBean with name 'shopcarMapper' and 'com.schoolsell.dao.ShopcarMapper' mapperInterface
[2018-09-05 19:58:32] -- [DEBUG]:[org.mybatis.spring.mapper.ClassPathMapperScanner] -- Enabling autowire by type for MapperFactoryBean with name 'shopcarMapper'.
[2018-09-05 19:58:32] -- [DEBUG]:[org.mybatis.spring.mapper.ClassPathMapperScanner] -- Creating MapperFactoryBean with name 'smallkindMapper' and 'com.schoolsell.dao.SmallkindMapper' mapperInterface
[2018-09-05 19:58:32] -- [DEBUG]:[org.mybatis.spring.mapper.ClassPathMapperScanner] -- Enabling autowire by type for MapperFactoryBean with name 'smallkindMapper'.
[2018-09-05 19:58:32] -- [DEBUG]:[org.mybatis.spring.mapper.ClassPathMapperScanner] -- Creating MapperFactoryBean with name 'userMapper' and 'com.schoolsell.dao.UserMapper' mapperInterface
[2018-09-05 19:58:32] -- [DEBUG]:[org.mybatis.spring.mapper.ClassPathMapperScanner] -- Enabling autowire by type for MapperFactoryBean with name 'userMapper'.
[2018-09-05 19:58:34] -- [DEBUG]:[com.zaxxer.hikari.HikariConfig] -- Driver class com.mysql.jdbc.Driver found in Thread context class loader sun.misc.Launcher$AppClassLoader@18b4aac2
[2018-09-05 19:58:34] -- [DEBUG]:[org.apache.ibatis.logging.LogFactory] -- Logging initialized using 'class org.apache.ibatis.logging.slf4j.Slf4jImpl' adapter.
[2018-09-05 19:58:34] -- [DEBUG]:[org.apache.ibatis.io.VFS] -- Using VFS adapter org.mybatis.spring.boot.autoconfigure.SpringBootVFS
[2018-09-05 19:58:34] -- [DEBUG]:[org.apache.ibatis.io.ResolverUtil] -- Checking to see if class com.schoolsell.entity.Administrator matches criteria [is assignable to Object]
[2018-09-05 19:58:34] -- [DEBUG]:[org.apache.ibatis.io.ResolverUtil] -- Checking to see if class com.schoolsell.entity.Bigkind matches criteria [is assignable to Object]
[2018-09-05 19:58:34] -- [DEBUG]:[org.apache.ibatis.io.ResolverUtil] -- Checking to see if class com.schoolsell.entity.Chatreport matches criteria [is assignable to Object]
[2018-09-05 19:58:34] -- [DEBUG]:[org.apache.ibatis.io.ResolverUtil] -- Checking to see if class com.schoolsell.entity.Commodity matches criteria [is assignable to Object]
[2018-09-05 19:58:34] -- [DEBUG]:[org.apache.ibatis.io.ResolverUtil] -- Checking to see if class com.schoolsell.entity.Feedback matches criteria [is assignable to Object]
[2018-09-05 19:58:34] -- [DEBUG]:[org.apache.ibatis.io.ResolverUtil] -- Checking to see if class com.schoolsell.entity.Jubao matches criteria [is assignable to Object]
[2018-09-05 19:58:34] -- [DEBUG]:[org.apache.ibatis.io.ResolverUtil] -- Checking to see if class com.schoolsell.entity.Order matches criteria [is assignable to Object]
[2018-09-05 19:58:34] -- [DEBUG]:[org.apache.ibatis.io.ResolverUtil] -- Checking to see if class com.schoolsell.entity.Ordercommodity matches criteria [is assignable to Object]
[2018-09-05 19:58:34] -- [DEBUG]:[org.apache.ibatis.io.ResolverUtil] -- Checking to see if class com.schoolsell.entity.Picture matches criteria [is assignable to Object]
[2018-09-05 19:58:34] -- [DEBUG]:[org.apache.ibatis.io.ResolverUtil] -- Checking to see if class com.schoolsell.entity.Shopcar matches criteria [is assignable to Object]
[2018-09-05 19:58:34] -- [DEBUG]:[org.apache.ibatis.io.ResolverUtil] -- Checking to see if class com.schoolsell.entity.Smallkind matches criteria [is assignable to Object]
[2018-09-05 19:58:34] -- [DEBUG]:[org.apache.ibatis.io.ResolverUtil] -- Checking to see if class com.schoolsell.entity.User matches criteria [is assignable to Object]
[2018-09-05 19:58:34] -- [DEBUG]:[org.apache.ibatis.io.ResolverUtil] -- Checking to see if class com.schoolsell.entity.other.PictureCount matches criteria [is assignable to Object]
[2018-09-05 19:58:34] -- [DEBUG]:[org.mybatis.spring.SqlSessionFactoryBean] -- Scanned package: 'com.schoolsell.entity' for aliases
[2018-09-05 19:58:34] -- [DEBUG]:[org.mybatis.spring.SqlSessionFactoryBean] -- Parsed mapper file: 'file [/Volumes/ssd_2/All/wangrui/third-chatroom/SecondOfConcordance/schoolsell-master/Schoolsell/target/classes/mapper/AdministratorMapper.xml]'
[2018-09-05 19:58:34] -- [DEBUG]:[org.mybatis.spring.SqlSessionFactoryBean] -- Parsed mapper file: 'file [/Volumes/ssd_2/All/wangrui/third-chatroom/SecondOfConcordance/schoolsell-master/Schoolsell/target/classes/mapper/BigkindMapper.xml]'
[2018-09-05 19:58:34] -- [DEBUG]:[org.mybatis.spring.SqlSessionFactoryBean] -- Parsed mapper file: 'file [/Volumes/ssd_2/All/wangrui/third-chatroom/SecondOfConcordance/schoolsell-master/Schoolsell/target/classes/mapper/ChatreportMapper.xml]'
[2018-09-05 19:58:34] -- [DEBUG]:[org.mybatis.spring.SqlSessionFactoryBean] -- Parsed mapper file: 'file [/Volumes/ssd_2/All/wangrui/third-chatroom/SecondOfConcordance/schoolsell-master/Schoolsell/target/classes/mapper/CommodityMapper.xml]'
[2018-09-05 19:58:34] -- [DEBUG]:[org.mybatis.spring.SqlSessionFactoryBean] -- Parsed mapper file: 'file [/Volumes/ssd_2/All/wangrui/third-chatroom/SecondOfConcordance/schoolsell-master/Schoolsell/target/classes/mapper/FeedbackMapper.xml]'
[2018-09-05 19:58:34] -- [DEBUG]:[org.mybatis.spring.SqlSessionFactoryBean] -- Parsed mapper file: 'file [/Volumes/ssd_2/All/wangrui/third-chatroom/SecondOfConcordance/schoolsell-master/Schoolsell/target/classes/mapper/JubaoMapper.xml]'
[2018-09-05 19:58:34] -- [DEBUG]:[org.mybatis.spring.SqlSessionFactoryBean] -- Parsed mapper file: 'file [/Volumes/ssd_2/All/wangrui/third-chatroom/SecondOfConcordance/schoolsell-master/Schoolsell/target/classes/mapper/OrderMapper.xml]'
[2018-09-05 19:58:34] -- [DEBUG]:[org.mybatis.spring.SqlSessionFactoryBean] -- Parsed mapper file: 'file [/Volumes/ssd_2/All/wangrui/third-chatroom/SecondOfConcordance/schoolsell-master/Schoolsell/target/classes/mapper/OrdercommodityMapper.xml]'
[2018-09-05 19:58:34] -- [DEBUG]:[org.mybatis.spring.SqlSessionFactoryBean] -- Parsed mapper file: 'file [/Volumes/ssd_2/All/wangrui/third-chatroom/SecondOfConcordance/schoolsell-master/Schoolsell/target/classes/mapper/PictureMapper.xml]'
[2018-09-05 19:58:34] -- [DEBUG]:[org.mybatis.spring.SqlSessionFactoryBean] -- Parsed mapper file: 'file [/Volumes/ssd_2/All/wangrui/third-chatroom/SecondOfConcordance/schoolsell-master/Schoolsell/target/classes/mapper/ShopcarMapper.xml]'
[2018-09-05 19:58:34] -- [DEBUG]:[org.mybatis.spring.SqlSessionFactoryBean] -- Parsed mapper file: 'file [/Volumes/ssd_2/All/wangrui/third-chatroom/SecondOfConcordance/schoolsell-master/Schoolsell/target/classes/mapper/SmallkindMapper.xml]'
[2018-09-05 19:58:34] -- [DEBUG]:[org.mybatis.spring.SqlSessionFactoryBean] -- Parsed mapper file: 'file [/Volumes/ssd_2/All/wangrui/third-chatroom/SecondOfConcordance/schoolsell-master/Schoolsell/target/classes/mapper/UserMapper.xml]'
