[2018-09-12 15:07:49] -- [INFO ]:[com.schoolsell.SchoolsellApplication] -- Starting SchoolsellApplication on xinyundeMacBook-Pro.local with PID 2228 (/Volumes/ssd_2/Test/forth_NoOrder/Schoolsell/target/classes started by xinyun in /Volumes/ssd_2/Test/forth_NoOrder/Schoolsell)
[2018-09-12 15:07:49] -- [INFO ]:[com.schoolsell.SchoolsellApplication] -- No active profile set, falling back to default profiles: default
[2018-09-12 15:07:52] -- [INFO ]:[org.apache.coyote.http11.Http11NioProtocol] -- Initializing ProtocolHandler ["http-nio-8080"]
[2018-09-12 15:07:52] -- [INFO ]:[org.apache.catalina.core.StandardService] -- Starting service [Tomcat]
[2018-09-12 15:07:52] -- [INFO ]:[org.apache.catalina.core.StandardEngine] -- Starting Servlet Engine: Apache Tomcat/8.5.32
[2018-09-12 15:07:52] -- [INFO ]:[org.apache.catalina.core.AprLifecycleListener] -- The APR based Apache Tomcat Native library which allows optimal performance in production environments was not found on the java.library.path: [/Users/xinyun/Library/Java/Extensions:/Library/Java/Extensions:/Network/Library/Java/Extensions:/System/Library/Java/Extensions:/usr/lib/java:.]
[2018-09-12 15:07:52] -- [INFO ]:[org.apache.catalina.core.ContainerBase.[Tomcat].[localhost].[/]] -- Initializing Spring embedded WebApplicationContext
[2018-09-12 15:07:54] -- [INFO ]:[org.apache.coyote.http11.Http11NioProtocol] -- Starting ProtocolHandler ["http-nio-8080"]
[2018-09-12 15:07:54] -- [INFO ]:[com.schoolsell.SchoolsellApplication] -- Started SchoolsellApplication in 6.272 seconds (JVM running for 7.816)
[2018-09-12 15:23:29] -- [INFO ]:[com.schoolsell.SchoolsellApplication] -- Starting SchoolsellApplication on xinyundeMacBook-Pro.local with PID 2303 (/Volumes/ssd_2/Test/forth_NoOrder/Schoolsell/target/classes started by xinyun in /Volumes/ssd_2/Test/forth_NoOrder/Schoolsell)
[2018-09-12 15:23:29] -- [INFO ]:[com.schoolsell.SchoolsellApplication] -- No active profile set, falling back to default profiles: default
[2018-09-12 15:23:31] -- [INFO ]:[org.apache.coyote.http11.Http11NioProtocol] -- Initializing ProtocolHandler ["http-nio-8080"]
[2018-09-12 15:23:31] -- [INFO ]:[org.apache.catalina.core.StandardService] -- Starting service [Tomcat]
[2018-09-12 15:23:31] -- [INFO ]:[org.apache.catalina.core.StandardEngine] -- Starting Servlet Engine: Apache Tomcat/8.5.32
[2018-09-12 15:23:31] -- [INFO ]:[org.apache.catalina.core.AprLifecycleListener] -- The APR based Apache Tomcat Native library which allows optimal performance in production environments was not found on the java.library.path: [/Users/xinyun/Library/Java/Extensions:/Library/Java/Extensions:/Network/Library/Java/Extensions:/System/Library/Java/Extensions:/usr/lib/java:.]
[2018-09-12 15:23:31] -- [INFO ]:[org.apache.catalina.core.ContainerBase.[Tomcat].[localhost].[/]] -- Initializing Spring embedded WebApplicationContext
[2018-09-12 15:23:33] -- [INFO ]:[org.apache.coyote.http11.Http11NioProtocol] -- Starting ProtocolHandler ["http-nio-8080"]
[2018-09-12 15:23:33] -- [INFO ]:[com.schoolsell.SchoolsellApplication] -- Started SchoolsellApplication in 4.662 seconds (JVM running for 5.766)
[2018-09-12 15:30:07] -- [INFO ]:[com.schoolsell.SchoolsellApplication] -- Starting SchoolsellApplication on xinyundeMacBook-Pro.local with PID 2337 (/Volumes/ssd_2/All/wangrui/five-ChangeTable/Schoolsell/target/classes started by xinyun in /Volumes/ssd_2/All/wangrui/five-ChangeTable/Schoolsell)
[2018-09-12 15:30:07] -- [INFO ]:[com.schoolsell.SchoolsellApplication] -- No active profile set, falling back to default profiles: default
[2018-09-12 15:30:09] -- [INFO ]:[org.apache.coyote.http11.Http11NioProtocol] -- Initializing ProtocolHandler ["http-nio-8080"]
[2018-09-12 15:30:09] -- [INFO ]:[org.apache.catalina.core.StandardService] -- Starting service [Tomcat]
[2018-09-12 15:30:09] -- [INFO ]:[org.apache.catalina.core.StandardEngine] -- Starting Servlet Engine: Apache Tomcat/8.5.32
[2018-09-12 15:30:09] -- [INFO ]:[org.apache.catalina.core.AprLifecycleListener] -- The APR based Apache Tomcat Native library which allows optimal performance in production environments was not found on the java.library.path: [/Users/xinyun/Library/Java/Extensions:/Library/Java/Extensions:/Network/Library/Java/Extensions:/System/Library/Java/Extensions:/usr/lib/java:.]
[2018-09-12 15:30:09] -- [INFO ]:[org.apache.catalina.core.ContainerBase.[Tomcat].[localhost].[/]] -- Initializing Spring embedded WebApplicationContext
[2018-09-12 15:30:11] -- [INFO ]:[org.apache.coyote.http11.Http11NioProtocol] -- Starting ProtocolHandler ["http-nio-8080"]
[2018-09-12 15:30:11] -- [INFO ]:[com.schoolsell.SchoolsellApplication] -- Started SchoolsellApplication in 6.327 seconds (JVM running for 7.684)
