[2018-09-03 13:30:52] -- [INFO ]:[com.schoolsell.SchoolsellApplication] -- Starting SchoolsellApplication on xinyundeMacBook-Pro.local with PID 8899 (/Volumes/ssd_2/All/wangrui/third-chatroom/SecondOfConcordance/schoolsell-master/mySchoolsell/target/classes started by xinyun in /Volumes/ssd_2/All/wangrui/third-chatroom/SecondOfConcordance/schoolsell-master/mySchoolsell)
[2018-09-03 13:30:52] -- [INFO ]:[com.schoolsell.SchoolsellApplication] -- No active profile set, falling back to default profiles: default
[2018-09-03 13:30:55] -- [INFO ]:[org.apache.coyote.http11.Http11NioProtocol] -- Initializing ProtocolHandler ["http-nio-8080"]
[2018-09-03 13:30:55] -- [INFO ]:[org.apache.catalina.core.StandardService] -- Starting service [Tomcat]
[2018-09-03 13:30:55] -- [INFO ]:[org.apache.catalina.core.StandardEngine] -- Starting Servlet Engine: Apache Tomcat/8.5.32
[2018-09-03 13:30:55] -- [INFO ]:[org.apache.catalina.core.AprLifecycleListener] -- The APR based Apache Tomcat Native library which allows optimal performance in production environments was not found on the java.library.path: [/Users/xinyun/Library/Java/Extensions:/Library/Java/Extensions:/Network/Library/Java/Extensions:/System/Library/Java/Extensions:/usr/lib/java:.]
[2018-09-03 13:30:56] -- [INFO ]:[org.apache.catalina.core.ContainerBase.[Tomcat].[localhost].[/]] -- Initializing Spring embedded WebApplicationContext
[2018-09-03 13:30:58] -- [INFO ]:[org.apache.coyote.http11.Http11NioProtocol] -- Starting ProtocolHandler ["http-nio-8080"]
[2018-09-03 13:30:58] -- [INFO ]:[com.schoolsell.SchoolsellApplication] -- Started SchoolsellApplication in 7.147 seconds (JVM running for 9.308)
[2018-09-03 13:31:42] -- [INFO ]:[org.apache.catalina.core.ContainerBase.[Tomcat].[localhost].[/]] -- Initializing Spring FrameworkServlet 'dispatcherServlet'
[2018-09-03 13:31:42] -- [INFO ]:[com.zaxxer.hikari.HikariDataSource] -- HikariPool-1 - Starting...
[2018-09-03 13:31:42] -- [INFO ]:[com.zaxxer.hikari.HikariDataSource] -- HikariPool-1 - Start completed.
[2018-09-03 13:42:29] -- [INFO ]:[com.zaxxer.hikari.HikariDataSource] -- HikariPool-1 - Shutdown initiated...
[2018-09-03 13:42:29] -- [INFO ]:[com.zaxxer.hikari.HikariDataSource] -- HikariPool-1 - Shutdown completed.
[2018-09-03 19:12:19] -- [INFO ]:[com.schoolsell.SchoolsellApplication] -- Starting SchoolsellApplication on xinyundeMacBook-Pro.local with PID 9755 (/Volumes/ssd_2/All/wangrui/third-chatroom/SecondOfConcordance/schoolsell-master/Schoolsell/target/classes started by xinyun in /Volumes/ssd_2/All/wangrui/third-chatroom/SecondOfConcordance/schoolsell-master/Schoolsell)
[2018-09-03 19:12:19] -- [INFO ]:[com.schoolsell.SchoolsellApplication] -- No active profile set, falling back to default profiles: default
[2018-09-03 19:12:21] -- [INFO ]:[org.apache.coyote.http11.Http11NioProtocol] -- Initializing ProtocolHandler ["http-nio-8080"]
[2018-09-03 19:12:21] -- [INFO ]:[org.apache.catalina.core.StandardService] -- Starting service [Tomcat]
[2018-09-03 19:12:21] -- [INFO ]:[org.apache.catalina.core.StandardEngine] -- Starting Servlet Engine: Apache Tomcat/8.5.32
[2018-09-03 19:12:21] -- [INFO ]:[org.apache.catalina.core.AprLifecycleListener] -- The APR based Apache Tomcat Native library which allows optimal performance in production environments was not found on the java.library.path: [/Users/xinyun/Library/Java/Extensions:/Library/Java/Extensions:/Network/Library/Java/Extensions:/System/Library/Java/Extensions:/usr/lib/java:.]
[2018-09-03 19:12:21] -- [INFO ]:[org.apache.catalina.core.ContainerBase.[Tomcat].[localhost].[/]] -- Initializing Spring embedded WebApplicationContext
[2018-09-03 19:12:23] -- [INFO ]:[org.apache.coyote.http11.Http11NioProtocol] -- Starting ProtocolHandler ["http-nio-8080"]
[2018-09-03 19:12:23] -- [INFO ]:[com.schoolsell.SchoolsellApplication] -- Started SchoolsellApplication in 4.986 seconds (JVM running for 6.434)
[2018-09-03 19:14:27] -- [INFO ]:[org.apache.catalina.core.ContainerBase.[Tomcat].[localhost].[/]] -- Initializing Spring FrameworkServlet 'dispatcherServlet'
[2018-09-03 19:14:27] -- [INFO ]:[com.zaxxer.hikari.HikariDataSource] -- HikariPool-1 - Starting...
[2018-09-03 19:14:28] -- [INFO ]:[com.zaxxer.hikari.HikariDataSource] -- HikariPool-1 - Start completed.
[2018-09-03 19:20:05] -- [INFO ]:[com.zaxxer.hikari.HikariDataSource] -- HikariPool-1 - Shutdown initiated...
[2018-09-03 19:20:05] -- [INFO ]:[com.zaxxer.hikari.HikariDataSource] -- HikariPool-1 - Shutdown completed.
[2018-09-03 19:33:50] -- [INFO ]:[com.schoolsell.SchoolsellApplication] -- Starting SchoolsellApplication on xinyundeMacBook-Pro.local with PID 9840 (/Volumes/ssd_2/All/wangrui/third-chatroom/SecondOfConcordance/schoolsell-master/Schoolsell/target/classes started by xinyun in /Volumes/ssd_2/All/wangrui/third-chatroom/SecondOfConcordance/schoolsell-master/Schoolsell)
[2018-09-03 19:33:50] -- [INFO ]:[com.schoolsell.SchoolsellApplication] -- No active profile set, falling back to default profiles: default
[2018-09-03 19:33:53] -- [INFO ]:[org.apache.coyote.http11.Http11NioProtocol] -- Initializing ProtocolHandler ["http-nio-8080"]
[2018-09-03 19:33:53] -- [INFO ]:[org.apache.catalina.core.StandardService] -- Starting service [Tomcat]
[2018-09-03 19:33:53] -- [INFO ]:[org.apache.catalina.core.StandardEngine] -- Starting Servlet Engine: Apache Tomcat/8.5.32
[2018-09-03 19:33:53] -- [INFO ]:[org.apache.catalina.core.AprLifecycleListener] -- The APR based Apache Tomcat Native library which allows optimal performance in production environments was not found on the java.library.path: [/Users/xinyun/Library/Java/Extensions:/Library/Java/Extensions:/Network/Library/Java/Extensions:/System/Library/Java/Extensions:/usr/lib/java:.]
[2018-09-03 19:33:53] -- [INFO ]:[org.apache.catalina.core.ContainerBase.[Tomcat].[localhost].[/]] -- Initializing Spring embedded WebApplicationContext
[2018-09-03 19:33:54] -- [INFO ]:[org.apache.coyote.http11.Http11NioProtocol] -- Starting ProtocolHandler ["http-nio-8080"]
[2018-09-03 19:33:54] -- [INFO ]:[com.schoolsell.SchoolsellApplication] -- Started SchoolsellApplication in 5.071 seconds (JVM running for 6.356)
[2018-09-03 19:34:24] -- [INFO ]:[org.apache.catalina.core.ContainerBase.[Tomcat].[localhost].[/]] -- Initializing Spring FrameworkServlet 'dispatcherServlet'
[2018-09-03 19:34:24] -- [INFO ]:[com.zaxxer.hikari.HikariDataSource] -- HikariPool-1 - Starting...
[2018-09-03 19:34:24] -- [INFO ]:[com.zaxxer.hikari.HikariDataSource] -- HikariPool-1 - Start completed.
[2018-09-03 19:38:15] -- [INFO ]:[com.zaxxer.hikari.HikariDataSource] -- HikariPool-1 - Shutdown initiated...
[2018-09-03 19:38:15] -- [INFO ]:[com.zaxxer.hikari.HikariDataSource] -- HikariPool-1 - Shutdown completed.
[2018-09-03 19:38:52] -- [INFO ]:[com.schoolsell.SchoolsellApplication] -- Starting SchoolsellApplication on xinyundeMacBook-Pro.local with PID 9869 (/Volumes/ssd_2/All/wangrui/third-chatroom/SecondOfConcordance/schoolsell-master/Schoolsell/target/classes started by xinyun in /Volumes/ssd_2/All/wangrui/third-chatroom/SecondOfConcordance/schoolsell-master/Schoolsell)
[2018-09-03 19:38:52] -- [INFO ]:[com.schoolsell.SchoolsellApplication] -- No active profile set, falling back to default profiles: default
[2018-09-03 19:38:56] -- [INFO ]:[org.apache.coyote.http11.Http11NioProtocol] -- Initializing ProtocolHandler ["http-nio-8080"]
[2018-09-03 19:38:56] -- [INFO ]:[org.apache.catalina.core.StandardService] -- Starting service [Tomcat]
[2018-09-03 19:38:56] -- [INFO ]:[org.apache.catalina.core.StandardEngine] -- Starting Servlet Engine: Apache Tomcat/8.5.32
[2018-09-03 19:38:56] -- [INFO ]:[org.apache.catalina.core.AprLifecycleListener] -- The APR based Apache Tomcat Native library which allows optimal performance in production environments was not found on the java.library.path: [/Users/xinyun/Library/Java/Extensions:/Library/Java/Extensions:/Network/Library/Java/Extensions:/System/Library/Java/Extensions:/usr/lib/java:.]
[2018-09-03 19:38:56] -- [INFO ]:[org.apache.catalina.core.ContainerBase.[Tomcat].[localhost].[/]] -- Initializing Spring embedded WebApplicationContext
[2018-09-03 19:38:58] -- [INFO ]:[org.apache.coyote.http11.Http11NioProtocol] -- Starting ProtocolHandler ["http-nio-8080"]
[2018-09-03 19:38:58] -- [INFO ]:[com.schoolsell.SchoolsellApplication] -- Started SchoolsellApplication in 7.265 seconds (JVM running for 8.911)
[2018-09-03 19:39:40] -- [INFO ]:[org.apache.catalina.core.ContainerBase.[Tomcat].[localhost].[/]] -- Initializing Spring FrameworkServlet 'dispatcherServlet'
[2018-09-03 19:39:40] -- [INFO ]:[com.zaxxer.hikari.HikariDataSource] -- HikariPool-1 - Starting...
[2018-09-03 19:39:41] -- [INFO ]:[com.zaxxer.hikari.HikariDataSource] -- HikariPool-1 - Start completed.
[2018-09-03 19:40:53] -- [INFO ]:[com.zaxxer.hikari.HikariDataSource] -- HikariPool-1 - Shutdown initiated...
[2018-09-03 19:40:53] -- [INFO ]:[com.zaxxer.hikari.HikariDataSource] -- HikariPool-1 - Shutdown completed.
[2018-09-03 19:55:16] -- [INFO ]:[com.schoolsell.SchoolsellApplication] -- Starting SchoolsellApplication on xinyundeMacBook-Pro.local with PID 9944 (/Volumes/ssd_2/All/wangrui/third-chatroom/SecondOfConcordance/schoolsell-master/Schoolsell/target/classes started by xinyun in /Volumes/ssd_2/All/wangrui/third-chatroom/SecondOfConcordance/schoolsell-master/Schoolsell)
[2018-09-03 19:55:16] -- [INFO ]:[com.schoolsell.SchoolsellApplication] -- No active profile set, falling back to default profiles: default
[2018-09-03 19:55:19] -- [INFO ]:[org.apache.coyote.http11.Http11NioProtocol] -- Initializing ProtocolHandler ["http-nio-8080"]
[2018-09-03 19:55:19] -- [INFO ]:[org.apache.catalina.core.StandardService] -- Starting service [Tomcat]
[2018-09-03 19:55:19] -- [INFO ]:[org.apache.catalina.core.StandardEngine] -- Starting Servlet Engine: Apache Tomcat/8.5.32
[2018-09-03 19:55:19] -- [INFO ]:[org.apache.catalina.core.AprLifecycleListener] -- The APR based Apache Tomcat Native library which allows optimal performance in production environments was not found on the java.library.path: [/Users/xinyun/Library/Java/Extensions:/Library/Java/Extensions:/Network/Library/Java/Extensions:/System/Library/Java/Extensions:/usr/lib/java:.]
[2018-09-03 19:55:19] -- [INFO ]:[org.apache.catalina.core.ContainerBase.[Tomcat].[localhost].[/]] -- Initializing Spring embedded WebApplicationContext
[2018-09-03 19:55:21] -- [INFO ]:[org.apache.coyote.http11.Http11NioProtocol] -- Starting ProtocolHandler ["http-nio-8080"]
[2018-09-03 19:55:21] -- [INFO ]:[com.schoolsell.SchoolsellApplication] -- Started SchoolsellApplication in 6.782 seconds (JVM running for 8.186)
[2018-09-03 19:55:30] -- [INFO ]:[org.apache.catalina.core.ContainerBase.[Tomcat].[localhost].[/]] -- Initializing Spring FrameworkServlet 'dispatcherServlet'
[2018-09-03 19:55:30] -- [INFO ]:[com.zaxxer.hikari.HikariDataSource] -- HikariPool-1 - Starting...
[2018-09-03 19:55:30] -- [INFO ]:[com.zaxxer.hikari.HikariDataSource] -- HikariPool-1 - Start completed.
[2018-09-03 19:57:10] -- [INFO ]:[com.zaxxer.hikari.HikariDataSource] -- HikariPool-1 - Shutdown initiated...
[2018-09-03 19:57:10] -- [INFO ]:[com.zaxxer.hikari.HikariDataSource] -- HikariPool-1 - Shutdown completed.
[2018-09-03 19:57:16] -- [INFO ]:[com.schoolsell.SchoolsellApplication] -- Starting SchoolsellApplication on xinyundeMacBook-Pro.local with PID 9956 (/Volumes/ssd_2/All/wangrui/third-chatroom/SecondOfConcordance/schoolsell-master/Schoolsell/target/classes started by xinyun in /Volumes/ssd_2/All/wangrui/third-chatroom/SecondOfConcordance/schoolsell-master/Schoolsell)
[2018-09-03 19:57:16] -- [INFO ]:[com.schoolsell.SchoolsellApplication] -- No active profile set, falling back to default profiles: default
[2018-09-03 19:57:18] -- [INFO ]:[org.apache.coyote.http11.Http11NioProtocol] -- Initializing ProtocolHandler ["http-nio-8080"]
[2018-09-03 19:57:18] -- [INFO ]:[org.apache.catalina.core.StandardService] -- Starting service [Tomcat]
[2018-09-03 19:57:18] -- [INFO ]:[org.apache.catalina.core.StandardEngine] -- Starting Servlet Engine: Apache Tomcat/8.5.32
[2018-09-03 19:57:18] -- [INFO ]:[org.apache.catalina.core.AprLifecycleListener] -- The APR based Apache Tomcat Native library which allows optimal performance in production environments was not found on the java.library.path: [/Users/xinyun/Library/Java/Extensions:/Library/Java/Extensions:/Network/Library/Java/Extensions:/System/Library/Java/Extensions:/usr/lib/java:.]
[2018-09-03 19:57:18] -- [INFO ]:[org.apache.catalina.core.ContainerBase.[Tomcat].[localhost].[/]] -- Initializing Spring embedded WebApplicationContext
[2018-09-03 19:57:20] -- [INFO ]:[org.apache.coyote.http11.Http11NioProtocol] -- Starting ProtocolHandler ["http-nio-8080"]
[2018-09-03 19:57:20] -- [INFO ]:[com.schoolsell.SchoolsellApplication] -- Started SchoolsellApplication in 5.202 seconds (JVM running for 6.432)
[2018-09-03 19:58:03] -- [INFO ]:[org.apache.catalina.core.ContainerBase.[Tomcat].[localhost].[/]] -- Initializing Spring FrameworkServlet 'dispatcherServlet'
[2018-09-03 19:58:03] -- [INFO ]:[com.zaxxer.hikari.HikariDataSource] -- HikariPool-1 - Starting...
[2018-09-03 19:58:03] -- [INFO ]:[com.zaxxer.hikari.HikariDataSource] -- HikariPool-1 - Start completed.
[2018-09-03 20:11:00] -- [INFO ]:[com.zaxxer.hikari.HikariDataSource] -- HikariPool-1 - Shutdown initiated...
[2018-09-03 20:11:00] -- [INFO ]:[com.zaxxer.hikari.HikariDataSource] -- HikariPool-1 - Shutdown completed.
[2018-09-03 20:11:49] -- [INFO ]:[com.schoolsell.SchoolsellApplication] -- Starting SchoolsellApplication on xinyundeMacBook-Pro.local with PID 10309 (/Volumes/ssd_2/All/wangrui/third-chatroom/SecondOfConcordance/schoolsell-master/Schoolsell/target/classes started by xinyun in /Volumes/ssd_2/All/wangrui/third-chatroom/SecondOfConcordance/schoolsell-master/Schoolsell)
[2018-09-03 20:11:49] -- [INFO ]:[com.schoolsell.SchoolsellApplication] -- No active profile set, falling back to default profiles: default
[2018-09-03 20:11:51] -- [INFO ]:[org.apache.coyote.http11.Http11NioProtocol] -- Initializing ProtocolHandler ["http-nio-8080"]
[2018-09-03 20:11:51] -- [INFO ]:[org.apache.catalina.core.StandardService] -- Starting service [Tomcat]
[2018-09-03 20:11:51] -- [INFO ]:[org.apache.catalina.core.StandardEngine] -- Starting Servlet Engine: Apache Tomcat/8.5.32
[2018-09-03 20:11:51] -- [INFO ]:[org.apache.catalina.core.AprLifecycleListener] -- The APR based Apache Tomcat Native library which allows optimal performance in production environments was not found on the java.library.path: [/Users/xinyun/Library/Java/Extensions:/Library/Java/Extensions:/Network/Library/Java/Extensions:/System/Library/Java/Extensions:/usr/lib/java:.]
[2018-09-03 20:11:51] -- [INFO ]:[org.apache.catalina.core.ContainerBase.[Tomcat].[localhost].[/]] -- Initializing Spring embedded WebApplicationContext
[2018-09-03 20:11:53] -- [INFO ]:[org.apache.coyote.http11.Http11NioProtocol] -- Starting ProtocolHandler ["http-nio-8080"]
[2018-09-03 20:11:53] -- [INFO ]:[com.schoolsell.SchoolsellApplication] -- Started SchoolsellApplication in 5.268 seconds (JVM running for 6.451)
[2018-09-03 20:12:03] -- [INFO ]:[org.apache.catalina.core.ContainerBase.[Tomcat].[localhost].[/]] -- Initializing Spring FrameworkServlet 'dispatcherServlet'
[2018-09-03 20:12:03] -- [INFO ]:[com.zaxxer.hikari.HikariDataSource] -- HikariPool-1 - Starting...
[2018-09-03 20:12:03] -- [INFO ]:[com.zaxxer.hikari.HikariDataSource] -- HikariPool-1 - Start completed.
[2018-09-03 20:15:13] -- [INFO ]:[com.zaxxer.hikari.HikariDataSource] -- HikariPool-1 - Shutdown initiated...
[2018-09-03 20:15:13] -- [INFO ]:[com.zaxxer.hikari.HikariDataSource] -- HikariPool-1 - Shutdown completed.
[2018-09-03 20:18:56] -- [INFO ]:[com.schoolsell.SchoolsellApplication] -- Starting SchoolsellApplication on xinyundeMacBook-Pro.local with PID 10343 (/Volumes/ssd_2/All/wangrui/third-chatroom/SecondOfConcordance/schoolsell-master/Schoolsell/target/classes started by xinyun in /Volumes/ssd_2/All/wangrui/third-chatroom/SecondOfConcordance/schoolsell-master/Schoolsell)
[2018-09-03 20:18:56] -- [INFO ]:[com.schoolsell.SchoolsellApplication] -- No active profile set, falling back to default profiles: default
[2018-09-03 20:18:59] -- [INFO ]:[org.apache.coyote.http11.Http11NioProtocol] -- Initializing ProtocolHandler ["http-nio-8080"]
[2018-09-03 20:18:59] -- [INFO ]:[org.apache.catalina.core.StandardService] -- Starting service [Tomcat]
[2018-09-03 20:18:59] -- [INFO ]:[org.apache.catalina.core.StandardEngine] -- Starting Servlet Engine: Apache Tomcat/8.5.32
[2018-09-03 20:18:59] -- [INFO ]:[org.apache.catalina.core.AprLifecycleListener] -- The APR based Apache Tomcat Native library which allows optimal performance in production environments was not found on the java.library.path: [/Users/xinyun/Library/Java/Extensions:/Library/Java/Extensions:/Network/Library/Java/Extensions:/System/Library/Java/Extensions:/usr/lib/java:.]
[2018-09-03 20:18:59] -- [INFO ]:[org.apache.catalina.core.ContainerBase.[Tomcat].[localhost].[/]] -- Initializing Spring embedded WebApplicationContext
[2018-09-03 20:19:01] -- [INFO ]:[org.apache.coyote.http11.Http11NioProtocol] -- Starting ProtocolHandler ["http-nio-8080"]
[2018-09-03 20:19:01] -- [INFO ]:[com.schoolsell.SchoolsellApplication] -- Started SchoolsellApplication in 6.832 seconds (JVM running for 8.045)
[2018-09-03 20:19:12] -- [INFO ]:[org.apache.catalina.core.ContainerBase.[Tomcat].[localhost].[/]] -- Initializing Spring FrameworkServlet 'dispatcherServlet'
[2018-09-03 20:19:12] -- [INFO ]:[com.zaxxer.hikari.HikariDataSource] -- HikariPool-1 - Starting...
[2018-09-03 20:19:13] -- [INFO ]:[com.zaxxer.hikari.HikariDataSource] -- HikariPool-1 - Start completed.
[2018-09-03 20:22:45] -- [INFO ]:[com.zaxxer.hikari.HikariDataSource] -- HikariPool-1 - Shutdown initiated...
[2018-09-03 20:22:45] -- [INFO ]:[com.zaxxer.hikari.HikariDataSource] -- HikariPool-1 - Shutdown completed.
[2018-09-03 20:26:01] -- [INFO ]:[com.schoolsell.SchoolsellApplication] -- Starting SchoolsellApplication on xinyundeMacBook-Pro.local with PID 10374 (/Volumes/ssd_2/All/wangrui/third-chatroom/SecondOfConcordance/schoolsell-master/Schoolsell/target/classes started by xinyun in /Volumes/ssd_2/All/wangrui/third-chatroom/SecondOfConcordance/schoolsell-master/Schoolsell)
[2018-09-03 20:26:01] -- [INFO ]:[com.schoolsell.SchoolsellApplication] -- No active profile set, falling back to default profiles: default
[2018-09-03 20:26:03] -- [INFO ]:[org.apache.coyote.http11.Http11NioProtocol] -- Initializing ProtocolHandler ["http-nio-8080"]
[2018-09-03 20:26:03] -- [INFO ]:[org.apache.catalina.core.StandardService] -- Starting service [Tomcat]
[2018-09-03 20:26:03] -- [INFO ]:[org.apache.catalina.core.StandardEngine] -- Starting Servlet Engine: Apache Tomcat/8.5.32
[2018-09-03 20:26:03] -- [INFO ]:[org.apache.catalina.core.AprLifecycleListener] -- The APR based Apache Tomcat Native library which allows optimal performance in production environments was not found on the java.library.path: [/Users/xinyun/Library/Java/Extensions:/Library/Java/Extensions:/Network/Library/Java/Extensions:/System/Library/Java/Extensions:/usr/lib/java:.]
[2018-09-03 20:26:04] -- [INFO ]:[org.apache.catalina.core.ContainerBase.[Tomcat].[localhost].[/]] -- Initializing Spring embedded WebApplicationContext
[2018-09-03 20:26:05] -- [INFO ]:[org.apache.coyote.http11.Http11NioProtocol] -- Starting ProtocolHandler ["http-nio-8080"]
[2018-09-03 20:26:05] -- [INFO ]:[com.schoolsell.SchoolsellApplication] -- Started SchoolsellApplication in 5.057 seconds (JVM running for 6.113)
[2018-09-03 20:26:46] -- [INFO ]:[org.apache.catalina.core.ContainerBase.[Tomcat].[localhost].[/]] -- Initializing Spring FrameworkServlet 'dispatcherServlet'
[2018-09-03 20:26:46] -- [INFO ]:[com.zaxxer.hikari.HikariDataSource] -- HikariPool-1 - Starting...
[2018-09-03 20:26:47] -- [INFO ]:[com.zaxxer.hikari.HikariDataSource] -- HikariPool-1 - Start completed.
[2018-09-03 20:29:48] -- [INFO ]:[com.zaxxer.hikari.HikariDataSource] -- HikariPool-1 - Shutdown initiated...
[2018-09-03 20:29:48] -- [INFO ]:[com.zaxxer.hikari.HikariDataSource] -- HikariPool-1 - Shutdown completed.
[2018-09-03 20:33:13] -- [INFO ]:[com.schoolsell.SchoolsellApplication] -- Starting SchoolsellApplication on xinyundeMacBook-Pro.local with PID 10405 (/Volumes/ssd_2/All/wangrui/third-chatroom/SecondOfConcordance/schoolsell-master/Schoolsell/target/classes started by xinyun in /Volumes/ssd_2/All/wangrui/third-chatroom/SecondOfConcordance/schoolsell-master/Schoolsell)
[2018-09-03 20:33:13] -- [INFO ]:[com.schoolsell.SchoolsellApplication] -- No active profile set, falling back to default profiles: default
[2018-09-03 20:33:16] -- [INFO ]:[org.apache.coyote.http11.Http11NioProtocol] -- Initializing ProtocolHandler ["http-nio-8080"]
[2018-09-03 20:33:16] -- [INFO ]:[org.apache.catalina.core.StandardService] -- Starting service [Tomcat]
[2018-09-03 20:33:16] -- [INFO ]:[org.apache.catalina.core.StandardEngine] -- Starting Servlet Engine: Apache Tomcat/8.5.32
[2018-09-03 20:33:16] -- [INFO ]:[org.apache.catalina.core.AprLifecycleListener] -- The APR based Apache Tomcat Native library which allows optimal performance in production environments was not found on the java.library.path: [/Users/xinyun/Library/Java/Extensions:/Library/Java/Extensions:/Network/Library/Java/Extensions:/System/Library/Java/Extensions:/usr/lib/java:.]
[2018-09-03 20:33:16] -- [INFO ]:[org.apache.catalina.core.ContainerBase.[Tomcat].[localhost].[/]] -- Initializing Spring embedded WebApplicationContext
[2018-09-03 20:33:17] -- [INFO ]:[org.apache.coyote.http11.Http11NioProtocol] -- Starting ProtocolHandler ["http-nio-8080"]
[2018-09-03 20:33:17] -- [INFO ]:[com.schoolsell.SchoolsellApplication] -- Started SchoolsellApplication in 6.22 seconds (JVM running for 8.289)
[2018-09-03 20:33:29] -- [INFO ]:[org.apache.catalina.core.ContainerBase.[Tomcat].[localhost].[/]] -- Initializing Spring FrameworkServlet 'dispatcherServlet'
[2018-09-03 20:33:29] -- [INFO ]:[com.zaxxer.hikari.HikariDataSource] -- HikariPool-1 - Starting...
[2018-09-03 20:33:29] -- [INFO ]:[com.zaxxer.hikari.HikariDataSource] -- HikariPool-1 - Start completed.
[2018-09-03 20:34:48] -- [INFO ]:[com.zaxxer.hikari.HikariDataSource] -- HikariPool-1 - Shutdown initiated...
[2018-09-03 20:34:48] -- [INFO ]:[com.zaxxer.hikari.HikariDataSource] -- HikariPool-1 - Shutdown completed.
[2018-09-03 20:35:58] -- [INFO ]:[com.schoolsell.SchoolsellApplication] -- Starting SchoolsellApplication on xinyundeMacBook-Pro.local with PID 10424 (/Volumes/ssd_2/All/wangrui/third-chatroom/SecondOfConcordance/schoolsell-master/Schoolsell/target/classes started by xinyun in /Volumes/ssd_2/All/wangrui/third-chatroom/SecondOfConcordance/schoolsell-master/Schoolsell)
[2018-09-03 20:35:58] -- [INFO ]:[com.schoolsell.SchoolsellApplication] -- No active profile set, falling back to default profiles: default
[2018-09-03 20:36:00] -- [INFO ]:[org.apache.coyote.http11.Http11NioProtocol] -- Initializing ProtocolHandler ["http-nio-8080"]
[2018-09-03 20:36:00] -- [INFO ]:[org.apache.catalina.core.StandardService] -- Starting service [Tomcat]
[2018-09-03 20:36:00] -- [INFO ]:[org.apache.catalina.core.StandardEngine] -- Starting Servlet Engine: Apache Tomcat/8.5.32
[2018-09-03 20:36:00] -- [INFO ]:[org.apache.catalina.core.AprLifecycleListener] -- The APR based Apache Tomcat Native library which allows optimal performance in production environments was not found on the java.library.path: [/Users/xinyun/Library/Java/Extensions:/Library/Java/Extensions:/Network/Library/Java/Extensions:/System/Library/Java/Extensions:/usr/lib/java:.]
[2018-09-03 20:36:00] -- [INFO ]:[org.apache.catalina.core.ContainerBase.[Tomcat].[localhost].[/]] -- Initializing Spring embedded WebApplicationContext
[2018-09-03 20:36:02] -- [INFO ]:[org.apache.coyote.http11.Http11NioProtocol] -- Starting ProtocolHandler ["http-nio-8080"]
[2018-09-03 20:36:02] -- [INFO ]:[com.schoolsell.SchoolsellApplication] -- Started SchoolsellApplication in 5.295 seconds (JVM running for 7.221)
[2018-09-03 20:36:05] -- [INFO ]:[org.apache.catalina.core.ContainerBase.[Tomcat].[localhost].[/]] -- Initializing Spring FrameworkServlet 'dispatcherServlet'
[2018-09-03 20:36:05] -- [INFO ]:[com.zaxxer.hikari.HikariDataSource] -- HikariPool-1 - Starting...
[2018-09-03 20:36:05] -- [INFO ]:[com.zaxxer.hikari.HikariDataSource] -- HikariPool-1 - Start completed.
[2018-09-03 20:37:45] -- [INFO ]:[com.zaxxer.hikari.HikariDataSource] -- HikariPool-1 - Shutdown initiated...
[2018-09-03 20:37:45] -- [INFO ]:[com.zaxxer.hikari.HikariDataSource] -- HikariPool-1 - Shutdown completed.
[2018-09-03 20:37:50] -- [INFO ]:[com.schoolsell.SchoolsellApplication] -- Starting SchoolsellApplication on xinyundeMacBook-Pro.local with PID 10434 (/Volumes/ssd_2/All/wangrui/third-chatroom/SecondOfConcordance/schoolsell-master/Schoolsell/target/classes started by xinyun in /Volumes/ssd_2/All/wangrui/third-chatroom/SecondOfConcordance/schoolsell-master/Schoolsell)
[2018-09-03 20:37:50] -- [INFO ]:[com.schoolsell.SchoolsellApplication] -- No active profile set, falling back to default profiles: default
[2018-09-03 20:37:53] -- [INFO ]:[org.apache.coyote.http11.Http11NioProtocol] -- Initializing ProtocolHandler ["http-nio-8080"]
[2018-09-03 20:37:53] -- [INFO ]:[org.apache.catalina.core.StandardService] -- Starting service [Tomcat]
[2018-09-03 20:37:53] -- [INFO ]:[org.apache.catalina.core.StandardEngine] -- Starting Servlet Engine: Apache Tomcat/8.5.32
[2018-09-03 20:37:53] -- [INFO ]:[org.apache.catalina.core.AprLifecycleListener] -- The APR based Apache Tomcat Native library which allows optimal performance in production environments was not found on the java.library.path: [/Users/xinyun/Library/Java/Extensions:/Library/Java/Extensions:/Network/Library/Java/Extensions:/System/Library/Java/Extensions:/usr/lib/java:.]
[2018-09-03 20:37:53] -- [INFO ]:[org.apache.catalina.core.ContainerBase.[Tomcat].[localhost].[/]] -- Initializing Spring embedded WebApplicationContext
[2018-09-03 20:37:54] -- [INFO ]:[org.apache.coyote.http11.Http11NioProtocol] -- Starting ProtocolHandler ["http-nio-8080"]
[2018-09-03 20:37:54] -- [INFO ]:[com.schoolsell.SchoolsellApplication] -- Started SchoolsellApplication in 4.982 seconds (JVM running for 5.968)
[2018-09-03 20:38:05] -- [INFO ]:[org.apache.catalina.core.ContainerBase.[Tomcat].[localhost].[/]] -- Initializing Spring FrameworkServlet 'dispatcherServlet'
[2018-09-03 20:38:05] -- [INFO ]:[com.zaxxer.hikari.HikariDataSource] -- HikariPool-1 - Starting...
[2018-09-03 20:38:05] -- [INFO ]:[com.zaxxer.hikari.HikariDataSource] -- HikariPool-1 - Start completed.
[2018-09-03 20:42:20] -- [INFO ]:[com.zaxxer.hikari.HikariDataSource] -- HikariPool-1 - Shutdown initiated...
[2018-09-03 20:42:20] -- [INFO ]:[com.zaxxer.hikari.HikariDataSource] -- HikariPool-1 - Shutdown completed.
[2018-09-03 20:49:25] -- [INFO ]:[com.schoolsell.SchoolsellApplication] -- Starting SchoolsellApplication on xinyundeMacBook-Pro.local with PID 10479 (/Volumes/ssd_2/All/wangrui/third-chatroom/SecondOfConcordance/schoolsell-master/Schoolsell/target/classes started by xinyun in /Volumes/ssd_2/All/wangrui/third-chatroom/SecondOfConcordance/schoolsell-master/Schoolsell)
[2018-09-03 20:49:25] -- [INFO ]:[com.schoolsell.SchoolsellApplication] -- No active profile set, falling back to default profiles: default
[2018-09-03 20:49:27] -- [INFO ]:[org.apache.coyote.http11.Http11NioProtocol] -- Initializing ProtocolHandler ["http-nio-8080"]
[2018-09-03 20:49:27] -- [INFO ]:[org.apache.catalina.core.StandardService] -- Starting service [Tomcat]
[2018-09-03 20:49:27] -- [INFO ]:[org.apache.catalina.core.StandardEngine] -- Starting Servlet Engine: Apache Tomcat/8.5.32
[2018-09-03 20:49:27] -- [INFO ]:[org.apache.catalina.core.AprLifecycleListener] -- The APR based Apache Tomcat Native library which allows optimal performance in production environments was not found on the java.library.path: [/Users/xinyun/Library/Java/Extensions:/Library/Java/Extensions:/Network/Library/Java/Extensions:/System/Library/Java/Extensions:/usr/lib/java:.]
[2018-09-03 20:49:27] -- [INFO ]:[org.apache.catalina.core.ContainerBase.[Tomcat].[localhost].[/]] -- Initializing Spring embedded WebApplicationContext
[2018-09-03 20:49:29] -- [INFO ]:[org.apache.coyote.http11.Http11NioProtocol] -- Starting ProtocolHandler ["http-nio-8080"]
[2018-09-03 20:49:29] -- [INFO ]:[com.schoolsell.SchoolsellApplication] -- Started SchoolsellApplication in 5.423 seconds (JVM running for 6.67)
[2018-09-03 20:49:48] -- [INFO ]:[org.apache.catalina.core.ContainerBase.[Tomcat].[localhost].[/]] -- Initializing Spring FrameworkServlet 'dispatcherServlet'
[2018-09-03 20:49:48] -- [INFO ]:[com.zaxxer.hikari.HikariDataSource] -- HikariPool-1 - Starting...
[2018-09-03 20:49:49] -- [INFO ]:[com.zaxxer.hikari.HikariDataSource] -- HikariPool-1 - Start completed.
[2018-09-03 20:52:22] -- [INFO ]:[com.zaxxer.hikari.HikariDataSource] -- HikariPool-1 - Shutdown initiated...
[2018-09-03 20:52:22] -- [INFO ]:[com.zaxxer.hikari.HikariDataSource] -- HikariPool-1 - Shutdown completed.
[2018-09-03 20:52:28] -- [INFO ]:[com.schoolsell.SchoolsellApplication] -- Starting SchoolsellApplication on xinyundeMacBook-Pro.local with PID 10496 (/Volumes/ssd_2/All/wangrui/third-chatroom/SecondOfConcordance/schoolsell-master/Schoolsell/target/classes started by xinyun in /Volumes/ssd_2/All/wangrui/third-chatroom/SecondOfConcordance/schoolsell-master/Schoolsell)
[2018-09-03 20:52:28] -- [INFO ]:[com.schoolsell.SchoolsellApplication] -- No active profile set, falling back to default profiles: default
[2018-09-03 20:52:30] -- [INFO ]:[org.apache.coyote.http11.Http11NioProtocol] -- Initializing ProtocolHandler ["http-nio-8080"]
[2018-09-03 20:52:30] -- [INFO ]:[org.apache.catalina.core.StandardService] -- Starting service [Tomcat]
[2018-09-03 20:52:30] -- [INFO ]:[org.apache.catalina.core.StandardEngine] -- Starting Servlet Engine: Apache Tomcat/8.5.32
[2018-09-03 20:52:30] -- [INFO ]:[org.apache.catalina.core.AprLifecycleListener] -- The APR based Apache Tomcat Native library which allows optimal performance in production environments was not found on the java.library.path: [/Users/xinyun/Library/Java/Extensions:/Library/Java/Extensions:/Network/Library/Java/Extensions:/System/Library/Java/Extensions:/usr/lib/java:.]
[2018-09-03 20:52:30] -- [INFO ]:[org.apache.catalina.core.ContainerBase.[Tomcat].[localhost].[/]] -- Initializing Spring embedded WebApplicationContext
[2018-09-03 20:52:32] -- [INFO ]:[org.apache.coyote.http11.Http11NioProtocol] -- Starting ProtocolHandler ["http-nio-8080"]
[2018-09-03 20:52:32] -- [INFO ]:[com.schoolsell.SchoolsellApplication] -- Started SchoolsellApplication in 5.066 seconds (JVM running for 6.601)
[2018-09-03 20:52:55] -- [INFO ]:[org.apache.catalina.core.ContainerBase.[Tomcat].[localhost].[/]] -- Initializing Spring FrameworkServlet 'dispatcherServlet'
[2018-09-03 20:52:55] -- [INFO ]:[com.zaxxer.hikari.HikariDataSource] -- HikariPool-1 - Starting...
[2018-09-03 20:52:55] -- [INFO ]:[com.zaxxer.hikari.HikariDataSource] -- HikariPool-1 - Start completed.
[2018-09-03 20:56:31] -- [INFO ]:[com.zaxxer.hikari.HikariDataSource] -- HikariPool-1 - Shutdown initiated...
[2018-09-03 20:56:31] -- [INFO ]:[com.zaxxer.hikari.HikariDataSource] -- HikariPool-1 - Shutdown completed.
[2018-09-03 20:56:38] -- [INFO ]:[com.schoolsell.SchoolsellApplication] -- Starting SchoolsellApplication on xinyundeMacBook-Pro.local with PID 10524 (/Volumes/ssd_2/All/wangrui/third-chatroom/SecondOfConcordance/schoolsell-master/Schoolsell/target/classes started by xinyun in /Volumes/ssd_2/All/wangrui/third-chatroom/SecondOfConcordance/schoolsell-master/Schoolsell)
[2018-09-03 20:56:38] -- [INFO ]:[com.schoolsell.SchoolsellApplication] -- No active profile set, falling back to default profiles: default
[2018-09-03 20:56:40] -- [INFO ]:[org.apache.coyote.http11.Http11NioProtocol] -- Initializing ProtocolHandler ["http-nio-8080"]
[2018-09-03 20:56:40] -- [INFO ]:[org.apache.catalina.core.StandardService] -- Starting service [Tomcat]
[2018-09-03 20:56:40] -- [INFO ]:[org.apache.catalina.core.StandardEngine] -- Starting Servlet Engine: Apache Tomcat/8.5.32
[2018-09-03 20:56:40] -- [INFO ]:[org.apache.catalina.core.AprLifecycleListener] -- The APR based Apache Tomcat Native library which allows optimal performance in production environments was not found on the java.library.path: [/Users/xinyun/Library/Java/Extensions:/Library/Java/Extensions:/Network/Library/Java/Extensions:/System/Library/Java/Extensions:/usr/lib/java:.]
[2018-09-03 20:56:41] -- [INFO ]:[org.apache.catalina.core.ContainerBase.[Tomcat].[localhost].[/]] -- Initializing Spring embedded WebApplicationContext
[2018-09-03 20:56:42] -- [INFO ]:[org.apache.coyote.http11.Http11NioProtocol] -- Starting ProtocolHandler ["http-nio-8080"]
[2018-09-03 20:56:42] -- [INFO ]:[com.schoolsell.SchoolsellApplication] -- Started SchoolsellApplication in 5.178 seconds (JVM running for 6.63)
[2018-09-03 20:57:15] -- [INFO ]:[com.schoolsell.SchoolsellApplication] -- Starting SchoolsellApplication on xinyundeMacBook-Pro.local with PID 10530 (/Volumes/ssd_2/All/wangrui/third-chatroom/SecondOfConcordance/schoolsell-master/Schoolsell/target/classes started by xinyun in /Volumes/ssd_2/All/wangrui/third-chatroom/SecondOfConcordance/schoolsell-master/Schoolsell)
[2018-09-03 20:57:15] -- [INFO ]:[com.schoolsell.SchoolsellApplication] -- No active profile set, falling back to default profiles: default
[2018-09-03 20:57:18] -- [INFO ]:[org.apache.coyote.http11.Http11NioProtocol] -- Initializing ProtocolHandler ["http-nio-8080"]
[2018-09-03 20:57:18] -- [INFO ]:[org.apache.catalina.core.StandardService] -- Starting service [Tomcat]
[2018-09-03 20:57:18] -- [INFO ]:[org.apache.catalina.core.StandardEngine] -- Starting Servlet Engine: Apache Tomcat/8.5.32
[2018-09-03 20:57:18] -- [INFO ]:[org.apache.catalina.core.AprLifecycleListener] -- The APR based Apache Tomcat Native library which allows optimal performance in production environments was not found on the java.library.path: [/Users/xinyun/Library/Java/Extensions:/Library/Java/Extensions:/Network/Library/Java/Extensions:/System/Library/Java/Extensions:/usr/lib/java:.]
[2018-09-03 20:57:18] -- [INFO ]:[org.apache.catalina.core.ContainerBase.[Tomcat].[localhost].[/]] -- Initializing Spring embedded WebApplicationContext
[2018-09-03 20:57:20] -- [INFO ]:[org.apache.coyote.http11.Http11NioProtocol] -- Starting ProtocolHandler ["http-nio-8080"]
[2018-09-03 20:57:20] -- [INFO ]:[com.schoolsell.SchoolsellApplication] -- Started SchoolsellApplication in 5.072 seconds (JVM running for 6.346)
[2018-09-03 20:57:57] -- [INFO ]:[org.apache.catalina.core.ContainerBase.[Tomcat].[localhost].[/]] -- Initializing Spring FrameworkServlet 'dispatcherServlet'
[2018-09-03 20:57:57] -- [INFO ]:[com.zaxxer.hikari.HikariDataSource] -- HikariPool-1 - Starting...
[2018-09-03 20:57:57] -- [INFO ]:[com.zaxxer.hikari.HikariDataSource] -- HikariPool-1 - Start completed.
[2018-09-03 21:03:37] -- [INFO ]:[com.zaxxer.hikari.HikariDataSource] -- HikariPool-1 - Shutdown initiated...
[2018-09-03 21:03:37] -- [INFO ]:[com.zaxxer.hikari.HikariDataSource] -- HikariPool-1 - Shutdown completed.
[2018-09-03 21:04:28] -- [INFO ]:[com.schoolsell.SchoolsellApplication] -- Starting SchoolsellApplication on xinyundeMacBook-Pro.local with PID 10562 (/Volumes/ssd_2/All/wangrui/third-chatroom/SecondOfConcordance/schoolsell-master/Schoolsell/target/classes started by xinyun in /Volumes/ssd_2/All/wangrui/third-chatroom/SecondOfConcordance/schoolsell-master/Schoolsell)
[2018-09-03 21:04:28] -- [INFO ]:[com.schoolsell.SchoolsellApplication] -- No active profile set, falling back to default profiles: default
[2018-09-03 21:04:32] -- [INFO ]:[org.apache.coyote.http11.Http11NioProtocol] -- Initializing ProtocolHandler ["http-nio-8080"]
[2018-09-03 21:04:32] -- [INFO ]:[org.apache.catalina.core.StandardService] -- Starting service [Tomcat]
[2018-09-03 21:04:32] -- [INFO ]:[org.apache.catalina.core.StandardEngine] -- Starting Servlet Engine: Apache Tomcat/8.5.32
[2018-09-03 21:04:32] -- [INFO ]:[org.apache.catalina.core.AprLifecycleListener] -- The APR based Apache Tomcat Native library which allows optimal performance in production environments was not found on the java.library.path: [/Users/xinyun/Library/Java/Extensions:/Library/Java/Extensions:/Network/Library/Java/Extensions:/System/Library/Java/Extensions:/usr/lib/java:.]
[2018-09-03 21:04:33] -- [INFO ]:[org.apache.catalina.core.ContainerBase.[Tomcat].[localhost].[/]] -- Initializing Spring embedded WebApplicationContext
[2018-09-03 21:04:35] -- [INFO ]:[org.apache.coyote.http11.Http11NioProtocol] -- Starting ProtocolHandler ["http-nio-8080"]
[2018-09-03 21:04:35] -- [INFO ]:[com.schoolsell.SchoolsellApplication] -- Started SchoolsellApplication in 8.902 seconds (JVM running for 10.427)
[2018-09-03 21:04:55] -- [INFO ]:[org.apache.catalina.core.ContainerBase.[Tomcat].[localhost].[/]] -- Initializing Spring FrameworkServlet 'dispatcherServlet'
[2018-09-03 21:04:55] -- [INFO ]:[com.zaxxer.hikari.HikariDataSource] -- HikariPool-1 - Starting...
[2018-09-03 21:04:55] -- [INFO ]:[com.zaxxer.hikari.HikariDataSource] -- HikariPool-1 - Start completed.
[2018-09-03 21:10:38] -- [INFO ]:[com.zaxxer.hikari.HikariDataSource] -- HikariPool-1 - Shutdown initiated...
[2018-09-03 21:10:38] -- [INFO ]:[com.zaxxer.hikari.HikariDataSource] -- HikariPool-1 - Shutdown completed.
[2018-09-03 21:10:46] -- [INFO ]:[com.schoolsell.SchoolsellApplication] -- Starting SchoolsellApplication on xinyundeMacBook-Pro.local with PID 10670 (/Volumes/ssd_2/All/wangrui/third-chatroom/SecondOfConcordance/schoolsell-master/Schoolsell/target/classes started by xinyun in /Volumes/ssd_2/All/wangrui/third-chatroom/SecondOfConcordance/schoolsell-master/Schoolsell)
[2018-09-03 21:10:46] -- [INFO ]:[com.schoolsell.SchoolsellApplication] -- No active profile set, falling back to default profiles: default
[2018-09-03 21:10:48] -- [INFO ]:[org.apache.coyote.http11.Http11NioProtocol] -- Initializing ProtocolHandler ["http-nio-8080"]
[2018-09-03 21:10:48] -- [INFO ]:[org.apache.catalina.core.StandardService] -- Starting service [Tomcat]
[2018-09-03 21:10:48] -- [INFO ]:[org.apache.catalina.core.StandardEngine] -- Starting Servlet Engine: Apache Tomcat/8.5.32
[2018-09-03 21:10:48] -- [INFO ]:[org.apache.catalina.core.AprLifecycleListener] -- The APR based Apache Tomcat Native library which allows optimal performance in production environments was not found on the java.library.path: [/Users/xinyun/Library/Java/Extensions:/Library/Java/Extensions:/Network/Library/Java/Extensions:/System/Library/Java/Extensions:/usr/lib/java:.]
[2018-09-03 21:10:48] -- [INFO ]:[org.apache.catalina.core.ContainerBase.[Tomcat].[localhost].[/]] -- Initializing Spring embedded WebApplicationContext
[2018-09-03 21:10:50] -- [INFO ]:[org.apache.coyote.http11.Http11NioProtocol] -- Starting ProtocolHandler ["http-nio-8080"]
[2018-09-03 21:10:50] -- [INFO ]:[com.schoolsell.SchoolsellApplication] -- Started SchoolsellApplication in 4.799 seconds (JVM running for 6.054)
[2018-09-03 21:11:13] -- [INFO ]:[org.apache.catalina.core.ContainerBase.[Tomcat].[localhost].[/]] -- Initializing Spring FrameworkServlet 'dispatcherServlet'
[2018-09-03 21:11:13] -- [INFO ]:[com.zaxxer.hikari.HikariDataSource] -- HikariPool-1 - Starting...
[2018-09-03 21:11:13] -- [INFO ]:[com.zaxxer.hikari.HikariDataSource] -- HikariPool-1 - Start completed.
[2018-09-03 21:16:52] -- [INFO ]:[com.zaxxer.hikari.HikariDataSource] -- HikariPool-1 - Shutdown initiated...
[2018-09-03 21:16:52] -- [INFO ]:[com.zaxxer.hikari.HikariDataSource] -- HikariPool-1 - Shutdown completed.
[2018-09-03 21:16:58] -- [INFO ]:[com.schoolsell.SchoolsellApplication] -- Starting SchoolsellApplication on xinyundeMacBook-Pro.local with PID 10697 (/Volumes/ssd_2/All/wangrui/third-chatroom/SecondOfConcordance/schoolsell-master/Schoolsell/target/classes started by xinyun in /Volumes/ssd_2/All/wangrui/third-chatroom/SecondOfConcordance/schoolsell-master/Schoolsell)
[2018-09-03 21:16:58] -- [INFO ]:[com.schoolsell.SchoolsellApplication] -- No active profile set, falling back to default profiles: default
[2018-09-03 21:17:00] -- [INFO ]:[org.apache.coyote.http11.Http11NioProtocol] -- Initializing ProtocolHandler ["http-nio-8080"]
[2018-09-03 21:17:00] -- [INFO ]:[org.apache.catalina.core.StandardService] -- Starting service [Tomcat]
[2018-09-03 21:17:00] -- [INFO ]:[org.apache.catalina.core.StandardEngine] -- Starting Servlet Engine: Apache Tomcat/8.5.32
[2018-09-03 21:17:00] -- [INFO ]:[org.apache.catalina.core.AprLifecycleListener] -- The APR based Apache Tomcat Native library which allows optimal performance in production environments was not found on the java.library.path: [/Users/xinyun/Library/Java/Extensions:/Library/Java/Extensions:/Network/Library/Java/Extensions:/System/Library/Java/Extensions:/usr/lib/java:.]
[2018-09-03 21:17:00] -- [INFO ]:[org.apache.catalina.core.ContainerBase.[Tomcat].[localhost].[/]] -- Initializing Spring embedded WebApplicationContext
[2018-09-03 21:17:02] -- [INFO ]:[org.apache.coyote.http11.Http11NioProtocol] -- Starting ProtocolHandler ["http-nio-8080"]
[2018-09-03 21:17:02] -- [INFO ]:[com.schoolsell.SchoolsellApplication] -- Started SchoolsellApplication in 4.591 seconds (JVM running for 5.723)
[2018-09-03 21:17:27] -- [INFO ]:[org.apache.catalina.core.ContainerBase.[Tomcat].[localhost].[/]] -- Initializing Spring FrameworkServlet 'dispatcherServlet'
[2018-09-03 21:17:27] -- [INFO ]:[com.zaxxer.hikari.HikariDataSource] -- HikariPool-1 - Starting...
[2018-09-03 21:17:27] -- [INFO ]:[com.zaxxer.hikari.HikariDataSource] -- HikariPool-1 - Start completed.
[2018-09-03 21:20:46] -- [INFO ]:[com.zaxxer.hikari.HikariDataSource] -- HikariPool-1 - Shutdown initiated...
[2018-09-03 21:20:46] -- [INFO ]:[com.zaxxer.hikari.HikariDataSource] -- HikariPool-1 - Shutdown completed.
[2018-09-03 22:39:26] -- [INFO ]:[com.schoolsell.SchoolsellApplication] -- Starting SchoolsellApplication on xinyundeMacBook-Pro.local with PID 10994 (/Volumes/ssd_2/All/wangrui/third-chatroom/SecondOfConcordance/schoolsell-master/Schoolsell/target/classes started by xinyun in /Volumes/ssd_2/All/wangrui/third-chatroom/SecondOfConcordance/schoolsell-master/Schoolsell)
[2018-09-03 22:39:26] -- [INFO ]:[com.schoolsell.SchoolsellApplication] -- No active profile set, falling back to default profiles: default
[2018-09-03 22:39:29] -- [INFO ]:[org.apache.coyote.http11.Http11NioProtocol] -- Initializing ProtocolHandler ["http-nio-8080"]
[2018-09-03 22:39:29] -- [INFO ]:[org.apache.catalina.core.StandardService] -- Starting service [Tomcat]
[2018-09-03 22:39:29] -- [INFO ]:[org.apache.catalina.core.StandardEngine] -- Starting Servlet Engine: Apache Tomcat/8.5.32
[2018-09-03 22:39:29] -- [INFO ]:[org.apache.catalina.core.AprLifecycleListener] -- The APR based Apache Tomcat Native library which allows optimal performance in production environments was not found on the java.library.path: [/Users/xinyun/Library/Java/Extensions:/Library/Java/Extensions:/Network/Library/Java/Extensions:/System/Library/Java/Extensions:/usr/lib/java:.]
[2018-09-03 22:39:29] -- [INFO ]:[org.apache.catalina.core.ContainerBase.[Tomcat].[localhost].[/]] -- Initializing Spring embedded WebApplicationContext
[2018-09-03 22:39:31] -- [INFO ]:[org.apache.coyote.http11.Http11NioProtocol] -- Starting ProtocolHandler ["http-nio-8080"]
[2018-09-03 22:39:31] -- [INFO ]:[com.schoolsell.SchoolsellApplication] -- Started SchoolsellApplication in 6.397 seconds (JVM running for 7.804)
[2018-09-03 22:39:59] -- [INFO ]:[org.apache.catalina.core.ContainerBase.[Tomcat].[localhost].[/]] -- Initializing Spring FrameworkServlet 'dispatcherServlet'
[2018-09-03 22:39:59] -- [INFO ]:[com.zaxxer.hikari.HikariDataSource] -- HikariPool-1 - Starting...
[2018-09-03 22:40:00] -- [INFO ]:[com.zaxxer.hikari.HikariDataSource] -- HikariPool-1 - Start completed.
[2018-09-03 22:41:00] -- [INFO ]:[com.zaxxer.hikari.HikariDataSource] -- HikariPool-1 - Shutdown initiated...
[2018-09-03 22:41:00] -- [INFO ]:[com.zaxxer.hikari.HikariDataSource] -- HikariPool-1 - Shutdown completed.
[2018-09-03 22:47:56] -- [INFO ]:[com.schoolsell.SchoolsellApplication] -- Starting SchoolsellApplication on xinyundeMacBook-Pro.local with PID 11043 (/Volumes/ssd_2/All/wangrui/third-chatroom/SecondOfConcordance/schoolsell-master/Schoolsell/target/classes started by xinyun in /Volumes/ssd_2/All/wangrui/third-chatroom/SecondOfConcordance/schoolsell-master/Schoolsell)
[2018-09-03 22:47:56] -- [INFO ]:[com.schoolsell.SchoolsellApplication] -- No active profile set, falling back to default profiles: default
[2018-09-03 22:47:59] -- [INFO ]:[org.apache.coyote.http11.Http11NioProtocol] -- Initializing ProtocolHandler ["http-nio-8080"]
[2018-09-03 22:47:59] -- [INFO ]:[org.apache.catalina.core.StandardService] -- Starting service [Tomcat]
[2018-09-03 22:47:59] -- [INFO ]:[org.apache.catalina.core.StandardEngine] -- Starting Servlet Engine: Apache Tomcat/8.5.32
[2018-09-03 22:47:59] -- [INFO ]:[org.apache.catalina.core.AprLifecycleListener] -- The APR based Apache Tomcat Native library which allows optimal performance in production environments was not found on the java.library.path: [/Users/xinyun/Library/Java/Extensions:/Library/Java/Extensions:/Network/Library/Java/Extensions:/System/Library/Java/Extensions:/usr/lib/java:.]
[2018-09-03 22:47:59] -- [INFO ]:[org.apache.catalina.core.ContainerBase.[Tomcat].[localhost].[/]] -- Initializing Spring embedded WebApplicationContext
[2018-09-03 22:48:01] -- [INFO ]:[org.apache.coyote.http11.Http11NioProtocol] -- Starting ProtocolHandler ["http-nio-8080"]
[2018-09-03 22:48:01] -- [INFO ]:[com.schoolsell.SchoolsellApplication] -- Started SchoolsellApplication in 5.215 seconds (JVM running for 6.269)
[2018-09-03 22:48:10] -- [INFO ]:[org.apache.catalina.core.ContainerBase.[Tomcat].[localhost].[/]] -- Initializing Spring FrameworkServlet 'dispatcherServlet'
[2018-09-03 22:48:11] -- [INFO ]:[com.zaxxer.hikari.HikariDataSource] -- HikariPool-1 - Starting...
[2018-09-03 22:48:11] -- [INFO ]:[com.zaxxer.hikari.HikariDataSource] -- HikariPool-1 - Start completed.
[2018-09-03 22:51:50] -- [INFO ]:[com.zaxxer.hikari.HikariDataSource] -- HikariPool-1 - Shutdown initiated...
[2018-09-03 22:51:50] -- [INFO ]:[com.zaxxer.hikari.HikariDataSource] -- HikariPool-1 - Shutdown completed.
[2018-09-03 22:59:51] -- [INFO ]:[com.schoolsell.SchoolsellApplication] -- Starting SchoolsellApplication on xinyundeMacBook-Pro.local with PID 11143 (/Volumes/ssd_2/All/wangrui/third-chatroom/SecondOfConcordance/schoolsell-master/Schoolsell/target/classes started by xinyun in /Volumes/ssd_2/All/wangrui/third-chatroom/SecondOfConcordance/schoolsell-master/Schoolsell)
[2018-09-03 22:59:51] -- [INFO ]:[com.schoolsell.SchoolsellApplication] -- No active profile set, falling back to default profiles: default
[2018-09-03 22:59:54] -- [INFO ]:[org.apache.coyote.http11.Http11NioProtocol] -- Initializing ProtocolHandler ["http-nio-8080"]
[2018-09-03 22:59:54] -- [INFO ]:[org.apache.catalina.core.StandardService] -- Starting service [Tomcat]
[2018-09-03 22:59:54] -- [INFO ]:[org.apache.catalina.core.StandardEngine] -- Starting Servlet Engine: Apache Tomcat/8.5.32
[2018-09-03 22:59:54] -- [INFO ]:[org.apache.catalina.core.AprLifecycleListener] -- The APR based Apache Tomcat Native library which allows optimal performance in production environments was not found on the java.library.path: [/Users/xinyun/Library/Java/Extensions:/Library/Java/Extensions:/Network/Library/Java/Extensions:/System/Library/Java/Extensions:/usr/lib/java:.]
[2018-09-03 22:59:54] -- [INFO ]:[org.apache.catalina.core.ContainerBase.[Tomcat].[localhost].[/]] -- Initializing Spring embedded WebApplicationContext
[2018-09-03 22:59:55] -- [INFO ]:[org.apache.coyote.http11.Http11NioProtocol] -- Starting ProtocolHandler ["http-nio-8080"]
[2018-09-03 22:59:55] -- [INFO ]:[com.schoolsell.SchoolsellApplication] -- Started SchoolsellApplication in 5.751 seconds (JVM running for 7.135)
[2018-09-03 23:00:03] -- [INFO ]:[org.apache.catalina.core.ContainerBase.[Tomcat].[localhost].[/]] -- Initializing Spring FrameworkServlet 'dispatcherServlet'
[2018-09-03 23:00:03] -- [INFO ]:[com.zaxxer.hikari.HikariDataSource] -- HikariPool-1 - Starting...
[2018-09-03 23:00:03] -- [INFO ]:[com.zaxxer.hikari.HikariDataSource] -- HikariPool-1 - Start completed.
[2018-09-03 23:02:35] -- [INFO ]:[com.zaxxer.hikari.HikariDataSource] -- HikariPool-1 - Shutdown initiated...
[2018-09-03 23:02:35] -- [INFO ]:[com.zaxxer.hikari.HikariDataSource] -- HikariPool-1 - Shutdown completed.
[2018-09-03 23:03:09] -- [INFO ]:[com.schoolsell.SchoolsellApplication] -- Starting SchoolsellApplication on xinyundeMacBook-Pro.local with PID 11217 (/Volumes/ssd_2/All/wangrui/third-chatroom/SecondOfConcordance/schoolsell-master/Schoolsell/target/classes started by xinyun in /Volumes/ssd_2/All/wangrui/third-chatroom/SecondOfConcordance/schoolsell-master/Schoolsell)
[2018-09-03 23:03:09] -- [INFO ]:[com.schoolsell.SchoolsellApplication] -- No active profile set, falling back to default profiles: default
[2018-09-03 23:03:13] -- [INFO ]:[org.apache.coyote.http11.Http11NioProtocol] -- Initializing ProtocolHandler ["http-nio-8080"]
[2018-09-03 23:03:13] -- [INFO ]:[org.apache.catalina.core.StandardService] -- Starting service [Tomcat]
[2018-09-03 23:03:13] -- [INFO ]:[org.apache.catalina.core.StandardEngine] -- Starting Servlet Engine: Apache Tomcat/8.5.32
[2018-09-03 23:03:13] -- [INFO ]:[org.apache.catalina.core.AprLifecycleListener] -- The APR based Apache Tomcat Native library which allows optimal performance in production environments was not found on the java.library.path: [/Users/xinyun/Library/Java/Extensions:/Library/Java/Extensions:/Network/Library/Java/Extensions:/System/Library/Java/Extensions:/usr/lib/java:.]
[2018-09-03 23:03:13] -- [INFO ]:[org.apache.catalina.core.ContainerBase.[Tomcat].[localhost].[/]] -- Initializing Spring embedded WebApplicationContext
[2018-09-03 23:03:15] -- [INFO ]:[org.apache.coyote.http11.Http11NioProtocol] -- Starting ProtocolHandler ["http-nio-8080"]
[2018-09-03 23:03:15] -- [INFO ]:[com.schoolsell.SchoolsellApplication] -- Started SchoolsellApplication in 7.386 seconds (JVM running for 8.992)
[2018-09-03 23:20:33] -- [INFO ]:[com.schoolsell.SchoolsellApplication] -- Starting SchoolsellApplication on xinyundeMacBook-Pro.local with PID 11336 (/Volumes/ssd_2/All/wangrui/third-chatroom/SecondOfConcordance/schoolsell-master/Schoolsell/target/classes started by xinyun in /Volumes/ssd_2/All/wangrui/third-chatroom/SecondOfConcordance/schoolsell-master/Schoolsell)
[2018-09-03 23:20:33] -- [INFO ]:[com.schoolsell.SchoolsellApplication] -- No active profile set, falling back to default profiles: default
[2018-09-03 23:20:35] -- [INFO ]:[org.apache.coyote.http11.Http11NioProtocol] -- Initializing ProtocolHandler ["http-nio-8080"]
[2018-09-03 23:20:35] -- [INFO ]:[org.apache.catalina.core.StandardService] -- Starting service [Tomcat]
[2018-09-03 23:20:35] -- [INFO ]:[org.apache.catalina.core.StandardEngine] -- Starting Servlet Engine: Apache Tomcat/8.5.32
[2018-09-03 23:20:35] -- [INFO ]:[org.apache.catalina.core.AprLifecycleListener] -- The APR based Apache Tomcat Native library which allows optimal performance in production environments was not found on the java.library.path: [/Users/xinyun/Library/Java/Extensions:/Library/Java/Extensions:/Network/Library/Java/Extensions:/System/Library/Java/Extensions:/usr/lib/java:.]
[2018-09-03 23:20:35] -- [INFO ]:[org.apache.catalina.core.ContainerBase.[Tomcat].[localhost].[/]] -- Initializing Spring embedded WebApplicationContext
[2018-09-03 23:20:37] -- [INFO ]:[org.apache.coyote.http11.Http11NioProtocol] -- Starting ProtocolHandler ["http-nio-8080"]
[2018-09-03 23:20:37] -- [INFO ]:[com.schoolsell.SchoolsellApplication] -- Started SchoolsellApplication in 5.188 seconds (JVM running for 6.552)
[2018-09-03 23:30:10] -- [INFO ]:[org.apache.catalina.core.ContainerBase.[Tomcat].[localhost].[/]] -- Initializing Spring FrameworkServlet 'dispatcherServlet'
[2018-09-03 23:30:10] -- [INFO ]:[com.zaxxer.hikari.HikariDataSource] -- HikariPool-1 - Starting...
[2018-09-03 23:30:10] -- [INFO ]:[com.zaxxer.hikari.HikariDataSource] -- HikariPool-1 - Start completed.
