[2019-04-10 12:04:45] -- [DEBUG]:[com.schoolsell.SchoolsellApplicationTests] -- Running with Spring Boot v2.0.4.RELEASE, Spring v5.0.8.RELEASE
[2019-04-10 12:04:47] -- [DEBUG]:[org.mybatis.spring.mapper.ClassPathMapperScanner] -- Identified candidate component class: file [H:\Code\isRunning\server\war_schoolsell\Schoolsell\target\classes\com\schoolsell\dao\AdministratorMapper.class]
[2019-04-10 12:04:47] -- [DEBUG]:[org.mybatis.spring.mapper.ClassPathMapperScanner] -- Identified candidate component class: file [H:\Code\isRunning\server\war_schoolsell\Schoolsell\target\classes\com\schoolsell\dao\BigkindMapper.class]
[2019-04-10 12:04:47] -- [DEBUG]:[org.mybatis.spring.mapper.ClassPathMapperScanner] -- Identified candidate component class: file [H:\Code\isRunning\server\war_schoolsell\Schoolsell\target\classes\com\schoolsell\dao\ChatreportMapper.class]
[2019-04-10 12:04:47] -- [DEBUG]:[org.mybatis.spring.mapper.ClassPathMapperScanner] -- Identified candidate component class: file [H:\Code\isRunning\server\war_schoolsell\Schoolsell\target\classes\com\schoolsell\dao\CommodityMapper.class]
[2019-04-10 12:04:47] -- [DEBUG]:[org.mybatis.spring.mapper.ClassPathMapperScanner] -- Identified candidate component class: file [H:\Code\isRunning\server\war_schoolsell\Schoolsell\target\classes\com\schoolsell\dao\FeedbackMapper.class]
[2019-04-10 12:04:47] -- [DEBUG]:[org.mybatis.spring.mapper.ClassPathMapperScanner] -- Identified candidate component class: file [H:\Code\isRunning\server\war_schoolsell\Schoolsell\target\classes\com\schoolsell\dao\JubaoMapper.class]
[2019-04-10 12:04:47] -- [DEBUG]:[org.mybatis.spring.mapper.ClassPathMapperScanner] -- Identified candidate component class: file [H:\Code\isRunning\server\war_schoolsell\Schoolsell\target\classes\com\schoolsell\dao\JubaopictureMapper.class]
[2019-04-10 12:04:47] -- [DEBUG]:[org.mybatis.spring.mapper.ClassPathMapperScanner] -- Identified candidate component class: file [H:\Code\isRunning\server\war_schoolsell\Schoolsell\target\classes\com\schoolsell\dao\OrdercommodityMapper.class]
[2019-04-10 12:04:47] -- [DEBUG]:[org.mybatis.spring.mapper.ClassPathMapperScanner] -- Identified candidate component class: file [H:\Code\isRunning\server\war_schoolsell\Schoolsell\target\classes\com\schoolsell\dao\OrderMapper.class]
[2019-04-10 12:04:47] -- [DEBUG]:[org.mybatis.spring.mapper.ClassPathMapperScanner] -- Identified candidate component class: file [H:\Code\isRunning\server\war_schoolsell\Schoolsell\target\classes\com\schoolsell\dao\PictureMapper.class]
[2019-04-10 12:04:47] -- [DEBUG]:[org.mybatis.spring.mapper.ClassPathMapperScanner] -- Identified candidate component class: file [H:\Code\isRunning\server\war_schoolsell\Schoolsell\target\classes\com\schoolsell\dao\ShopcarMapper.class]
[2019-04-10 12:04:47] -- [DEBUG]:[org.mybatis.spring.mapper.ClassPathMapperScanner] -- Identified candidate component class: file [H:\Code\isRunning\server\war_schoolsell\Schoolsell\target\classes\com\schoolsell\dao\SmallkindMapper.class]
[2019-04-10 12:04:47] -- [DEBUG]:[org.mybatis.spring.mapper.ClassPathMapperScanner] -- Identified candidate component class: file [H:\Code\isRunning\server\war_schoolsell\Schoolsell\target\classes\com\schoolsell\dao\UserMapper.class]
[2019-04-10 12:04:47] -- [DEBUG]:[org.mybatis.spring.mapper.ClassPathMapperScanner] -- Creating MapperFactoryBean with name 'administratorMapper' and 'com.schoolsell.dao.AdministratorMapper' mapperInterface
[2019-04-10 12:04:47] -- [DEBUG]:[org.mybatis.spring.mapper.ClassPathMapperScanner] -- Enabling autowire by type for MapperFactoryBean with name 'administratorMapper'.
[2019-04-10 12:04:47] -- [DEBUG]:[org.mybatis.spring.mapper.ClassPathMapperScanner] -- Creating MapperFactoryBean with name 'bigkindMapper' and 'com.schoolsell.dao.BigkindMapper' mapperInterface
[2019-04-10 12:04:47] -- [DEBUG]:[org.mybatis.spring.mapper.ClassPathMapperScanner] -- Enabling autowire by type for MapperFactoryBean with name 'bigkindMapper'.
[2019-04-10 12:04:47] -- [DEBUG]:[org.mybatis.spring.mapper.ClassPathMapperScanner] -- Creating MapperFactoryBean with name 'chatreportMapper' and 'com.schoolsell.dao.ChatreportMapper' mapperInterface
[2019-04-10 12:04:47] -- [DEBUG]:[org.mybatis.spring.mapper.ClassPathMapperScanner] -- Enabling autowire by type for MapperFactoryBean with name 'chatreportMapper'.
[2019-04-10 12:04:47] -- [DEBUG]:[org.mybatis.spring.mapper.ClassPathMapperScanner] -- Creating MapperFactoryBean with name 'commodityMapper' and 'com.schoolsell.dao.CommodityMapper' mapperInterface
[2019-04-10 12:04:47] -- [DEBUG]:[org.mybatis.spring.mapper.ClassPathMapperScanner] -- Enabling autowire by type for MapperFactoryBean with name 'commodityMapper'.
[2019-04-10 12:04:47] -- [DEBUG]:[org.mybatis.spring.mapper.ClassPathMapperScanner] -- Creating MapperFactoryBean with name 'feedbackMapper' and 'com.schoolsell.dao.FeedbackMapper' mapperInterface
[2019-04-10 12:04:47] -- [DEBUG]:[org.mybatis.spring.mapper.ClassPathMapperScanner] -- Enabling autowire by type for MapperFactoryBean with name 'feedbackMapper'.
[2019-04-10 12:04:47] -- [DEBUG]:[org.mybatis.spring.mapper.ClassPathMapperScanner] -- Creating MapperFactoryBean with name 'jubaoMapper' and 'com.schoolsell.dao.JubaoMapper' mapperInterface
[2019-04-10 12:04:47] -- [DEBUG]:[org.mybatis.spring.mapper.ClassPathMapperScanner] -- Enabling autowire by type for MapperFactoryBean with name 'jubaoMapper'.
[2019-04-10 12:04:47] -- [DEBUG]:[org.mybatis.spring.mapper.ClassPathMapperScanner] -- Creating MapperFactoryBean with name 'jubaopictureMapper' and 'com.schoolsell.dao.JubaopictureMapper' mapperInterface
[2019-04-10 12:04:47] -- [DEBUG]:[org.mybatis.spring.mapper.ClassPathMapperScanner] -- Enabling autowire by type for MapperFactoryBean with name 'jubaopictureMapper'.
[2019-04-10 12:04:47] -- [DEBUG]:[org.mybatis.spring.mapper.ClassPathMapperScanner] -- Creating MapperFactoryBean with name 'ordercommodityMapper' and 'com.schoolsell.dao.OrdercommodityMapper' mapperInterface
[2019-04-10 12:04:47] -- [DEBUG]:[org.mybatis.spring.mapper.ClassPathMapperScanner] -- Enabling autowire by type for MapperFactoryBean with name 'ordercommodityMapper'.
[2019-04-10 12:04:47] -- [DEBUG]:[org.mybatis.spring.mapper.ClassPathMapperScanner] -- Creating MapperFactoryBean with name 'orderMapper' and 'com.schoolsell.dao.OrderMapper' mapperInterface
[2019-04-10 12:04:47] -- [DEBUG]:[org.mybatis.spring.mapper.ClassPathMapperScanner] -- Enabling autowire by type for MapperFactoryBean with name 'orderMapper'.
[2019-04-10 12:04:47] -- [DEBUG]:[org.mybatis.spring.mapper.ClassPathMapperScanner] -- Creating MapperFactoryBean with name 'pictureMapper' and 'com.schoolsell.dao.PictureMapper' mapperInterface
[2019-04-10 12:04:47] -- [DEBUG]:[org.mybatis.spring.mapper.ClassPathMapperScanner] -- Enabling autowire by type for MapperFactoryBean with name 'pictureMapper'.
[2019-04-10 12:04:47] -- [DEBUG]:[org.mybatis.spring.mapper.ClassPathMapperScanner] -- Creating MapperFactoryBean with name 'shopcarMapper' and 'com.schoolsell.dao.ShopcarMapper' mapperInterface
[2019-04-10 12:04:47] -- [DEBUG]:[org.mybatis.spring.mapper.ClassPathMapperScanner] -- Enabling autowire by type for MapperFactoryBean with name 'shopcarMapper'.
[2019-04-10 12:04:47] -- [DEBUG]:[org.mybatis.spring.mapper.ClassPathMapperScanner] -- Creating MapperFactoryBean with name 'smallkindMapper' and 'com.schoolsell.dao.SmallkindMapper' mapperInterface
[2019-04-10 12:04:47] -- [DEBUG]:[org.mybatis.spring.mapper.ClassPathMapperScanner] -- Enabling autowire by type for MapperFactoryBean with name 'smallkindMapper'.
[2019-04-10 12:04:47] -- [DEBUG]:[org.mybatis.spring.mapper.ClassPathMapperScanner] -- Creating MapperFactoryBean with name 'userMapper' and 'com.schoolsell.dao.UserMapper' mapperInterface
[2019-04-10 12:04:47] -- [DEBUG]:[org.mybatis.spring.mapper.ClassPathMapperScanner] -- Enabling autowire by type for MapperFactoryBean with name 'userMapper'.
[2019-04-10 12:04:50] -- [DEBUG]:[com.zaxxer.hikari.HikariConfig] -- Driver class com.mysql.jdbc.Driver found in Thread context class loader sun.misc.Launcher$AppClassLoader@42a57993
[2019-04-10 12:04:50] -- [DEBUG]:[org.apache.ibatis.logging.LogFactory] -- Logging initialized using 'class org.apache.ibatis.logging.slf4j.Slf4jImpl' adapter.
[2019-04-10 12:04:50] -- [DEBUG]:[org.apache.ibatis.io.VFS] -- Using VFS adapter org.mybatis.spring.boot.autoconfigure.SpringBootVFS
[2019-04-10 12:04:50] -- [DEBUG]:[org.apache.ibatis.io.ResolverUtil] -- Checking to see if class com.schoolsell.entity.Administrator matches criteria [is assignable to Object]
[2019-04-10 12:04:50] -- [DEBUG]:[org.apache.ibatis.io.ResolverUtil] -- Checking to see if class com.schoolsell.entity.Bigkind matches criteria [is assignable to Object]
[2019-04-10 12:04:50] -- [DEBUG]:[org.apache.ibatis.io.ResolverUtil] -- Checking to see if class com.schoolsell.entity.Chatreport matches criteria [is assignable to Object]
[2019-04-10 12:04:50] -- [DEBUG]:[org.apache.ibatis.io.ResolverUtil] -- Checking to see if class com.schoolsell.entity.Commodity matches criteria [is assignable to Object]
[2019-04-10 12:04:50] -- [DEBUG]:[org.apache.ibatis.io.ResolverUtil] -- Checking to see if class com.schoolsell.entity.Feedback matches criteria [is assignable to Object]
[2019-04-10 12:04:50] -- [DEBUG]:[org.apache.ibatis.io.ResolverUtil] -- Checking to see if class com.schoolsell.entity.Jubao matches criteria [is assignable to Object]
[2019-04-10 12:04:50] -- [DEBUG]:[org.apache.ibatis.io.ResolverUtil] -- Checking to see if class com.schoolsell.entity.Jubaopicture matches criteria [is assignable to Object]
[2019-04-10 12:04:50] -- [DEBUG]:[org.apache.ibatis.io.ResolverUtil] -- Checking to see if class com.schoolsell.entity.Order matches criteria [is assignable to Object]
[2019-04-10 12:04:50] -- [DEBUG]:[org.apache.ibatis.io.ResolverUtil] -- Checking to see if class com.schoolsell.entity.Ordercommodity matches criteria [is assignable to Object]
[2019-04-10 12:04:50] -- [DEBUG]:[org.apache.ibatis.io.ResolverUtil] -- Checking to see if class com.schoolsell.entity.other.PictureCount matches criteria [is assignable to Object]
[2019-04-10 12:04:50] -- [DEBUG]:[org.apache.ibatis.io.ResolverUtil] -- Checking to see if class com.schoolsell.entity.Picture matches criteria [is assignable to Object]
[2019-04-10 12:04:50] -- [DEBUG]:[org.apache.ibatis.io.ResolverUtil] -- Checking to see if class com.schoolsell.entity.Shopcar matches criteria [is assignable to Object]
[2019-04-10 12:04:50] -- [DEBUG]:[org.apache.ibatis.io.ResolverUtil] -- Checking to see if class com.schoolsell.entity.Smallkind matches criteria [is assignable to Object]
[2019-04-10 12:04:50] -- [DEBUG]:[org.apache.ibatis.io.ResolverUtil] -- Checking to see if class com.schoolsell.entity.User matches criteria [is assignable to Object]
[2019-04-10 12:04:50] -- [DEBUG]:[org.mybatis.spring.SqlSessionFactoryBean] -- Scanned package: 'com.schoolsell.entity' for aliases
[2019-04-10 12:04:51] -- [DEBUG]:[org.mybatis.spring.SqlSessionFactoryBean] -- Parsed mapper file: 'file [H:\Code\isRunning\server\war_schoolsell\Schoolsell\target\classes\mapper\AdministratorMapper.xml]'
[2019-04-10 12:04:51] -- [DEBUG]:[org.mybatis.spring.SqlSessionFactoryBean] -- Parsed mapper file: 'file [H:\Code\isRunning\server\war_schoolsell\Schoolsell\target\classes\mapper\BigkindMapper.xml]'
[2019-04-10 12:04:51] -- [DEBUG]:[org.mybatis.spring.SqlSessionFactoryBean] -- Parsed mapper file: 'file [H:\Code\isRunning\server\war_schoolsell\Schoolsell\target\classes\mapper\ChatreportMapper.xml]'
[2019-04-10 12:04:51] -- [DEBUG]:[org.mybatis.spring.SqlSessionFactoryBean] -- Parsed mapper file: 'file [H:\Code\isRunning\server\war_schoolsell\Schoolsell\target\classes\mapper\CommodityMapper.xml]'
[2019-04-10 12:04:51] -- [DEBUG]:[org.mybatis.spring.SqlSessionFactoryBean] -- Parsed mapper file: 'file [H:\Code\isRunning\server\war_schoolsell\Schoolsell\target\classes\mapper\FeedbackMapper.xml]'
[2019-04-10 12:04:51] -- [DEBUG]:[org.mybatis.spring.SqlSessionFactoryBean] -- Parsed mapper file: 'file [H:\Code\isRunning\server\war_schoolsell\Schoolsell\target\classes\mapper\JubaoMapper.xml]'
[2019-04-10 12:04:51] -- [DEBUG]:[org.mybatis.spring.SqlSessionFactoryBean] -- Parsed mapper file: 'file [H:\Code\isRunning\server\war_schoolsell\Schoolsell\target\classes\mapper\JubaopictureMapper.xml]'
[2019-04-10 12:04:51] -- [DEBUG]:[org.mybatis.spring.SqlSessionFactoryBean] -- Parsed mapper file: 'file [H:\Code\isRunning\server\war_schoolsell\Schoolsell\target\classes\mapper\OrdercommodityMapper.xml]'
[2019-04-10 12:04:51] -- [DEBUG]:[org.mybatis.spring.SqlSessionFactoryBean] -- Parsed mapper file: 'file [H:\Code\isRunning\server\war_schoolsell\Schoolsell\target\classes\mapper\OrderMapper.xml]'
[2019-04-10 12:04:51] -- [DEBUG]:[org.mybatis.spring.SqlSessionFactoryBean] -- Parsed mapper file: 'file [H:\Code\isRunning\server\war_schoolsell\Schoolsell\target\classes\mapper\PictureMapper.xml]'
[2019-04-10 12:04:51] -- [DEBUG]:[org.mybatis.spring.SqlSessionFactoryBean] -- Parsed mapper file: 'file [H:\Code\isRunning\server\war_schoolsell\Schoolsell\target\classes\mapper\ShopcarMapper.xml]'
[2019-04-10 12:04:51] -- [DEBUG]:[org.mybatis.spring.SqlSessionFactoryBean] -- Parsed mapper file: 'file [H:\Code\isRunning\server\war_schoolsell\Schoolsell\target\classes\mapper\SmallkindMapper.xml]'
[2019-04-10 12:04:51] -- [DEBUG]:[org.mybatis.spring.SqlSessionFactoryBean] -- Parsed mapper file: 'file [H:\Code\isRunning\server\war_schoolsell\Schoolsell\target\classes\mapper\UserMapper.xml]'
[2019-04-10 12:04:57] -- [DEBUG]:[org.mybatis.spring.SqlSessionUtils] -- Creating a new SqlSession
[2019-04-10 12:04:57] -- [DEBUG]:[org.mybatis.spring.SqlSessionUtils] -- SqlSession [org.apache.ibatis.session.defaults.DefaultSqlSession@5961e92d] was not registered for synchronization because synchronization is not active
[2019-04-10 12:04:57] -- [DEBUG]:[com.zaxxer.hikari.HikariConfig] -- HikariPool-1 - configuration:
[2019-04-10 12:04:57] -- [DEBUG]:[com.zaxxer.hikari.HikariConfig] -- allowPoolSuspension.............false
[2019-04-10 12:04:57] -- [DEBUG]:[com.zaxxer.hikari.HikariConfig] -- autoCommit......................true
[2019-04-10 12:04:57] -- [DEBUG]:[com.zaxxer.hikari.HikariConfig] -- catalog.........................none
[2019-04-10 12:04:57] -- [DEBUG]:[com.zaxxer.hikari.HikariConfig] -- connectionInitSql...............none
[2019-04-10 12:04:57] -- [DEBUG]:[com.zaxxer.hikari.HikariConfig] -- connectionTestQuery.............none
[2019-04-10 12:04:57] -- [DEBUG]:[com.zaxxer.hikari.HikariConfig] -- connectionTimeout...............30000
[2019-04-10 12:04:57] -- [DEBUG]:[com.zaxxer.hikari.HikariConfig] -- dataSource......................none
[2019-04-10 12:04:57] -- [DEBUG]:[com.zaxxer.hikari.HikariConfig] -- dataSourceClassName.............none
[2019-04-10 12:04:57] -- [DEBUG]:[com.zaxxer.hikari.HikariConfig] -- dataSourceJNDI..................none
[2019-04-10 12:04:57] -- [DEBUG]:[com.zaxxer.hikari.HikariConfig] -- dataSourceProperties............{password=<masked>}
[2019-04-10 12:04:57] -- [DEBUG]:[com.zaxxer.hikari.HikariConfig] -- driverClassName................."com.mysql.jdbc.Driver"
[2019-04-10 12:04:57] -- [DEBUG]:[com.zaxxer.hikari.HikariConfig] -- healthCheckProperties...........{}
[2019-04-10 12:04:57] -- [DEBUG]:[com.zaxxer.hikari.HikariConfig] -- healthCheckRegistry.............none
[2019-04-10 12:04:57] -- [DEBUG]:[com.zaxxer.hikari.HikariConfig] -- idleTimeout.....................600000
[2019-04-10 12:04:57] -- [DEBUG]:[com.zaxxer.hikari.HikariConfig] -- initializationFailFast..........true
[2019-04-10 12:04:57] -- [DEBUG]:[com.zaxxer.hikari.HikariConfig] -- initializationFailTimeout.......1
[2019-04-10 12:04:57] -- [DEBUG]:[com.zaxxer.hikari.HikariConfig] -- isolateInternalQueries..........false
[2019-04-10 12:04:57] -- [DEBUG]:[com.zaxxer.hikari.HikariConfig] -- jdbc4ConnectionTest.............false
[2019-04-10 12:04:57] -- [DEBUG]:[com.zaxxer.hikari.HikariConfig] -- jdbcUrl.........................jdbc:mysql://localhost:3306/schoolsell?useUnicode=true&characterEncoding=utf-8&useSSL=false
[2019-04-10 12:04:57] -- [DEBUG]:[com.zaxxer.hikari.HikariConfig] -- leakDetectionThreshold..........0
[2019-04-10 12:04:57] -- [DEBUG]:[com.zaxxer.hikari.HikariConfig] -- maxLifetime.....................1800000
[2019-04-10 12:04:57] -- [DEBUG]:[com.zaxxer.hikari.HikariConfig] -- maximumPoolSize.................10
[2019-04-10 12:04:57] -- [DEBUG]:[com.zaxxer.hikari.HikariConfig] -- metricRegistry..................none
[2019-04-10 12:04:57] -- [DEBUG]:[com.zaxxer.hikari.HikariConfig] -- metricsTrackerFactory...........none
[2019-04-10 12:04:57] -- [DEBUG]:[com.zaxxer.hikari.HikariConfig] -- minimumIdle.....................10
[2019-04-10 12:04:57] -- [DEBUG]:[com.zaxxer.hikari.HikariConfig] -- password........................<masked>
[2019-04-10 12:04:57] -- [DEBUG]:[com.zaxxer.hikari.HikariConfig] -- poolName........................"HikariPool-1"
[2019-04-10 12:04:57] -- [DEBUG]:[com.zaxxer.hikari.HikariConfig] -- readOnly........................false
[2019-04-10 12:04:57] -- [DEBUG]:[com.zaxxer.hikari.HikariConfig] -- registerMbeans..................false
[2019-04-10 12:04:57] -- [DEBUG]:[com.zaxxer.hikari.HikariConfig] -- scheduledExecutor...............none
[2019-04-10 12:04:57] -- [DEBUG]:[com.zaxxer.hikari.HikariConfig] -- scheduledExecutorService........internal
[2019-04-10 12:04:57] -- [DEBUG]:[com.zaxxer.hikari.HikariConfig] -- schema..........................none
[2019-04-10 12:04:57] -- [DEBUG]:[com.zaxxer.hikari.HikariConfig] -- threadFactory...................internal
[2019-04-10 12:04:57] -- [DEBUG]:[com.zaxxer.hikari.HikariConfig] -- transactionIsolation............default
[2019-04-10 12:04:57] -- [DEBUG]:[com.zaxxer.hikari.HikariConfig] -- username........................"root"
[2019-04-10 12:04:57] -- [DEBUG]:[com.zaxxer.hikari.HikariConfig] -- validationTimeout...............5000
[2019-04-10 12:04:58] -- [DEBUG]:[com.zaxxer.hikari.pool.HikariPool] -- HikariPool-1 - Added connection com.mysql.jdbc.JDBC4Connection@3bed3315
[2019-04-10 12:04:58] -- [DEBUG]:[org.mybatis.spring.transaction.SpringManagedTransaction] -- JDBC Connection [HikariProxyConnection@245703044 wrapping com.mysql.jdbc.JDBC4Connection@3bed3315] will not be managed by Spring
[2019-04-10 12:04:58] -- [DEBUG]:[com.schoolsell.dao.UserMapper.selectByPrimaryKey] -- ==>  Preparing: select userID, `password`, userName, realName, idNumber, phoneNumber, address, credibility, profilePhoto, isChecked from user where userID = ? 
[2019-04-10 12:04:58] -- [DEBUG]:[com.schoolsell.dao.UserMapper.selectByPrimaryKey] -- ==> Parameters: 891993651@qq.com(String)
[2019-04-10 12:04:58] -- [DEBUG]:[com.schoolsell.dao.UserMapper.selectByPrimaryKey] -- <==      Total: 0
[2019-04-10 12:04:58] -- [DEBUG]:[org.mybatis.spring.SqlSessionUtils] -- Closing non transactional SqlSession [org.apache.ibatis.session.defaults.DefaultSqlSession@5961e92d]
[2019-04-10 12:04:58] -- [DEBUG]:[com.zaxxer.hikari.pool.HikariPool] -- HikariPool-1 - Pool stats (total=1, active=1, idle=0, waiting=0)
[2019-04-10 12:04:58] -- [DEBUG]:[com.zaxxer.hikari.pool.HikariPool] -- HikariPool-1 - Added connection com.mysql.jdbc.JDBC4Connection@4ae06b4c
[2019-04-10 12:04:58] -- [DEBUG]:[com.zaxxer.hikari.pool.HikariPool] -- HikariPool-1 - Added connection com.mysql.jdbc.JDBC4Connection@3e27f67a
[2019-04-10 12:04:58] -- [DEBUG]:[com.zaxxer.hikari.pool.HikariPool] -- HikariPool-1 - Added connection com.mysql.jdbc.JDBC4Connection@3956c666
[2019-04-10 12:04:58] -- [DEBUG]:[com.zaxxer.hikari.pool.HikariPool] -- HikariPool-1 - Added connection com.mysql.jdbc.JDBC4Connection@48faac76
[2019-04-10 12:04:58] -- [DEBUG]:[com.zaxxer.hikari.pool.HikariPool] -- HikariPool-1 - Added connection com.mysql.jdbc.JDBC4Connection@584f395c
[2019-04-10 12:04:58] -- [DEBUG]:[com.zaxxer.hikari.pool.HikariPool] -- HikariPool-1 - Added connection com.mysql.jdbc.JDBC4Connection@467c084d
[2019-04-10 12:04:58] -- [DEBUG]:[com.zaxxer.hikari.pool.HikariPool] -- HikariPool-1 - Added connection com.mysql.jdbc.JDBC4Connection@964c9d7
[2019-04-10 12:04:58] -- [DEBUG]:[com.zaxxer.hikari.pool.HikariPool] -- HikariPool-1 - Added connection com.mysql.jdbc.JDBC4Connection@b6c8c20
[2019-04-10 12:04:58] -- [DEBUG]:[com.zaxxer.hikari.pool.HikariPool] -- HikariPool-1 - Added connection com.mysql.jdbc.JDBC4Connection@5a156ed4
[2019-04-10 12:04:58] -- [DEBUG]:[com.zaxxer.hikari.pool.HikariPool] -- HikariPool-1 - After adding stats (total=10, active=0, idle=10, waiting=0)
[2019-04-10 12:05:00] -- [DEBUG]:[com.zaxxer.hikari.pool.HikariPool] -- HikariPool-1 - Before shutdown stats (total=10, active=0, idle=10, waiting=0)
[2019-04-10 12:05:00] -- [DEBUG]:[com.zaxxer.hikari.pool.PoolBase] -- HikariPool-1 - Closing connection com.mysql.jdbc.JDBC4Connection@3bed3315: (connection evicted)
[2019-04-10 12:05:00] -- [DEBUG]:[com.zaxxer.hikari.pool.PoolBase] -- HikariPool-1 - Closing connection com.mysql.jdbc.JDBC4Connection@4ae06b4c: (connection evicted)
[2019-04-10 12:05:00] -- [DEBUG]:[com.zaxxer.hikari.pool.PoolBase] -- HikariPool-1 - Closing connection com.mysql.jdbc.JDBC4Connection@3e27f67a: (connection evicted)
[2019-04-10 12:05:00] -- [DEBUG]:[com.zaxxer.hikari.pool.PoolBase] -- HikariPool-1 - Closing connection com.mysql.jdbc.JDBC4Connection@3956c666: (connection evicted)
[2019-04-10 12:05:00] -- [DEBUG]:[com.zaxxer.hikari.pool.PoolBase] -- HikariPool-1 - Closing connection com.mysql.jdbc.JDBC4Connection@48faac76: (connection evicted)
[2019-04-10 12:05:00] -- [DEBUG]:[com.zaxxer.hikari.pool.PoolBase] -- HikariPool-1 - Closing connection com.mysql.jdbc.JDBC4Connection@584f395c: (connection evicted)
[2019-04-10 12:05:00] -- [DEBUG]:[com.zaxxer.hikari.pool.PoolBase] -- HikariPool-1 - Closing connection com.mysql.jdbc.JDBC4Connection@467c084d: (connection evicted)
[2019-04-10 12:05:00] -- [DEBUG]:[com.zaxxer.hikari.pool.PoolBase] -- HikariPool-1 - Closing connection com.mysql.jdbc.JDBC4Connection@964c9d7: (connection evicted)
[2019-04-10 12:05:00] -- [DEBUG]:[com.zaxxer.hikari.pool.PoolBase] -- HikariPool-1 - Closing connection com.mysql.jdbc.JDBC4Connection@b6c8c20: (connection evicted)
[2019-04-10 12:05:00] -- [DEBUG]:[com.zaxxer.hikari.pool.PoolBase] -- HikariPool-1 - Closing connection com.mysql.jdbc.JDBC4Connection@5a156ed4: (connection evicted)
[2019-04-10 12:05:00] -- [DEBUG]:[com.zaxxer.hikari.pool.HikariPool] -- HikariPool-1 - After shutdown stats (total=0, active=0, idle=0, waiting=0)
