[2019-05-13 20:55:53] -- [INFO ]:[com.schoolsell.SchoolsellApplication] -- Starting SchoolsellApplication on DESKTOP-12K0HGL with PID 17276 (H:\GitHub\schoolsell\Schoolsell-local\target\classes started by xinyun in H:\GitHub\schoolsell\Schoolsell-local)
[2019-05-13 20:55:53] -- [INFO ]:[com.schoolsell.SchoolsellApplication] -- No active profile set, falling back to default profiles: default
[2019-05-13 20:55:58] -- [INFO ]:[org.apache.coyote.http11.Http11NioProtocol] -- Initializing ProtocolHandler ["http-nio-8080"]
[2019-05-13 20:55:58] -- [INFO ]:[org.apache.catalina.core.StandardService] -- Starting service [Tomcat]
[2019-05-13 20:55:58] -- [INFO ]:[org.apache.catalina.core.StandardEngine] -- Starting Servlet Engine: Apache Tomcat/8.5.32
[2019-05-13 20:55:58] -- [INFO ]:[org.apache.catalina.core.AprLifecycleListener] -- The APR based Apache Tomcat Native library which allows optimal performance in production environments was not found on the java.library.path: [H:\Download\win_tools\install_tools\jdk\bin;C:\Windows\Sun\Java\bin;C:\Windows\system32;C:\Windows;I:\Oracle\product\11.2.0\dbhome_1\bin;H:\Download\win_tools\xftp\install\;H:\Download\win_tools\xshell\;C:\Program Files (x86)\Common Files\Oracle\Java\javapath;C:\Windows\system32;C:\Windows;C:\Windows\System32\Wbem;C:\Windows\System32\WindowsPowerShell\v1.0\;C:\Windows\System32\OpenSSH\;H:\Download\win_tools\MySQL\mysql-8.0.15-winx64\bin;H:\Download\win_tools\maven\apache-maven-3.6.0-bin\apache-maven-3.6.0\bin;"H:\Download\win_tools\install_tools\jdk\bin;H:\Download\win_tools\install_tools\jdk\jre\bin";H:\Download\win_tools\git\Git\cmd;C:\Users\xinyun\AppData\Local\Microsoft\WindowsApps;I:\Tools\IDEA\IntelliJ IDEA 2018.3.5\bin;;;.]
[2019-05-13 20:55:59] -- [INFO ]:[org.apache.catalina.core.ContainerBase.[Tomcat].[localhost].[/]] -- Initializing Spring embedded WebApplicationContext
[2019-05-13 20:56:03] -- [INFO ]:[org.apache.coyote.http11.Http11NioProtocol] -- Starting ProtocolHandler ["http-nio-8080"]
[2019-05-13 20:56:03] -- [INFO ]:[com.schoolsell.SchoolsellApplication] -- Started SchoolsellApplication in 12.956 seconds (JVM running for 17.791)
[2019-05-13 20:56:10] -- [INFO ]:[org.apache.catalina.core.ContainerBase.[Tomcat].[localhost].[/]] -- Initializing Spring FrameworkServlet 'dispatcherServlet'
[2019-05-13 20:56:10] -- [INFO ]:[com.schoolsell.util.myAspect.LoginAspect] -- /********************用户发起请求****************/
[2019-05-13 20:56:10] -- [INFO ]:[com.schoolsell.util.myAspect.LoginAspect] -- URL : http://127.0.0.1:8080/schoolsell/wxLogin
[2019-05-13 20:56:10] -- [INFO ]:[com.schoolsell.util.myAspect.LoginAspect] -- HTTP_METHOD : POST
[2019-05-13 20:56:10] -- [INFO ]:[com.schoolsell.util.myAspect.LoginAspect] -- IP : 127.0.0.1
[2019-05-13 20:56:10] -- [INFO ]:[com.schoolsell.util.myAspect.LoginAspect] -- CLASS_METHOD : com.schoolsell.controller.WeixinController.wxLogin
[2019-05-13 20:56:12] -- [INFO ]:[com.zaxxer.hikari.HikariDataSource] -- HikariPool-1 - Starting...
[2019-05-13 20:56:13] -- [INFO ]:[com.zaxxer.hikari.HikariDataSource] -- HikariPool-1 - Start completed.
[2019-05-13 20:56:13] -- [INFO ]:[com.schoolsell.util.myAspect.LoginAspect] -- 方法返回值:{userID=-498702880@qq.com, isExist=yes}
[2019-05-13 20:56:13] -- [INFO ]:[com.schoolsell.util.myAspect.LoginAspect] -- /**********************请求结束******************/
[2019-05-13 20:56:15] -- [INFO ]:[com.schoolsell.util.myAspect.LoginAspect] -- /********************用户发起请求****************/
[2019-05-13 20:56:15] -- [INFO ]:[com.schoolsell.util.myAspect.LoginAspect] -- /********************用户发起请求****************/
[2019-05-13 20:56:15] -- [INFO ]:[com.schoolsell.util.myAspect.LoginAspect] -- URL : http://127.0.0.1:8080/schoolsell/firstpic
[2019-05-13 20:56:15] -- [INFO ]:[com.schoolsell.util.myAspect.LoginAspect] -- URL : http://127.0.0.1:8080/schoolsell/getAllPicture
[2019-05-13 20:56:15] -- [INFO ]:[com.schoolsell.util.myAspect.LoginAspect] -- HTTP_METHOD : GET
[2019-05-13 20:56:15] -- [INFO ]:[com.schoolsell.util.myAspect.LoginAspect] -- HTTP_METHOD : GET
[2019-05-13 20:56:15] -- [INFO ]:[com.schoolsell.util.myAspect.LoginAspect] -- IP : 127.0.0.1
[2019-05-13 20:56:15] -- [INFO ]:[com.schoolsell.util.myAspect.LoginAspect] -- CLASS_METHOD : com.schoolsell.controller.CommodityController.getAllPicture
[2019-05-13 20:56:15] -- [INFO ]:[com.schoolsell.util.myAspect.LoginAspect] -- IP : 127.0.0.1
[2019-05-13 20:56:15] -- [INFO ]:[com.schoolsell.util.myAspect.LoginAspect] -- CLASS_METHOD : com.schoolsell.controller.CommodityController.firstpic
[2019-05-13 20:56:16] -- [INFO ]:[com.schoolsell.util.myAspect.LoginAspect] -- 方法返回值:{all=[Commodity [Hash = 937993340, cid=49, cprice=14, bargain=true, usetime=四成新, cdescription=3344的第一份商品, ischecked=2, sellerid=3344@qq.com, cname=一风景, kname=编程, thumbnail=H:\Code\Schoolsell\target\classes\static\thumbnail\49.jpg, ccount=6, serialVersionUID=1], Commodity [Hash = 2111024536, cid=50, cprice=56, bargain=true, usetime=四成新, cdescription=3344的第二份商品, ischecked=2, sellerid=3344@qq.com, cname=二风景, kname=英语, thumbnail=H:\Code\Schoolsell\target\classes\static\thumbnail\50.jpg, ccount=7, serialVersionUID=1], Commodity [Hash = 865836807, cid=51, cprice=45, bargain=true, usetime=六成新, cdescription=3344的第三份商品, ischecked=2, sellerid=3344@qq.com, cname=三风景, kname=篮球, thumbnail=H:\Code\Schoolsell\target\classes\static\thumbnail\51.jpg, ccount=5, serialVersionUID=1], Commodity [Hash = 1732862110, cid=52, cprice=76, bargain=true, usetime=四成新, cdescription=3344的第四份商品, ischecked=1, sellerid=3344@qq.com, cname=四风景, kname=足球, thumbnail=H:\Code\Schoolsell\target\classes\static\thumbnail\52.jpg, ccount=6, serialVersionUID=1], Commodity [Hash = 359719759, cid=53, cprice=88, bargain=true, usetime=四成新, cdescription=3344的第五份商品, ischecked=1, sellerid=3344@qq.com, cname=五风景, kname=手机, thumbnail=H:\Code\Schoolsell\target\classes\static\thumbnail\53.jpg, ccount=9, serialVersionUID=1], Commodity [Hash = 1974412052, cid=54, cprice=86, bargain=true, usetime=八成新, cdescription=3344的第六份商品, ischecked=1, sellerid=3344@qq.com, cname=六风景, kname=笔记本, thumbnail=H:\Code\Schoolsell\target\classes\static\thumbnail\54.jpg, ccount=4, serialVersionUID=1], Commodity [Hash = 438565121, cid=56, cprice=56, bargain=true, usetime=四成新, cdescription=1122的第二份商品, ischecked=1, sellerid=1122@qq.com, cname=十风景, kname=足球, thumbnail=H:\Code\Schoolsell\target\classes\static\thumbnail\56.jpg, ccount=4, serialVersionUID=1], Commodity [Hash = 910305099, cid=58, cprice=78, bargain=true, usetime=四成新, cdescription=1122的, ischecked=1, sellerid=1122@qq.com, cname=七风景, kname=手机, thumbnail=H:\Code\Schoolsell\target\classes\static\thumbnail\58.jpg, ccount=7, serialVersionUID=1], Commodity [Hash = 607834199, cid=61, cprice=78, bargain=true, usetime=五成新, cdescription=第九张, ischecked=1, sellerid=1122@qq.com, cname=九风景, kname=英语, thumbnail=H:\GitHub\schoolsell\Schoolsell-local\target\classes\static\thumbnail\61.jpg, ccount=9, serialVersionUID=1], Commodity [Hash = 671211591, cid=62, cprice=56, bargain=true, usetime=四成新, cdescription=第十一张, ischecked=1, sellerid=1122@qq.com, cname=十一风景, kname=篮球, thumbnail=H:\GitHub\schoolsell\Schoolsell-local\target\classes\static\thumbnail\62.jpg, ccount=7, serialVersionUID=1], Commodity [Hash = 770699191, cid=63, cprice=34, bargain=true, usetime=四成新, cdescription=第十二张, ischecked=1, sellerid=1122@qq.com, cname=八风景, kname=编程, thumbnail=H:\GitHub\schoolsell\Schoolsell-local\target\classes\static\thumbnail\63.jpg, ccount=17, serialVersionUID=1], Commodity [Hash = 179371326, cid=64, cprice=57, bargain=true, usetime=四成新, cdescription=第十三章, ischecked=1, sellerid=1122@qq.com, cname=十二风景, kname=笔记本, thumbnail=H:\GitHub\schoolsell\Schoolsell-local\target\classes\static\thumbnail\64.jpg, ccount=4, serialVersionUID=1], Commodity [Hash = 2029665367, cid=65, cprice=89, bargain=true, usetime=四成新, cdescription=第十三张, ischecked=1, sellerid=1122@qq.com, cname=十三风景, kname=笔记本, thumbnail=H:\GitHub\schoolsell\Schoolsell-local\target\classes\static\thumbnail\65.jpg, ccount=8, serialVersionUID=1]], first=[Bigkind [Hash = 1600055511, bigkindid=1, bigkindname=学习, bigkindpicture=null, serialVersionUID=1], Bigkind [Hash = 220083932, bigkindid=2, bigkindname=运动, bigkindpicture=null, serialVersionUID=1], Bigkind [Hash = 4875084, bigkindid=3, bigkindname=电子, bigkindpicture=null, serialVersionUID=1]]}
[2019-05-13 20:56:16] -- [INFO ]:[com.schoolsell.util.myAspect.LoginAspect] -- /**********************请求结束******************/
[2019-05-13 20:56:16] -- [INFO ]:[com.schoolsell.util.myAspect.LoginAspect] -- 方法返回值:{result={result=[wx31174c6b66d0721a.o6zAJsz2ACsFCLynD3x-Azx1VlwE.BrLi4jKIp32ufca28140d7b201d86c208196c177d9f4.jpg, 49, wx31174c6b66d0721a.o6zAJsz2ACsFCLynD3x-Azx1VlwE.oFw5sbgFfsjLbc9b2cb605df5c5315614c4a2bc1859a.jpg, 50, wx31174c6b66d0721a.o6zAJsz2ACsFCLynD3x-Azx1VlwE.B0ed3m3YV7hLd4adef7c0fa987872884674aba886049.jpg, 51]}}
[2019-05-13 20:56:16] -- [INFO ]:[com.schoolsell.util.myAspect.LoginAspect] -- /**********************请求结束******************/
[2019-05-13 20:56:35] -- [INFO ]:[com.schoolsell.util.myAspect.LoginAspect] -- /********************用户发起请求****************/
[2019-05-13 20:56:35] -- [INFO ]:[com.schoolsell.util.myAspect.LoginAspect] -- URL : http://localhost:8080/schoolsell/leaveFirst
[2019-05-13 20:56:35] -- [INFO ]:[com.schoolsell.util.myAspect.LoginAspect] -- HTTP_METHOD : GET
[2019-05-13 20:56:35] -- [INFO ]:[com.schoolsell.util.myAspect.LoginAspect] -- IP : 0:0:0:0:0:0:0:1
[2019-05-13 20:56:35] -- [INFO ]:[com.schoolsell.util.myAspect.LoginAspect] -- CLASS_METHOD : com.schoolsell.controller.CommodityController.leaveFirst
[2019-05-13 20:56:35] -- [INFO ]:[com.schoolsell.util.myAspect.LoginAspect] -- 方法返回值:{result=清零}
[2019-05-13 20:56:35] -- [INFO ]:[com.schoolsell.util.myAspect.LoginAspect] -- /**********************请求结束******************/
[2019-05-13 20:58:00] -- [INFO ]:[com.schoolsell.util.myAspect.LoginAspect] -- /********************用户发起请求****************/
[2019-05-13 20:58:00] -- [INFO ]:[com.schoolsell.util.myAspect.LoginAspect] -- URL : http://127.0.0.1:8080/schoolsell/wxLogin
[2019-05-13 20:58:00] -- [INFO ]:[com.schoolsell.util.myAspect.LoginAspect] -- HTTP_METHOD : POST
[2019-05-13 20:58:00] -- [INFO ]:[com.schoolsell.util.myAspect.LoginAspect] -- IP : 127.0.0.1
[2019-05-13 20:58:00] -- [INFO ]:[com.schoolsell.util.myAspect.LoginAspect] -- CLASS_METHOD : com.schoolsell.controller.WeixinController.wxLogin
[2019-05-13 20:58:01] -- [INFO ]:[com.schoolsell.util.myAspect.LoginAspect] -- 方法返回值:{userID=-498702880@qq.com, isExist=yes}
[2019-05-13 20:58:01] -- [INFO ]:[com.schoolsell.util.myAspect.LoginAspect] -- /**********************请求结束******************/
[2019-05-13 20:58:03] -- [INFO ]:[com.schoolsell.util.myAspect.LoginAspect] -- /********************用户发起请求****************/
[2019-05-13 20:58:03] -- [INFO ]:[com.schoolsell.util.myAspect.LoginAspect] -- URL : http://127.0.0.1:8080/schoolsell/getAllPicture
[2019-05-13 20:58:03] -- [INFO ]:[com.schoolsell.util.myAspect.LoginAspect] -- HTTP_METHOD : GET
[2019-05-13 20:58:03] -- [INFO ]:[com.schoolsell.util.myAspect.LoginAspect] -- IP : 127.0.0.1
[2019-05-13 20:58:03] -- [INFO ]:[com.schoolsell.util.myAspect.LoginAspect] -- CLASS_METHOD : com.schoolsell.controller.CommodityController.getAllPicture
[2019-05-13 20:58:03] -- [INFO ]:[com.schoolsell.util.myAspect.LoginAspect] -- /********************用户发起请求****************/
[2019-05-13 20:58:03] -- [INFO ]:[com.schoolsell.util.myAspect.LoginAspect] -- URL : http://127.0.0.1:8080/schoolsell/firstpic
[2019-05-13 20:58:03] -- [INFO ]:[com.schoolsell.util.myAspect.LoginAspect] -- HTTP_METHOD : GET
[2019-05-13 20:58:03] -- [INFO ]:[com.schoolsell.util.myAspect.LoginAspect] -- IP : 127.0.0.1
[2019-05-13 20:58:03] -- [INFO ]:[com.schoolsell.util.myAspect.LoginAspect] -- CLASS_METHOD : com.schoolsell.controller.CommodityController.firstpic
[2019-05-13 20:58:03] -- [INFO ]:[com.schoolsell.util.myAspect.LoginAspect] -- 方法返回值:{all=[Commodity [Hash = 263712456, cid=49, cprice=14, bargain=true, usetime=四成新, cdescription=3344的第一份商品, ischecked=2, sellerid=3344@qq.com, cname=一风景, kname=编程, thumbnail=H:\Code\Schoolsell\target\classes\static\thumbnail\49.jpg, ccount=6, serialVersionUID=1], Commodity [Hash = 1304248280, cid=50, cprice=56, bargain=true, usetime=四成新, cdescription=3344的第二份商品, ischecked=2, sellerid=3344@qq.com, cname=二风景, kname=英语, thumbnail=H:\Code\Schoolsell\target\classes\static\thumbnail\50.jpg, ccount=7, serialVersionUID=1], Commodity [Hash = 830345549, cid=51, cprice=45, bargain=true, usetime=六成新, cdescription=3344的第三份商品, ischecked=2, sellerid=3344@qq.com, cname=三风景, kname=篮球, thumbnail=H:\Code\Schoolsell\target\classes\static\thumbnail\51.jpg, ccount=5, serialVersionUID=1], Commodity [Hash = 1755850109, cid=52, cprice=76, bargain=true, usetime=四成新, cdescription=3344的第四份商品, ischecked=1, sellerid=3344@qq.com, cname=四风景, kname=足球, thumbnail=H:\Code\Schoolsell\target\classes\static\thumbnail\52.jpg, ccount=6, serialVersionUID=1], Commodity [Hash = 1490634510, cid=53, cprice=88, bargain=true, usetime=四成新, cdescription=3344的第五份商品, ischecked=1, sellerid=3344@qq.com, cname=五风景, kname=手机, thumbnail=H:\Code\Schoolsell\target\classes\static\thumbnail\53.jpg, ccount=9, serialVersionUID=1], Commodity [Hash = 2092884018, cid=54, cprice=86, bargain=true, usetime=八成新, cdescription=3344的第六份商品, ischecked=1, sellerid=3344@qq.com, cname=六风景, kname=笔记本, thumbnail=H:\Code\Schoolsell\target\classes\static\thumbnail\54.jpg, ccount=4, serialVersionUID=1], Commodity [Hash = 1024160401, cid=56, cprice=56, bargain=true, usetime=四成新, cdescription=1122的第二份商品, ischecked=1, sellerid=1122@qq.com, cname=十风景, kname=足球, thumbnail=H:\Code\Schoolsell\target\classes\static\thumbnail\56.jpg, ccount=4, serialVersionUID=1], Commodity [Hash = 346106752, cid=58, cprice=78, bargain=true, usetime=四成新, cdescription=1122的, ischecked=1, sellerid=1122@qq.com, cname=七风景, kname=手机, thumbnail=H:\Code\Schoolsell\target\classes\static\thumbnail\58.jpg, ccount=7, serialVersionUID=1], Commodity [Hash = 106098477, cid=61, cprice=78, bargain=true, usetime=五成新, cdescription=第九张, ischecked=1, sellerid=1122@qq.com, cname=九风景, kname=英语, thumbnail=H:\GitHub\schoolsell\Schoolsell-local\target\classes\static\thumbnail\61.jpg, ccount=9, serialVersionUID=1], Commodity [Hash = 233189541, cid=62, cprice=56, bargain=true, usetime=四成新, cdescription=第十一张, ischecked=1, sellerid=1122@qq.com, cname=十一风景, kname=篮球, thumbnail=H:\GitHub\schoolsell\Schoolsell-local\target\classes\static\thumbnail\62.jpg, ccount=7, serialVersionUID=1], Commodity [Hash = 1805599858, cid=63, cprice=34, bargain=true, usetime=四成新, cdescription=第十二张, ischecked=1, sellerid=1122@qq.com, cname=八风景, kname=编程, thumbnail=H:\GitHub\schoolsell\Schoolsell-local\target\classes\static\thumbnail\63.jpg, ccount=17, serialVersionUID=1], Commodity [Hash = 1996464042, cid=64, cprice=57, bargain=true, usetime=四成新, cdescription=第十三章, ischecked=1, sellerid=1122@qq.com, cname=十二风景, kname=笔记本, thumbnail=H:\GitHub\schoolsell\Schoolsell-local\target\classes\static\thumbnail\64.jpg, ccount=4, serialVersionUID=1], Commodity [Hash = 1740975583, cid=65, cprice=89, bargain=true, usetime=四成新, cdescription=第十三张, ischecked=1, sellerid=1122@qq.com, cname=十三风景, kname=笔记本, thumbnail=H:\GitHub\schoolsell\Schoolsell-local\target\classes\static\thumbnail\65.jpg, ccount=8, serialVersionUID=1]], first=[Bigkind [Hash = 1528449690, bigkindid=1, bigkindname=学习, bigkindpicture=null, serialVersionUID=1], Bigkind [Hash = 1245129055, bigkindid=2, bigkindname=运动, bigkindpicture=null, serialVersionUID=1], Bigkind [Hash = 1077935484, bigkindid=3, bigkindname=电子, bigkindpicture=null, serialVersionUID=1]]}
[2019-05-13 20:58:03] -- [INFO ]:[com.schoolsell.util.myAspect.LoginAspect] -- /**********************请求结束******************/
[2019-05-13 20:58:03] -- [INFO ]:[com.schoolsell.util.myAspect.LoginAspect] -- 方法返回值:{result={result=[wx31174c6b66d0721a.o6zAJsz2ACsFCLynD3x-Azx1VlwE.BrLi4jKIp32ufca28140d7b201d86c208196c177d9f4.jpg, 49, wx31174c6b66d0721a.o6zAJsz2ACsFCLynD3x-Azx1VlwE.oFw5sbgFfsjLbc9b2cb605df5c5315614c4a2bc1859a.jpg, 50, wx31174c6b66d0721a.o6zAJsz2ACsFCLynD3x-Azx1VlwE.B0ed3m3YV7hLd4adef7c0fa987872884674aba886049.jpg, 51]}}
[2019-05-13 20:58:03] -- [INFO ]:[com.schoolsell.util.myAspect.LoginAspect] -- /**********************请求结束******************/
[2019-05-13 20:58:03] -- [INFO ]:[com.schoolsell.util.myAspect.LoginAspect] -- /********************用户发起请求****************/
[2019-05-13 20:58:03] -- [INFO ]:[com.schoolsell.util.myAspect.LoginAspect] -- URL : http://localhost:8080/schoolsell/leaveFirst
[2019-05-13 20:58:03] -- [INFO ]:[com.schoolsell.util.myAspect.LoginAspect] -- HTTP_METHOD : GET
[2019-05-13 20:58:03] -- [INFO ]:[com.schoolsell.util.myAspect.LoginAspect] -- IP : 0:0:0:0:0:0:0:1
[2019-05-13 20:58:03] -- [INFO ]:[com.schoolsell.util.myAspect.LoginAspect] -- CLASS_METHOD : com.schoolsell.controller.CommodityController.leaveFirst
[2019-05-13 20:58:03] -- [INFO ]:[com.schoolsell.util.myAspect.LoginAspect] -- 方法返回值:{result=清零}
[2019-05-13 20:58:03] -- [INFO ]:[com.schoolsell.util.myAspect.LoginAspect] -- /**********************请求结束******************/
[2019-05-13 20:58:05] -- [INFO ]:[com.schoolsell.util.myAspect.LoginAspect] -- /********************用户发起请求****************/
[2019-05-13 20:58:05] -- [INFO ]:[com.schoolsell.util.myAspect.LoginAspect] -- URL : http://127.0.0.1:8080/schoolsell/getOrderByBuyerID
[2019-05-13 20:58:05] -- [INFO ]:[com.schoolsell.util.myAspect.LoginAspect] -- HTTP_METHOD : GET
[2019-05-13 20:58:05] -- [INFO ]:[com.schoolsell.util.myAspect.LoginAspect] -- IP : 127.0.0.1
[2019-05-13 20:58:05] -- [INFO ]:[com.schoolsell.util.myAspect.LoginAspect] -- CLASS_METHOD : com.schoolsell.controller.OrderController.getOrderByBuyerID
[2019-05-13 20:58:05] -- [INFO ]:[com.schoolsell.util.myAspect.LoginAspect] -- 方法返回值:{oredercommodity=[[Ordercommodity [Hash = 650226301, ocid=6, orderid=7, cid=49, amount=1, cprice=14, cname=一风景, bargain=false, serialVersionUID=1]], [Ordercommodity [Hash = 442203391, ocid=7, orderid=8, cid=50, amount=1, cprice=56, cname=二风景, bargain=false, serialVersionUID=1]]], orderresult=[com.schoolsell.entity.Order@389554de, com.schoolsell.entity.Order@5a1c164b]}
[2019-05-13 20:58:05] -- [INFO ]:[com.schoolsell.util.myAspect.LoginAspect] -- /**********************请求结束******************/
[2019-05-13 20:59:08] -- [INFO ]:[com.schoolsell.util.myAspect.LoginAspect] -- /********************用户发起请求****************/
[2019-05-13 20:59:08] -- [INFO ]:[com.schoolsell.util.myAspect.LoginAspect] -- URL : http://127.0.0.1:8080/schoolsell/getAllPicture
[2019-05-13 20:59:08] -- [INFO ]:[com.schoolsell.util.myAspect.LoginAspect] -- HTTP_METHOD : GET
[2019-05-13 20:59:08] -- [INFO ]:[com.schoolsell.util.myAspect.LoginAspect] -- IP : 127.0.0.1
[2019-05-13 20:59:08] -- [INFO ]:[com.schoolsell.util.myAspect.LoginAspect] -- CLASS_METHOD : com.schoolsell.controller.CommodityController.getAllPicture
[2019-05-13 20:59:08] -- [INFO ]:[com.schoolsell.util.myAspect.LoginAspect] -- /********************用户发起请求****************/
[2019-05-13 20:59:08] -- [INFO ]:[com.schoolsell.util.myAspect.LoginAspect] -- URL : http://127.0.0.1:8080/schoolsell/firstpic
[2019-05-13 20:59:08] -- [INFO ]:[com.schoolsell.util.myAspect.LoginAspect] -- HTTP_METHOD : GET
[2019-05-13 20:59:08] -- [INFO ]:[com.schoolsell.util.myAspect.LoginAspect] -- IP : 127.0.0.1
[2019-05-13 20:59:08] -- [INFO ]:[com.schoolsell.util.myAspect.LoginAspect] -- CLASS_METHOD : com.schoolsell.controller.CommodityController.firstpic
[2019-05-13 20:59:08] -- [INFO ]:[com.schoolsell.util.myAspect.LoginAspect] -- 方法返回值:{all=[Commodity [Hash = 1603804790, cid=49, cprice=14, bargain=true, usetime=四成新, cdescription=3344的第一份商品, ischecked=2, sellerid=3344@qq.com, cname=一风景, kname=编程, thumbnail=H:\Code\Schoolsell\target\classes\static\thumbnail\49.jpg, ccount=6, serialVersionUID=1], Commodity [Hash = 1768298063, cid=50, cprice=56, bargain=true, usetime=四成新, cdescription=3344的第二份商品, ischecked=2, sellerid=3344@qq.com, cname=二风景, kname=英语, thumbnail=H:\Code\Schoolsell\target\classes\static\thumbnail\50.jpg, ccount=7, serialVersionUID=1], Commodity [Hash = 332987030, cid=51, cprice=45, bargain=true, usetime=六成新, cdescription=3344的第三份商品, ischecked=2, sellerid=3344@qq.com, cname=三风景, kname=篮球, thumbnail=H:\Code\Schoolsell\target\classes\static\thumbnail\51.jpg, ccount=5, serialVersionUID=1], Commodity [Hash = 482482775, cid=52, cprice=76, bargain=true, usetime=四成新, cdescription=3344的第四份商品, ischecked=1, sellerid=3344@qq.com, cname=四风景, kname=足球, thumbnail=H:\Code\Schoolsell\target\classes\static\thumbnail\52.jpg, ccount=6, serialVersionUID=1], Commodity [Hash = 53926935, cid=53, cprice=88, bargain=true, usetime=四成新, cdescription=3344的第五份商品, ischecked=1, sellerid=3344@qq.com, cname=五风景, kname=手机, thumbnail=H:\Code\Schoolsell\target\classes\static\thumbnail\53.jpg, ccount=9, serialVersionUID=1], Commodity [Hash = 1522234960, cid=54, cprice=86, bargain=true, usetime=八成新, cdescription=3344的第六份商品, ischecked=1, sellerid=3344@qq.com, cname=六风景, kname=笔记本, thumbnail=H:\Code\Schoolsell\target\classes\static\thumbnail\54.jpg, ccount=4, serialVersionUID=1], Commodity [Hash = 241380315, cid=56, cprice=56, bargain=true, usetime=四成新, cdescription=1122的第二份商品, ischecked=1, sellerid=1122@qq.com, cname=十风景, kname=足球, thumbnail=H:\Code\Schoolsell\target\classes\static\thumbnail\56.jpg, ccount=4, serialVersionUID=1], Commodity [Hash = 41916642, cid=58, cprice=78, bargain=true, usetime=四成新, cdescription=1122的, ischecked=1, sellerid=1122@qq.com, cname=七风景, kname=手机, thumbnail=H:\Code\Schoolsell\target\classes\static\thumbnail\58.jpg, ccount=7, serialVersionUID=1], Commodity [Hash = 932981470, cid=61, cprice=78, bargain=true, usetime=五成新, cdescription=第九张, ischecked=1, sellerid=1122@qq.com, cname=九风景, kname=英语, thumbnail=H:\GitHub\schoolsell\Schoolsell-local\target\classes\static\thumbnail\61.jpg, ccount=9, serialVersionUID=1], Commodity [Hash = 915723147, cid=62, cprice=56, bargain=true, usetime=四成新, cdescription=第十一张, ischecked=1, sellerid=1122@qq.com, cname=十一风景, kname=篮球, thumbnail=H:\GitHub\schoolsell\Schoolsell-local\target\classes\static\thumbnail\62.jpg, ccount=7, serialVersionUID=1], Commodity [Hash = 566106993, cid=63, cprice=34, bargain=true, usetime=四成新, cdescription=第十二张, ischecked=1, sellerid=1122@qq.com, cname=八风景, kname=编程, thumbnail=H:\GitHub\schoolsell\Schoolsell-local\target\classes\static\thumbnail\63.jpg, ccount=17, serialVersionUID=1], Commodity [Hash = 1610100524, cid=64, cprice=57, bargain=true, usetime=四成新, cdescription=第十三章, ischecked=1, sellerid=1122@qq.com, cname=十二风景, kname=笔记本, thumbnail=H:\GitHub\schoolsell\Schoolsell-local\target\classes\static\thumbnail\64.jpg, ccount=4, serialVersionUID=1], Commodity [Hash = 165946583, cid=65, cprice=89, bargain=true, usetime=四成新, cdescription=第十三张, ischecked=1, sellerid=1122@qq.com, cname=十三风景, kname=笔记本, thumbnail=H:\GitHub\schoolsell\Schoolsell-local\target\classes\static\thumbnail\65.jpg, ccount=8, serialVersionUID=1]], first=[Bigkind [Hash = 427599595, bigkindid=1, bigkindname=学习, bigkindpicture=null, serialVersionUID=1], Bigkind [Hash = 1221083942, bigkindid=2, bigkindname=运动, bigkindpicture=null, serialVersionUID=1], Bigkind [Hash = 1448576092, bigkindid=3, bigkindname=电子, bigkindpicture=null, serialVersionUID=1]]}
[2019-05-13 20:59:08] -- [INFO ]:[com.schoolsell.util.myAspect.LoginAspect] -- /**********************请求结束******************/
[2019-05-13 20:59:08] -- [INFO ]:[com.schoolsell.util.myAspect.LoginAspect] -- 方法返回值:{result={result=[wx31174c6b66d0721a.o6zAJsz2ACsFCLynD3x-Azx1VlwE.BrLi4jKIp32ufca28140d7b201d86c208196c177d9f4.jpg, 49, wx31174c6b66d0721a.o6zAJsz2ACsFCLynD3x-Azx1VlwE.oFw5sbgFfsjLbc9b2cb605df5c5315614c4a2bc1859a.jpg, 50, wx31174c6b66d0721a.o6zAJsz2ACsFCLynD3x-Azx1VlwE.B0ed3m3YV7hLd4adef7c0fa987872884674aba886049.jpg, 51]}}
[2019-05-13 20:59:08] -- [INFO ]:[com.schoolsell.util.myAspect.LoginAspect] -- /**********************请求结束******************/
[2019-05-13 21:33:10] -- [INFO ]:[com.schoolsell.SchoolsellApplication] -- Starting SchoolsellApplication on DESKTOP-12K0HGL with PID 1704 (H:\GitHub\schoolsell\Schoolsell-local\target\classes started by xinyun in H:\GitHub\schoolsell\Schoolsell-local)
[2019-05-13 21:33:10] -- [INFO ]:[com.schoolsell.SchoolsellApplication] -- No active profile set, falling back to default profiles: default
[2019-05-13 21:33:15] -- [INFO ]:[org.apache.coyote.http11.Http11NioProtocol] -- Initializing ProtocolHandler ["http-nio-8080"]
[2019-05-13 21:33:15] -- [INFO ]:[org.apache.catalina.core.StandardService] -- Starting service [Tomcat]
[2019-05-13 21:33:15] -- [INFO ]:[org.apache.catalina.core.StandardEngine] -- Starting Servlet Engine: Apache Tomcat/8.5.32
[2019-05-13 21:33:15] -- [INFO ]:[org.apache.catalina.core.AprLifecycleListener] -- The APR based Apache Tomcat Native library which allows optimal performance in production environments was not found on the java.library.path: [H:\Download\win_tools\install_tools\jdk\bin;C:\Windows\Sun\Java\bin;C:\Windows\system32;C:\Windows;I:\Oracle\product\11.2.0\dbhome_1\bin;H:\Download\win_tools\xftp\install\;H:\Download\win_tools\xshell\;C:\Program Files (x86)\Common Files\Oracle\Java\javapath;C:\Windows\system32;C:\Windows;C:\Windows\System32\Wbem;C:\Windows\System32\WindowsPowerShell\v1.0\;C:\Windows\System32\OpenSSH\;H:\Download\win_tools\MySQL\mysql-8.0.15-winx64\bin;H:\Download\win_tools\maven\apache-maven-3.6.0-bin\apache-maven-3.6.0\bin;"H:\Download\win_tools\install_tools\jdk\bin;H:\Download\win_tools\install_tools\jdk\jre\bin";H:\Download\win_tools\git\Git\cmd;C:\Users\xinyun\AppData\Local\Microsoft\WindowsApps;I:\Tools\IDEA\IntelliJ IDEA 2018.3.5\bin;;;.]
[2019-05-13 21:33:15] -- [INFO ]:[org.apache.catalina.core.ContainerBase.[Tomcat].[localhost].[/]] -- Initializing Spring embedded WebApplicationContext
[2019-05-13 21:33:17] -- [INFO ]:[org.apache.coyote.http11.Http11NioProtocol] -- Starting ProtocolHandler ["http-nio-8080"]
[2019-05-13 21:33:17] -- [INFO ]:[com.schoolsell.SchoolsellApplication] -- Started SchoolsellApplication in 8.202 seconds (JVM running for 10.485)
[2019-05-13 21:33:22] -- [INFO ]:[org.apache.catalina.core.ContainerBase.[Tomcat].[localhost].[/]] -- Initializing Spring FrameworkServlet 'dispatcherServlet'
[2019-05-13 21:33:22] -- [INFO ]:[com.schoolsell.util.myAspect.LoginAspect] -- /********************用户发起请求****************/
[2019-05-13 21:33:22] -- [INFO ]:[com.schoolsell.util.myAspect.LoginAspect] -- URL : http://127.0.0.1:8080/schoolsell/wxLogin
[2019-05-13 21:33:22] -- [INFO ]:[com.schoolsell.util.myAspect.LoginAspect] -- HTTP_METHOD : POST
[2019-05-13 21:33:22] -- [INFO ]:[com.schoolsell.util.myAspect.LoginAspect] -- IP : 127.0.0.1
[2019-05-13 21:33:22] -- [INFO ]:[com.schoolsell.util.myAspect.LoginAspect] -- CLASS_METHOD : com.schoolsell.controller.WeixinController.wxLogin
[2019-05-13 21:33:23] -- [INFO ]:[com.zaxxer.hikari.HikariDataSource] -- HikariPool-1 - Starting...
[2019-05-13 21:33:24] -- [INFO ]:[com.zaxxer.hikari.HikariDataSource] -- HikariPool-1 - Start completed.
[2019-05-13 21:33:24] -- [INFO ]:[com.schoolsell.util.myAspect.LoginAspect] -- 方法返回值:{userID=-498702880@qq.com, isExist=yes}
[2019-05-13 21:33:24] -- [INFO ]:[com.schoolsell.util.myAspect.LoginAspect] -- /**********************请求结束******************/
[2019-05-13 21:33:27] -- [INFO ]:[com.schoolsell.util.myAspect.LoginAspect] -- /********************用户发起请求****************/
[2019-05-13 21:33:27] -- [INFO ]:[com.schoolsell.util.myAspect.LoginAspect] -- URL : http://127.0.0.1:8080/schoolsell/getAllPicture
[2019-05-13 21:33:27] -- [INFO ]:[com.schoolsell.util.myAspect.LoginAspect] -- HTTP_METHOD : GET
[2019-05-13 21:33:27] -- [INFO ]:[com.schoolsell.util.myAspect.LoginAspect] -- IP : 127.0.0.1
[2019-05-13 21:33:27] -- [INFO ]:[com.schoolsell.util.myAspect.LoginAspect] -- CLASS_METHOD : com.schoolsell.controller.CommodityController.getAllPicture
[2019-05-13 21:33:27] -- [INFO ]:[com.schoolsell.util.myAspect.LoginAspect] -- /********************用户发起请求****************/
[2019-05-13 21:33:27] -- [INFO ]:[com.schoolsell.util.myAspect.LoginAspect] -- URL : http://127.0.0.1:8080/schoolsell/firstpic
[2019-05-13 21:33:27] -- [INFO ]:[com.schoolsell.util.myAspect.LoginAspect] -- HTTP_METHOD : GET
[2019-05-13 21:33:27] -- [INFO ]:[com.schoolsell.util.myAspect.LoginAspect] -- IP : 127.0.0.1
[2019-05-13 21:33:27] -- [INFO ]:[com.schoolsell.util.myAspect.LoginAspect] -- CLASS_METHOD : com.schoolsell.controller.CommodityController.firstpic
[2019-05-13 21:33:28] -- [INFO ]:[com.schoolsell.util.myAspect.LoginAspect] -- 方法返回值:{result={result=[wx31174c6b66d0721a.o6zAJsz2ACsFCLynD3x-Azx1VlwE.BrLi4jKIp32ufca28140d7b201d86c208196c177d9f4.jpg, 49, wx31174c6b66d0721a.o6zAJsz2ACsFCLynD3x-Azx1VlwE.oFw5sbgFfsjLbc9b2cb605df5c5315614c4a2bc1859a.jpg, 50, wx31174c6b66d0721a.o6zAJsz2ACsFCLynD3x-Azx1VlwE.B0ed3m3YV7hLd4adef7c0fa987872884674aba886049.jpg, 51]}}
[2019-05-13 21:33:28] -- [INFO ]:[com.schoolsell.util.myAspect.LoginAspect] -- /**********************请求结束******************/
[2019-05-13 21:33:28] -- [INFO ]:[com.schoolsell.util.myAspect.LoginAspect] -- 方法返回值:{all=[Commodity [Hash = 1201993598, cid=49, cprice=14, bargain=true, usetime=四成新, cdescription=3344的第一份商品, ischecked=2, sellerid=3344@qq.com, cname=一风景, kname=编程, thumbnail=H:\Code\Schoolsell\target\classes\static\thumbnail\49.jpg, ccount=6, serialVersionUID=1], Commodity [Hash = 769826598, cid=50, cprice=56, bargain=true, usetime=四成新, cdescription=3344的第二份商品, ischecked=2, sellerid=3344@qq.com, cname=二风景, kname=英语, thumbnail=H:\Code\Schoolsell\target\classes\static\thumbnail\50.jpg, ccount=7, serialVersionUID=1], Commodity [Hash = 55115451, cid=51, cprice=45, bargain=true, usetime=六成新, cdescription=3344的第三份商品, ischecked=2, sellerid=3344@qq.com, cname=三风景, kname=篮球, thumbnail=H:\Code\Schoolsell\target\classes\static\thumbnail\51.jpg, ccount=5, serialVersionUID=1], Commodity [Hash = 156131714, cid=52, cprice=76, bargain=true, usetime=四成新, cdescription=3344的第四份商品, ischecked=1, sellerid=3344@qq.com, cname=四风景, kname=足球, thumbnail=H:\Code\Schoolsell\target\classes\static\thumbnail\52.jpg, ccount=6, serialVersionUID=1], Commodity [Hash = 1764849874, cid=53, cprice=88, bargain=true, usetime=四成新, cdescription=3344的第五份商品, ischecked=1, sellerid=3344@qq.com, cname=五风景, kname=手机, thumbnail=H:\Code\Schoolsell\target\classes\static\thumbnail\53.jpg, ccount=9, serialVersionUID=1], Commodity [Hash = 1343471997, cid=54, cprice=86, bargain=true, usetime=八成新, cdescription=3344的第六份商品, ischecked=1, sellerid=3344@qq.com, cname=六风景, kname=笔记本, thumbnail=H:\Code\Schoolsell\target\classes\static\thumbnail\54.jpg, ccount=4, serialVersionUID=1], Commodity [Hash = 342511842, cid=56, cprice=56, bargain=true, usetime=四成新, cdescription=1122的第二份商品, ischecked=1, sellerid=1122@qq.com, cname=十风景, kname=足球, thumbnail=H:\Code\Schoolsell\target\classes\static\thumbnail\56.jpg, ccount=4, serialVersionUID=1], Commodity [Hash = 1850896796, cid=58, cprice=78, bargain=true, usetime=四成新, cdescription=1122的, ischecked=1, sellerid=1122@qq.com, cname=七风景, kname=手机, thumbnail=H:\Code\Schoolsell\target\classes\static\thumbnail\58.jpg, ccount=7, serialVersionUID=1], Commodity [Hash = 206009196, cid=61, cprice=78, bargain=true, usetime=五成新, cdescription=第九张, ischecked=1, sellerid=1122@qq.com, cname=九风景, kname=英语, thumbnail=H:\GitHub\schoolsell\Schoolsell-local\target\classes\static\thumbnail\61.jpg, ccount=9, serialVersionUID=1], Commodity [Hash = 1116816304, cid=62, cprice=56, bargain=true, usetime=四成新, cdescription=第十一张, ischecked=1, sellerid=1122@qq.com, cname=十一风景, kname=篮球, thumbnail=H:\GitHub\schoolsell\Schoolsell-local\target\classes\static\thumbnail\62.jpg, ccount=7, serialVersionUID=1], Commodity [Hash = 79361600, cid=63, cprice=34, bargain=true, usetime=四成新, cdescription=第十二张, ischecked=1, sellerid=1122@qq.com, cname=八风景, kname=编程, thumbnail=H:\GitHub\schoolsell\Schoolsell-local\target\classes\static\thumbnail\63.jpg, ccount=17, serialVersionUID=1], Commodity [Hash = 2031729114, cid=64, cprice=57, bargain=true, usetime=四成新, cdescription=第十三章, ischecked=1, sellerid=1122@qq.com, cname=十二风景, kname=笔记本, thumbnail=H:\GitHub\schoolsell\Schoolsell-local\target\classes\static\thumbnail\64.jpg, ccount=4, serialVersionUID=1], Commodity [Hash = 1324513670, cid=65, cprice=89, bargain=true, usetime=四成新, cdescription=第十三张, ischecked=1, sellerid=1122@qq.com, cname=十三风景, kname=笔记本, thumbnail=H:\GitHub\schoolsell\Schoolsell-local\target\classes\static\thumbnail\65.jpg, ccount=8, serialVersionUID=1]], first=[Bigkind [Hash = 104218411, bigkindid=1, bigkindname=学习, bigkindpicture=null, serialVersionUID=1], Bigkind [Hash = 1441644891, bigkindid=2, bigkindname=运动, bigkindpicture=null, serialVersionUID=1], Bigkind [Hash = 1636722005, bigkindid=3, bigkindname=电子, bigkindpicture=null, serialVersionUID=1]]}
[2019-05-13 21:33:28] -- [INFO ]:[com.schoolsell.util.myAspect.LoginAspect] -- /**********************请求结束******************/
[2019-05-13 21:33:32] -- [INFO ]:[com.schoolsell.util.myAspect.LoginAspect] -- /********************用户发起请求****************/
[2019-05-13 21:33:32] -- [INFO ]:[com.schoolsell.util.myAspect.LoginAspect] -- URL : http://localhost:8080/schoolsell/getShopCar
[2019-05-13 21:33:32] -- [INFO ]:[com.schoolsell.util.myAspect.LoginAspect] -- HTTP_METHOD : GET
[2019-05-13 21:33:32] -- [INFO ]:[com.schoolsell.util.myAspect.LoginAspect] -- IP : 0:0:0:0:0:0:0:1
[2019-05-13 21:33:32] -- [INFO ]:[com.schoolsell.util.myAspect.LoginAspect] -- CLASS_METHOD : com.schoolsell.controller.ShopCarControl.getShopCar
[2019-05-13 21:33:32] -- [INFO ]:[com.schoolsell.util.myAspect.LoginAspect] -- /********************用户发起请求****************/
[2019-05-13 21:33:32] -- [INFO ]:[com.schoolsell.util.myAspect.LoginAspect] -- URL : http://localhost:8080/schoolsell/leaveFirst
[2019-05-13 21:33:32] -- [INFO ]:[com.schoolsell.util.myAspect.LoginAspect] -- HTTP_METHOD : GET
[2019-05-13 21:33:32] -- [INFO ]:[com.schoolsell.util.myAspect.LoginAspect] -- IP : 0:0:0:0:0:0:0:1
[2019-05-13 21:33:32] -- [INFO ]:[com.schoolsell.util.myAspect.LoginAspect] -- CLASS_METHOD : com.schoolsell.controller.CommodityController.leaveFirst
[2019-05-13 21:33:32] -- [INFO ]:[com.schoolsell.util.myAspect.LoginAspect] -- 方法返回值:{result=清零}
[2019-05-13 21:33:32] -- [INFO ]:[com.schoolsell.util.myAspect.LoginAspect] -- /**********************请求结束******************/
[2019-05-13 21:33:32] -- [INFO ]:[com.schoolsell.util.myAspect.LoginAspect] -- 方法返回值:[{"image":"H:\\Code\\Schoolsell\\target\\classes\\static\\thumbnail\\51.jpg","price":45,"num":1,"title":"三风景","cid":51}]
[2019-05-13 21:33:32] -- [INFO ]:[com.schoolsell.util.myAspect.LoginAspect] -- /**********************请求结束******************/
[2019-05-13 21:33:55] -- [INFO ]:[com.schoolsell.util.myAspect.LoginAspect] -- /********************用户发起请求****************/
[2019-05-13 21:33:55] -- [INFO ]:[com.schoolsell.util.myAspect.LoginAspect] -- /********************用户发起请求****************/
[2019-05-13 21:33:55] -- [INFO ]:[com.schoolsell.util.myAspect.LoginAspect] -- URL : http://127.0.0.1:8080/schoolsell/getAllPicture
[2019-05-13 21:33:55] -- [INFO ]:[com.schoolsell.util.myAspect.LoginAspect] -- URL : http://127.0.0.1:8080/schoolsell/firstpic
[2019-05-13 21:33:55] -- [INFO ]:[com.schoolsell.util.myAspect.LoginAspect] -- HTTP_METHOD : GET
[2019-05-13 21:33:55] -- [INFO ]:[com.schoolsell.util.myAspect.LoginAspect] -- HTTP_METHOD : GET
[2019-05-13 21:33:55] -- [INFO ]:[com.schoolsell.util.myAspect.LoginAspect] -- IP : 127.0.0.1
[2019-05-13 21:33:55] -- [INFO ]:[com.schoolsell.util.myAspect.LoginAspect] -- CLASS_METHOD : com.schoolsell.controller.CommodityController.getAllPicture
[2019-05-13 21:33:55] -- [INFO ]:[com.schoolsell.util.myAspect.LoginAspect] -- IP : 127.0.0.1
[2019-05-13 21:33:55] -- [INFO ]:[com.schoolsell.util.myAspect.LoginAspect] -- CLASS_METHOD : com.schoolsell.controller.CommodityController.firstpic
[2019-05-13 21:33:55] -- [INFO ]:[com.schoolsell.util.myAspect.LoginAspect] -- 方法返回值:{all=[Commodity [Hash = 1086231757, cid=49, cprice=14, bargain=true, usetime=四成新, cdescription=3344的第一份商品, ischecked=2, sellerid=3344@qq.com, cname=一风景, kname=编程, thumbnail=H:\Code\Schoolsell\target\classes\static\thumbnail\49.jpg, ccount=6, serialVersionUID=1], Commodity [Hash = 1537615111, cid=50, cprice=56, bargain=true, usetime=四成新, cdescription=3344的第二份商品, ischecked=2, sellerid=3344@qq.com, cname=二风景, kname=英语, thumbnail=H:\Code\Schoolsell\target\classes\static\thumbnail\50.jpg, ccount=7, serialVersionUID=1], Commodity [Hash = 926245639, cid=51, cprice=45, bargain=true, usetime=六成新, cdescription=3344的第三份商品, ischecked=2, sellerid=3344@qq.com, cname=三风景, kname=篮球, thumbnail=H:\Code\Schoolsell\target\classes\static\thumbnail\51.jpg, ccount=5, serialVersionUID=1], Commodity [Hash = 1060260594, cid=52, cprice=76, bargain=true, usetime=四成新, cdescription=3344的第四份商品, ischecked=1, sellerid=3344@qq.com, cname=四风景, kname=足球, thumbnail=H:\Code\Schoolsell\target\classes\static\thumbnail\52.jpg, ccount=6, serialVersionUID=1], Commodity [Hash = 194947365, cid=53, cprice=88, bargain=true, usetime=四成新, cdescription=3344的第五份商品, ischecked=1, sellerid=3344@qq.com, cname=五风景, kname=手机, thumbnail=H:\Code\Schoolsell\target\classes\static\thumbnail\53.jpg, ccount=9, serialVersionUID=1], Commodity [Hash = 1643785036, cid=54, cprice=86, bargain=true, usetime=八成新, cdescription=3344的第六份商品, ischecked=1, sellerid=3344@qq.com, cname=六风景, kname=笔记本, thumbnail=H:\Code\Schoolsell\target\classes\static\thumbnail\54.jpg, ccount=4, serialVersionUID=1], Commodity [Hash = 2102087983, cid=56, cprice=56, bargain=true, usetime=四成新, cdescription=1122的第二份商品, ischecked=1, sellerid=1122@qq.com, cname=十风景, kname=足球, thumbnail=H:\Code\Schoolsell\target\classes\static\thumbnail\56.jpg, ccount=4, serialVersionUID=1], Commodity [Hash = 1350824366, cid=58, cprice=78, bargain=true, usetime=四成新, cdescription=1122的, ischecked=1, sellerid=1122@qq.com, cname=七风景, kname=手机, thumbnail=H:\Code\Schoolsell\target\classes\static\thumbnail\58.jpg, ccount=7, serialVersionUID=1], Commodity [Hash = 774548762, cid=61, cprice=78, bargain=true, usetime=五成新, cdescription=第九张, ischecked=1, sellerid=1122@qq.com, cname=九风景, kname=英语, thumbnail=H:\GitHub\schoolsell\Schoolsell-local\target\classes\static\thumbnail\61.jpg, ccount=9, serialVersionUID=1], Commodity [Hash = 507134936, cid=62, cprice=56, bargain=true, usetime=四成新, cdescription=第十一张, ischecked=1, sellerid=1122@qq.com, cname=十一风景, kname=篮球, thumbnail=H:\GitHub\schoolsell\Schoolsell-local\target\classes\static\thumbnail\62.jpg, ccount=7, serialVersionUID=1], Commodity [Hash = 962575129, cid=63, cprice=34, bargain=true, usetime=四成新, cdescription=第十二张, ischecked=1, sellerid=1122@qq.com, cname=八风景, kname=编程, thumbnail=H:\GitHub\schoolsell\Schoolsell-local\target\classes\static\thumbnail\63.jpg, ccount=17, serialVersionUID=1], Commodity [Hash = 1981690653, cid=64, cprice=57, bargain=true, usetime=四成新, cdescription=第十三章, ischecked=1, sellerid=1122@qq.com, cname=十二风景, kname=笔记本, thumbnail=H:\GitHub\schoolsell\Schoolsell-local\target\classes\static\thumbnail\64.jpg, ccount=4, serialVersionUID=1], Commodity [Hash = 220660409, cid=65, cprice=89, bargain=true, usetime=四成新, cdescription=第十三张, ischecked=1, sellerid=1122@qq.com, cname=十三风景, kname=笔记本, thumbnail=H:\GitHub\schoolsell\Schoolsell-local\target\classes\static\thumbnail\65.jpg, ccount=8, serialVersionUID=1]], first=[Bigkind [Hash = 1095738438, bigkindid=1, bigkindname=学习, bigkindpicture=null, serialVersionUID=1], Bigkind [Hash = 84695045, bigkindid=2, bigkindname=运动, bigkindpicture=null, serialVersionUID=1], Bigkind [Hash = 34411874, bigkindid=3, bigkindname=电子, bigkindpicture=null, serialVersionUID=1]]}
[2019-05-13 21:33:55] -- [INFO ]:[com.schoolsell.util.myAspect.LoginAspect] -- /**********************请求结束******************/
[2019-05-13 21:33:55] -- [INFO ]:[com.schoolsell.util.myAspect.LoginAspect] -- 方法返回值:{result={result=[wx31174c6b66d0721a.o6zAJsz2ACsFCLynD3x-Azx1VlwE.BrLi4jKIp32ufca28140d7b201d86c208196c177d9f4.jpg, 49, wx31174c6b66d0721a.o6zAJsz2ACsFCLynD3x-Azx1VlwE.oFw5sbgFfsjLbc9b2cb605df5c5315614c4a2bc1859a.jpg, 50, wx31174c6b66d0721a.o6zAJsz2ACsFCLynD3x-Azx1VlwE.B0ed3m3YV7hLd4adef7c0fa987872884674aba886049.jpg, 51]}}
[2019-05-13 21:33:55] -- [INFO ]:[com.schoolsell.util.myAspect.LoginAspect] -- /**********************请求结束******************/
[2019-05-13 21:33:56] -- [INFO ]:[com.schoolsell.util.myAspect.LoginAspect] -- /********************用户发起请求****************/
[2019-05-13 21:33:56] -- [INFO ]:[com.schoolsell.util.myAspect.LoginAspect] -- URL : http://localhost:8080/schoolsell/leaveFirst
[2019-05-13 21:33:56] -- [INFO ]:[com.schoolsell.util.myAspect.LoginAspect] -- HTTP_METHOD : GET
[2019-05-13 21:33:56] -- [INFO ]:[com.schoolsell.util.myAspect.LoginAspect] -- IP : 0:0:0:0:0:0:0:1
[2019-05-13 21:33:56] -- [INFO ]:[com.schoolsell.util.myAspect.LoginAspect] -- CLASS_METHOD : com.schoolsell.controller.CommodityController.leaveFirst
[2019-05-13 21:33:56] -- [INFO ]:[com.schoolsell.util.myAspect.LoginAspect] -- 方法返回值:{result=清零}
[2019-05-13 21:33:56] -- [INFO ]:[com.schoolsell.util.myAspect.LoginAspect] -- /**********************请求结束******************/
[2019-05-13 21:33:56] -- [INFO ]:[com.schoolsell.util.myAspect.LoginAspect] -- /********************用户发起请求****************/
[2019-05-13 21:33:56] -- [INFO ]:[com.schoolsell.util.myAspect.LoginAspect] -- URL : http://localhost:8080/schoolsell/getCommodityinfo
[2019-05-13 21:33:56] -- [INFO ]:[com.schoolsell.util.myAspect.LoginAspect] -- HTTP_METHOD : GET
[2019-05-13 21:33:56] -- [INFO ]:[com.schoolsell.util.myAspect.LoginAspect] -- IP : 0:0:0:0:0:0:0:1
[2019-05-13 21:33:56] -- [INFO ]:[com.schoolsell.util.myAspect.LoginAspect] -- CLASS_METHOD : com.schoolsell.controller.CommodityController.getCommodityinfo
[2019-05-13 21:33:56] -- [INFO ]:[com.schoolsell.util.myAspect.LoginAspect] -- 方法返回值:{commodityDetail=Commodity [Hash = 682572584, cid=52, cprice=76, bargain=true, usetime=四成新, cdescription=3344的第四份商品, ischecked=1, sellerid=3344@qq.com, cname=四风景, kname=足球, thumbnail=H:\Code\Schoolsell\target\classes\static\thumbnail\52.jpg, ccount=6, serialVersionUID=1], detailPic=[wx31174c6b66d0721a.o6zAJsz2ACsFCLynD3x-Azx1VlwE.XtPTUSD9Qh2x43fa00ddcfa0e42fd5ee72b4f7329862.jpg, wx31174c6b66d0721a.o6zAJsz2ACsFCLynD3x-Azx1VlwE.5EqbtSsdHcBS003d29ca7549f3efa335363a10934ee6.jpg]}
[2019-05-13 21:33:56] -- [INFO ]:[com.schoolsell.util.myAspect.LoginAspect] -- /**********************请求结束******************/
[2019-05-13 21:33:58] -- [INFO ]:[com.schoolsell.util.myAspect.LoginAspect] -- /********************用户发起请求****************/
[2019-05-13 21:33:58] -- [INFO ]:[com.schoolsell.util.myAspect.LoginAspect] -- URL : http://localhost:8080/schoolsell/addShopCar
[2019-05-13 21:33:58] -- [INFO ]:[com.schoolsell.util.myAspect.LoginAspect] -- HTTP_METHOD : GET
[2019-05-13 21:33:58] -- [INFO ]:[com.schoolsell.util.myAspect.LoginAspect] -- IP : 0:0:0:0:0:0:0:1
[2019-05-13 21:33:58] -- [INFO ]:[com.schoolsell.util.myAspect.LoginAspect] -- CLASS_METHOD : com.schoolsell.controller.ShopCarControl.addShopCar
[2019-05-13 21:33:58] -- [INFO ]:[com.schoolsell.util.myAspect.LoginAspect] -- 方法返回值:操作成功
[2019-05-13 21:33:58] -- [INFO ]:[com.schoolsell.util.myAspect.LoginAspect] -- /**********************请求结束******************/
[2019-05-13 21:33:59] -- [INFO ]:[com.schoolsell.util.myAspect.LoginAspect] -- /********************用户发起请求****************/
[2019-05-13 21:33:59] -- [INFO ]:[com.schoolsell.util.myAspect.LoginAspect] -- URL : http://127.0.0.1:8080/schoolsell/getAllPicture
[2019-05-13 21:33:59] -- [INFO ]:[com.schoolsell.util.myAspect.LoginAspect] -- HTTP_METHOD : GET
[2019-05-13 21:33:59] -- [INFO ]:[com.schoolsell.util.myAspect.LoginAspect] -- IP : 127.0.0.1
[2019-05-13 21:33:59] -- [INFO ]:[com.schoolsell.util.myAspect.LoginAspect] -- CLASS_METHOD : com.schoolsell.controller.CommodityController.getAllPicture
[2019-05-13 21:33:59] -- [INFO ]:[com.schoolsell.util.myAspect.LoginAspect] -- /********************用户发起请求****************/
[2019-05-13 21:33:59] -- [INFO ]:[com.schoolsell.util.myAspect.LoginAspect] -- URL : http://127.0.0.1:8080/schoolsell/firstpic
[2019-05-13 21:33:59] -- [INFO ]:[com.schoolsell.util.myAspect.LoginAspect] -- HTTP_METHOD : GET
[2019-05-13 21:33:59] -- [INFO ]:[com.schoolsell.util.myAspect.LoginAspect] -- IP : 127.0.0.1
[2019-05-13 21:33:59] -- [INFO ]:[com.schoolsell.util.myAspect.LoginAspect] -- CLASS_METHOD : com.schoolsell.controller.CommodityController.firstpic
[2019-05-13 21:33:59] -- [INFO ]:[com.schoolsell.util.myAspect.LoginAspect] -- 方法返回值:{all=[Commodity [Hash = 1428549846, cid=49, cprice=14, bargain=true, usetime=四成新, cdescription=3344的第一份商品, ischecked=2, sellerid=3344@qq.com, cname=一风景, kname=编程, thumbnail=H:\Code\Schoolsell\target\classes\static\thumbnail\49.jpg, ccount=6, serialVersionUID=1], Commodity [Hash = 553209391, cid=50, cprice=56, bargain=true, usetime=四成新, cdescription=3344的第二份商品, ischecked=2, sellerid=3344@qq.com, cname=二风景, kname=英语, thumbnail=H:\Code\Schoolsell\target\classes\static\thumbnail\50.jpg, ccount=7, serialVersionUID=1], Commodity [Hash = 985037064, cid=51, cprice=45, bargain=true, usetime=六成新, cdescription=3344的第三份商品, ischecked=2, sellerid=3344@qq.com, cname=三风景, kname=篮球, thumbnail=H:\Code\Schoolsell\target\classes\static\thumbnail\51.jpg, ccount=5, serialVersionUID=1], Commodity [Hash = 1437552638, cid=52, cprice=76, bargain=true, usetime=四成新, cdescription=3344的第四份商品, ischecked=1, sellerid=3344@qq.com, cname=四风景, kname=足球, thumbnail=H:\Code\Schoolsell\target\classes\static\thumbnail\52.jpg, ccount=6, serialVersionUID=1], Commodity [Hash = 796309213, cid=53, cprice=88, bargain=true, usetime=四成新, cdescription=3344的第五份商品, ischecked=1, sellerid=3344@qq.com, cname=五风景, kname=手机, thumbnail=H:\Code\Schoolsell\target\classes\static\thumbnail\53.jpg, ccount=9, serialVersionUID=1], Commodity [Hash = 1167334698, cid=54, cprice=86, bargain=true, usetime=八成新, cdescription=3344的第六份商品, ischecked=1, sellerid=3344@qq.com, cname=六风景, kname=笔记本, thumbnail=H:\Code\Schoolsell\target\classes\static\thumbnail\54.jpg, ccount=4, serialVersionUID=1], Commodity [Hash = 1289962153, cid=56, cprice=56, bargain=true, usetime=四成新, cdescription=1122的第二份商品, ischecked=1, sellerid=1122@qq.com, cname=十风景, kname=足球, thumbnail=H:\Code\Schoolsell\target\classes\static\thumbnail\56.jpg, ccount=4, serialVersionUID=1], Commodity [Hash = 1671181428, cid=58, cprice=78, bargain=true, usetime=四成新, cdescription=1122的, ischecked=1, sellerid=1122@qq.com, cname=七风景, kname=手机, thumbnail=H:\Code\Schoolsell\target\classes\static\thumbnail\58.jpg, ccount=7, serialVersionUID=1], Commodity [Hash = 2034673284, cid=61, cprice=78, bargain=true, usetime=五成新, cdescription=第九张, ischecked=1, sellerid=1122@qq.com, cname=九风景, kname=英语, thumbnail=H:\GitHub\schoolsell\Schoolsell-local\target\classes\static\thumbnail\61.jpg, ccount=9, serialVersionUID=1], Commodity [Hash = 475961803, cid=62, cprice=56, bargain=true, usetime=四成新, cdescription=第十一张, ischecked=1, sellerid=1122@qq.com, cname=十一风景, kname=篮球, thumbnail=H:\GitHub\schoolsell\Schoolsell-local\target\classes\static\thumbnail\62.jpg, ccount=7, serialVersionUID=1], Commodity [Hash = 1249797859, cid=63, cprice=34, bargain=true, usetime=四成新, cdescription=第十二张, ischecked=1, sellerid=1122@qq.com, cname=八风景, kname=编程, thumbnail=H:\GitHub\schoolsell\Schoolsell-local\target\classes\static\thumbnail\63.jpg, ccount=17, serialVersionUID=1], Commodity [Hash = 1220793420, cid=64, cprice=57, bargain=true, usetime=四成新, cdescription=第十三章, ischecked=1, sellerid=1122@qq.com, cname=十二风景, kname=笔记本, thumbnail=H:\GitHub\schoolsell\Schoolsell-local\target\classes\static\thumbnail\64.jpg, ccount=4, serialVersionUID=1], Commodity [Hash = 83700054, cid=65, cprice=89, bargain=true, usetime=四成新, cdescription=第十三张, ischecked=1, sellerid=1122@qq.com, cname=十三风景, kname=笔记本, thumbnail=H:\GitHub\schoolsell\Schoolsell-local\target\classes\static\thumbnail\65.jpg, ccount=8, serialVersionUID=1]], first=[Bigkind [Hash = 1820686531, bigkindid=1, bigkindname=学习, bigkindpicture=null, serialVersionUID=1], Bigkind [Hash = 1442140878, bigkindid=2, bigkindname=运动, bigkindpicture=null, serialVersionUID=1], Bigkind [Hash = 63085960, bigkindid=3, bigkindname=电子, bigkindpicture=null, serialVersionUID=1]]}
[2019-05-13 21:33:59] -- [INFO ]:[com.schoolsell.util.myAspect.LoginAspect] -- /**********************请求结束******************/
[2019-05-13 21:33:59] -- [INFO ]:[com.schoolsell.util.myAspect.LoginAspect] -- 方法返回值:{result={result=[wx31174c6b66d0721a.o6zAJsz2ACsFCLynD3x-Azx1VlwE.BrLi4jKIp32ufca28140d7b201d86c208196c177d9f4.jpg, 49, wx31174c6b66d0721a.o6zAJsz2ACsFCLynD3x-Azx1VlwE.oFw5sbgFfsjLbc9b2cb605df5c5315614c4a2bc1859a.jpg, 50, wx31174c6b66d0721a.o6zAJsz2ACsFCLynD3x-Azx1VlwE.B0ed3m3YV7hLd4adef7c0fa987872884674aba886049.jpg, 51]}}
[2019-05-13 21:33:59] -- [INFO ]:[com.schoolsell.util.myAspect.LoginAspect] -- /**********************请求结束******************/
[2019-05-13 21:34:01] -- [INFO ]:[com.schoolsell.util.myAspect.LoginAspect] -- /********************用户发起请求****************/
[2019-05-13 21:34:01] -- [INFO ]:[com.schoolsell.util.myAspect.LoginAspect] -- URL : http://localhost:8080/schoolsell/leaveFirst
[2019-05-13 21:34:01] -- [INFO ]:[com.schoolsell.util.myAspect.LoginAspect] -- HTTP_METHOD : GET
[2019-05-13 21:34:01] -- [INFO ]:[com.schoolsell.util.myAspect.LoginAspect] -- IP : 0:0:0:0:0:0:0:1
[2019-05-13 21:34:01] -- [INFO ]:[com.schoolsell.util.myAspect.LoginAspect] -- CLASS_METHOD : com.schoolsell.controller.CommodityController.leaveFirst
[2019-05-13 21:34:01] -- [INFO ]:[com.schoolsell.util.myAspect.LoginAspect] -- 方法返回值:{result=清零}
[2019-05-13 21:34:01] -- [INFO ]:[com.schoolsell.util.myAspect.LoginAspect] -- /**********************请求结束******************/
[2019-05-13 21:34:01] -- [INFO ]:[com.schoolsell.util.myAspect.LoginAspect] -- /********************用户发起请求****************/
[2019-05-13 21:34:01] -- [INFO ]:[com.schoolsell.util.myAspect.LoginAspect] -- URL : http://localhost:8080/schoolsell/getCommodityinfo
[2019-05-13 21:34:01] -- [INFO ]:[com.schoolsell.util.myAspect.LoginAspect] -- HTTP_METHOD : GET
[2019-05-13 21:34:01] -- [INFO ]:[com.schoolsell.util.myAspect.LoginAspect] -- IP : 0:0:0:0:0:0:0:1
[2019-05-13 21:34:01] -- [INFO ]:[com.schoolsell.util.myAspect.LoginAspect] -- CLASS_METHOD : com.schoolsell.controller.CommodityController.getCommodityinfo
[2019-05-13 21:34:01] -- [INFO ]:[com.schoolsell.util.myAspect.LoginAspect] -- 方法返回值:{commodityDetail=Commodity [Hash = 625223978, cid=53, cprice=88, bargain=true, usetime=四成新, cdescription=3344的第五份商品, ischecked=1, sellerid=3344@qq.com, cname=五风景, kname=手机, thumbnail=H:\Code\Schoolsell\target\classes\static\thumbnail\53.jpg, ccount=9, serialVersionUID=1], detailPic=[wx31174c6b66d0721a.o6zAJsz2ACsFCLynD3x-Azx1VlwE.5RiODe9HVJsAbc9b2cb605df5c5315614c4a2bc1859a.jpg, wx31174c6b66d0721a.o6zAJsz2ACsFCLynD3x-Azx1VlwE.o8KfC11Ei0n0fca28140d7b201d86c208196c177d9f4.jpg]}
[2019-05-13 21:34:01] -- [INFO ]:[com.schoolsell.util.myAspect.LoginAspect] -- /**********************请求结束******************/
[2019-05-13 21:34:02] -- [INFO ]:[com.schoolsell.util.myAspect.LoginAspect] -- /********************用户发起请求****************/
[2019-05-13 21:34:02] -- [INFO ]:[com.schoolsell.util.myAspect.LoginAspect] -- URL : http://localhost:8080/schoolsell/addShopCar
[2019-05-13 21:34:02] -- [INFO ]:[com.schoolsell.util.myAspect.LoginAspect] -- HTTP_METHOD : GET
[2019-05-13 21:34:02] -- [INFO ]:[com.schoolsell.util.myAspect.LoginAspect] -- IP : 0:0:0:0:0:0:0:1
[2019-05-13 21:34:02] -- [INFO ]:[com.schoolsell.util.myAspect.LoginAspect] -- CLASS_METHOD : com.schoolsell.controller.ShopCarControl.addShopCar
[2019-05-13 21:34:02] -- [INFO ]:[com.schoolsell.util.myAspect.LoginAspect] -- 方法返回值:操作成功
[2019-05-13 21:34:02] -- [INFO ]:[com.schoolsell.util.myAspect.LoginAspect] -- /**********************请求结束******************/
[2019-05-13 21:34:03] -- [INFO ]:[com.schoolsell.util.myAspect.LoginAspect] -- /********************用户发起请求****************/
[2019-05-13 21:34:03] -- [INFO ]:[com.schoolsell.util.myAspect.LoginAspect] -- /********************用户发起请求****************/
[2019-05-13 21:34:03] -- [INFO ]:[com.schoolsell.util.myAspect.LoginAspect] -- URL : http://127.0.0.1:8080/schoolsell/firstpic
[2019-05-13 21:34:03] -- [INFO ]:[com.schoolsell.util.myAspect.LoginAspect] -- HTTP_METHOD : GET
[2019-05-13 21:34:03] -- [INFO ]:[com.schoolsell.util.myAspect.LoginAspect] -- IP : 127.0.0.1
[2019-05-13 21:34:03] -- [INFO ]:[com.schoolsell.util.myAspect.LoginAspect] -- CLASS_METHOD : com.schoolsell.controller.CommodityController.firstpic
[2019-05-13 21:34:03] -- [INFO ]:[com.schoolsell.util.myAspect.LoginAspect] -- URL : http://127.0.0.1:8080/schoolsell/getAllPicture
[2019-05-13 21:34:03] -- [INFO ]:[com.schoolsell.util.myAspect.LoginAspect] -- HTTP_METHOD : GET
[2019-05-13 21:34:03] -- [INFO ]:[com.schoolsell.util.myAspect.LoginAspect] -- IP : 127.0.0.1
[2019-05-13 21:34:03] -- [INFO ]:[com.schoolsell.util.myAspect.LoginAspect] -- CLASS_METHOD : com.schoolsell.controller.CommodityController.getAllPicture
[2019-05-13 21:34:03] -- [INFO ]:[com.schoolsell.util.myAspect.LoginAspect] -- 方法返回值:{all=[Commodity [Hash = 419362948, cid=49, cprice=14, bargain=true, usetime=四成新, cdescription=3344的第一份商品, ischecked=2, sellerid=3344@qq.com, cname=一风景, kname=编程, thumbnail=H:\Code\Schoolsell\target\classes\static\thumbnail\49.jpg, ccount=6, serialVersionUID=1], Commodity [Hash = 561895601, cid=50, cprice=56, bargain=true, usetime=四成新, cdescription=3344的第二份商品, ischecked=2, sellerid=3344@qq.com, cname=二风景, kname=英语, thumbnail=H:\Code\Schoolsell\target\classes\static\thumbnail\50.jpg, ccount=7, serialVersionUID=1], Commodity [Hash = 1687820069, cid=51, cprice=45, bargain=true, usetime=六成新, cdescription=3344的第三份商品, ischecked=2, sellerid=3344@qq.com, cname=三风景, kname=篮球, thumbnail=H:\Code\Schoolsell\target\classes\static\thumbnail\51.jpg, ccount=5, serialVersionUID=1], Commodity [Hash = 5943688, cid=52, cprice=76, bargain=true, usetime=四成新, cdescription=3344的第四份商品, ischecked=1, sellerid=3344@qq.com, cname=四风景, kname=足球, thumbnail=H:\Code\Schoolsell\target\classes\static\thumbnail\52.jpg, ccount=6, serialVersionUID=1], Commodity [Hash = 1871659999, cid=53, cprice=88, bargain=true, usetime=四成新, cdescription=3344的第五份商品, ischecked=1, sellerid=3344@qq.com, cname=五风景, kname=手机, thumbnail=H:\Code\Schoolsell\target\classes\static\thumbnail\53.jpg, ccount=9, serialVersionUID=1], Commodity [Hash = 544777935, cid=54, cprice=86, bargain=true, usetime=八成新, cdescription=3344的第六份商品, ischecked=1, sellerid=3344@qq.com, cname=六风景, kname=笔记本, thumbnail=H:\Code\Schoolsell\target\classes\static\thumbnail\54.jpg, ccount=4, serialVersionUID=1], Commodity [Hash = 342867674, cid=56, cprice=56, bargain=true, usetime=四成新, cdescription=1122的第二份商品, ischecked=1, sellerid=1122@qq.com, cname=十风景, kname=足球, thumbnail=H:\Code\Schoolsell\target\classes\static\thumbnail\56.jpg, ccount=4, serialVersionUID=1], Commodity [Hash = 1106025262, cid=58, cprice=78, bargain=true, usetime=四成新, cdescription=1122的, ischecked=1, sellerid=1122@qq.com, cname=七风景, kname=手机, thumbnail=H:\Code\Schoolsell\target\classes\static\thumbnail\58.jpg, ccount=7, serialVersionUID=1], Commodity [Hash = 1416149367, cid=61, cprice=78, bargain=true, usetime=五成新, cdescription=第九张, ischecked=1, sellerid=1122@qq.com, cname=九风景, kname=英语, thumbnail=H:\GitHub\schoolsell\Schoolsell-local\target\classes\static\thumbnail\61.jpg, ccount=9, serialVersionUID=1], Commodity [Hash = 834872299, cid=62, cprice=56, bargain=true, usetime=四成新, cdescription=第十一张, ischecked=1, sellerid=1122@qq.com, cname=十一风景, kname=篮球, thumbnail=H:\GitHub\schoolsell\Schoolsell-local\target\classes\static\thumbnail\62.jpg, ccount=7, serialVersionUID=1], Commodity [Hash = 1479787111, cid=63, cprice=34, bargain=true, usetime=四成新, cdescription=第十二张, ischecked=1, sellerid=1122@qq.com, cname=八风景, kname=编程, thumbnail=H:\GitHub\schoolsell\Schoolsell-local\target\classes\static\thumbnail\63.jpg, ccount=17, serialVersionUID=1], Commodity [Hash = 2099447716, cid=64, cprice=57, bargain=true, usetime=四成新, cdescription=第十三章, ischecked=1, sellerid=1122@qq.com, cname=十二风景, kname=笔记本, thumbnail=H:\GitHub\schoolsell\Schoolsell-local\target\classes\static\thumbnail\64.jpg, ccount=4, serialVersionUID=1], Commodity [Hash = 1821489782, cid=65, cprice=89, bargain=true, usetime=四成新, cdescription=第十三张, ischecked=1, sellerid=1122@qq.com, cname=十三风景, kname=笔记本, thumbnail=H:\GitHub\schoolsell\Schoolsell-local\target\classes\static\thumbnail\65.jpg, ccount=8, serialVersionUID=1]], first=[Bigkind [Hash = 1155858548, bigkindid=1, bigkindname=学习, bigkindpicture=null, serialVersionUID=1], Bigkind [Hash = 42193525, bigkindid=2, bigkindname=运动, bigkindpicture=null, serialVersionUID=1], Bigkind [Hash = 1735977894, bigkindid=3, bigkindname=电子, bigkindpicture=null, serialVersionUID=1]]}
[2019-05-13 21:34:03] -- [INFO ]:[com.schoolsell.util.myAspect.LoginAspect] -- /**********************请求结束******************/
[2019-05-13 21:34:03] -- [INFO ]:[com.schoolsell.util.myAspect.LoginAspect] -- 方法返回值:{result={result=[wx31174c6b66d0721a.o6zAJsz2ACsFCLynD3x-Azx1VlwE.BrLi4jKIp32ufca28140d7b201d86c208196c177d9f4.jpg, 49, wx31174c6b66d0721a.o6zAJsz2ACsFCLynD3x-Azx1VlwE.oFw5sbgFfsjLbc9b2cb605df5c5315614c4a2bc1859a.jpg, 50, wx31174c6b66d0721a.o6zAJsz2ACsFCLynD3x-Azx1VlwE.B0ed3m3YV7hLd4adef7c0fa987872884674aba886049.jpg, 51]}}
[2019-05-13 21:34:03] -- [INFO ]:[com.schoolsell.util.myAspect.LoginAspect] -- /**********************请求结束******************/
[2019-05-13 21:34:05] -- [INFO ]:[com.schoolsell.util.myAspect.LoginAspect] -- /********************用户发起请求****************/
[2019-05-13 21:34:05] -- [INFO ]:[com.schoolsell.util.myAspect.LoginAspect] -- URL : http://localhost:8080/schoolsell/leaveFirst
[2019-05-13 21:34:05] -- [INFO ]:[com.schoolsell.util.myAspect.LoginAspect] -- HTTP_METHOD : GET
[2019-05-13 21:34:05] -- [INFO ]:[com.schoolsell.util.myAspect.LoginAspect] -- IP : 0:0:0:0:0:0:0:1
[2019-05-13 21:34:05] -- [INFO ]:[com.schoolsell.util.myAspect.LoginAspect] -- CLASS_METHOD : com.schoolsell.controller.CommodityController.leaveFirst
[2019-05-13 21:34:05] -- [INFO ]:[com.schoolsell.util.myAspect.LoginAspect] -- 方法返回值:{result=清零}
[2019-05-13 21:34:05] -- [INFO ]:[com.schoolsell.util.myAspect.LoginAspect] -- /**********************请求结束******************/
[2019-05-13 21:34:05] -- [INFO ]:[com.schoolsell.util.myAspect.LoginAspect] -- /********************用户发起请求****************/
[2019-05-13 21:34:05] -- [INFO ]:[com.schoolsell.util.myAspect.LoginAspect] -- URL : http://localhost:8080/schoolsell/getShopCar
[2019-05-13 21:34:05] -- [INFO ]:[com.schoolsell.util.myAspect.LoginAspect] -- HTTP_METHOD : GET
[2019-05-13 21:34:05] -- [INFO ]:[com.schoolsell.util.myAspect.LoginAspect] -- IP : 0:0:0:0:0:0:0:1
[2019-05-13 21:34:05] -- [INFO ]:[com.schoolsell.util.myAspect.LoginAspect] -- CLASS_METHOD : com.schoolsell.controller.ShopCarControl.getShopCar
[2019-05-13 21:34:05] -- [INFO ]:[com.schoolsell.util.myAspect.LoginAspect] -- 方法返回值:[{"image":"H:\\Code\\Schoolsell\\target\\classes\\static\\thumbnail\\51.jpg","price":45,"num":1,"title":"三风景","cid":51},{"image":"H:\\Code\\Schoolsell\\target\\classes\\static\\thumbnail\\52.jpg","price":76,"num":1,"title":"四风景","cid":52},{"image":"H:\\Code\\Schoolsell\\target\\classes\\static\\thumbnail\\53.jpg","price":88,"num":1,"title":"五风景","cid":53}]
[2019-05-13 21:34:05] -- [INFO ]:[com.schoolsell.util.myAspect.LoginAspect] -- /**********************请求结束******************/
