[2019-05-10 20:35:26] -- [INFO ]:[com.schoolsell.SchoolsellApplication] -- Starting SchoolsellApplication on DESKTOP-12K0HGL with PID 13880 (H:\GitHub\schoolsell\Schoolsell-local\target\classes started by xinyun in H:\GitHub\schoolsell\Schoolsell-local)
[2019-05-10 20:35:26] -- [INFO ]:[com.schoolsell.SchoolsellApplication] -- No active profile set, falling back to default profiles: default
[2019-05-10 20:35:31] -- [INFO ]:[org.apache.coyote.http11.Http11NioProtocol] -- Initializing ProtocolHandler ["http-nio-8080"]
[2019-05-10 20:35:31] -- [INFO ]:[org.apache.catalina.core.StandardService] -- Starting service [Tomcat]
[2019-05-10 20:35:31] -- [INFO ]:[org.apache.catalina.core.StandardEngine] -- Starting Servlet Engine: Apache Tomcat/8.5.32
[2019-05-10 20:35:31] -- [INFO ]:[org.apache.catalina.core.AprLifecycleListener] -- The APR based Apache Tomcat Native library which allows optimal performance in production environments was not found on the java.library.path: [H:\Download\win_tools\install_tools\jdk\bin;C:\Windows\Sun\Java\bin;C:\Windows\system32;C:\Windows;I:\Oracle\product\11.2.0\dbhome_1\bin;H:\Download\win_tools\xftp\install\;H:\Download\win_tools\xshell\;C:\Program Files (x86)\Common Files\Oracle\Java\javapath;C:\Windows\system32;C:\Windows;C:\Windows\System32\Wbem;C:\Windows\System32\WindowsPowerShell\v1.0\;C:\Windows\System32\OpenSSH\;H:\Download\win_tools\MySQL\mysql-8.0.15-winx64\bin;H:\Download\win_tools\maven\apache-maven-3.6.0-bin\apache-maven-3.6.0\bin;"H:\Download\win_tools\install_tools\jdk\bin;H:\Download\win_tools\install_tools\jdk\jre\bin";H:\Download\win_tools\git\Git\cmd;C:\Users\xinyun\AppData\Local\Microsoft\WindowsApps;I:\Tools\IDEA\IntelliJ IDEA 2018.3.5\bin;;;.]
[2019-05-10 20:35:31] -- [INFO ]:[org.apache.catalina.core.ContainerBase.[Tomcat].[localhost].[/]] -- Initializing Spring embedded WebApplicationContext
[2019-05-10 20:35:35] -- [INFO ]:[org.apache.coyote.http11.Http11NioProtocol] -- Starting ProtocolHandler ["http-nio-8080"]
[2019-05-10 20:35:35] -- [INFO ]:[com.schoolsell.SchoolsellApplication] -- Started SchoolsellApplication in 12.626 seconds (JVM running for 16.9)
[2019-05-10 20:37:44] -- [INFO ]:[com.schoolsell.SchoolsellApplication] -- Starting SchoolsellApplication on DESKTOP-12K0HGL with PID 19220 (H:\GitHub\schoolsell\Schoolsell-local\target\classes started by xinyun in H:\GitHub\schoolsell\Schoolsell-local)
[2019-05-10 20:37:44] -- [INFO ]:[com.schoolsell.SchoolsellApplication] -- No active profile set, falling back to default profiles: default
[2019-05-10 20:37:48] -- [INFO ]:[org.apache.coyote.http11.Http11NioProtocol] -- Initializing ProtocolHandler ["http-nio-8080"]
[2019-05-10 20:37:48] -- [INFO ]:[org.apache.catalina.core.StandardService] -- Starting service [Tomcat]
[2019-05-10 20:37:48] -- [INFO ]:[org.apache.catalina.core.StandardEngine] -- Starting Servlet Engine: Apache Tomcat/8.5.32
[2019-05-10 20:37:48] -- [INFO ]:[org.apache.catalina.core.AprLifecycleListener] -- The APR based Apache Tomcat Native library which allows optimal performance in production environments was not found on the java.library.path: [H:\Download\win_tools\install_tools\jdk\bin;C:\Windows\Sun\Java\bin;C:\Windows\system32;C:\Windows;I:\Oracle\product\11.2.0\dbhome_1\bin;H:\Download\win_tools\xftp\install\;H:\Download\win_tools\xshell\;C:\Program Files (x86)\Common Files\Oracle\Java\javapath;C:\Windows\system32;C:\Windows;C:\Windows\System32\Wbem;C:\Windows\System32\WindowsPowerShell\v1.0\;C:\Windows\System32\OpenSSH\;H:\Download\win_tools\MySQL\mysql-8.0.15-winx64\bin;H:\Download\win_tools\maven\apache-maven-3.6.0-bin\apache-maven-3.6.0\bin;"H:\Download\win_tools\install_tools\jdk\bin;H:\Download\win_tools\install_tools\jdk\jre\bin";H:\Download\win_tools\git\Git\cmd;C:\Users\xinyun\AppData\Local\Microsoft\WindowsApps;I:\Tools\IDEA\IntelliJ IDEA 2018.3.5\bin;;;.]
[2019-05-10 20:37:48] -- [INFO ]:[org.apache.catalina.core.ContainerBase.[Tomcat].[localhost].[/]] -- Initializing Spring embedded WebApplicationContext
[2019-05-10 20:37:50] -- [INFO ]:[org.apache.coyote.http11.Http11NioProtocol] -- Starting ProtocolHandler ["http-nio-8080"]
[2019-05-10 20:37:50] -- [INFO ]:[com.schoolsell.SchoolsellApplication] -- Started SchoolsellApplication in 7.428 seconds (JVM running for 9.378)
[2019-05-10 20:41:29] -- [INFO ]:[org.apache.catalina.core.ContainerBase.[Tomcat].[localhost].[/]] -- Initializing Spring FrameworkServlet 'dispatcherServlet'
[2019-05-10 20:41:29] -- [INFO ]:[com.schoolsell.util.myAspect.LoginAspect] -- /********************用户发起请求****************/
[2019-05-10 20:41:29] -- [INFO ]:[com.schoolsell.util.myAspect.LoginAspect] -- URL : http://127.0.0.1:8080/schoolsell/wxLogin
[2019-05-10 20:41:29] -- [INFO ]:[com.schoolsell.util.myAspect.LoginAspect] -- HTTP_METHOD : POST
[2019-05-10 20:41:29] -- [INFO ]:[com.schoolsell.util.myAspect.LoginAspect] -- IP : 127.0.0.1
[2019-05-10 20:41:29] -- [INFO ]:[com.schoolsell.util.myAspect.LoginAspect] -- CLASS_METHOD : com.schoolsell.controller.WeixinController.wxLogin
[2019-05-10 20:41:31] -- [INFO ]:[com.zaxxer.hikari.HikariDataSource] -- HikariPool-1 - Starting...
[2019-05-10 20:41:33] -- [INFO ]:[com.zaxxer.hikari.HikariDataSource] -- HikariPool-1 - Start completed.
[2019-05-10 20:41:33] -- [INFO ]:[com.schoolsell.util.myAspect.LoginAspect] -- 方法返回值:{userID=-498702880@qq.com, isExist=yes}
[2019-05-10 20:41:33] -- [INFO ]:[com.schoolsell.util.myAspect.LoginAspect] -- /**********************请求结束******************/
[2019-05-10 20:41:35] -- [INFO ]:[com.schoolsell.util.myAspect.LoginAspect] -- /********************用户发起请求****************/
[2019-05-10 20:41:35] -- [INFO ]:[com.schoolsell.util.myAspect.LoginAspect] -- /********************用户发起请求****************/
[2019-05-10 20:41:35] -- [INFO ]:[com.schoolsell.util.myAspect.LoginAspect] -- URL : http://127.0.0.1:8080/schoolsell/firstpic
[2019-05-10 20:41:35] -- [INFO ]:[com.schoolsell.util.myAspect.LoginAspect] -- URL : http://127.0.0.1:8080/schoolsell/getAllPicture
[2019-05-10 20:41:35] -- [INFO ]:[com.schoolsell.util.myAspect.LoginAspect] -- HTTP_METHOD : GET
[2019-05-10 20:41:35] -- [INFO ]:[com.schoolsell.util.myAspect.LoginAspect] -- HTTP_METHOD : GET
[2019-05-10 20:41:35] -- [INFO ]:[com.schoolsell.util.myAspect.LoginAspect] -- IP : 127.0.0.1
[2019-05-10 20:41:35] -- [INFO ]:[com.schoolsell.util.myAspect.LoginAspect] -- IP : 127.0.0.1
[2019-05-10 20:41:35] -- [INFO ]:[com.schoolsell.util.myAspect.LoginAspect] -- CLASS_METHOD : com.schoolsell.controller.CommodityController.firstpic
[2019-05-10 20:41:35] -- [INFO ]:[com.schoolsell.util.myAspect.LoginAspect] -- CLASS_METHOD : com.schoolsell.controller.CommodityController.getAllPicture
[2019-05-10 20:41:36] -- [INFO ]:[com.schoolsell.util.myAspect.LoginAspect] -- 方法返回值:{all=[Commodity [Hash = 1233631348, cid=49, cprice=14, bargain=true, usetime=四成新, cdescription=3344的第一份商品, ischecked=2, sellerid=3344@qq.com, cname=一风景, kname=编程, thumbnail=H:\Code\Schoolsell\target\classes\static\thumbnail\49.jpg, ccount=6, serialVersionUID=1], Commodity [Hash = 376631048, cid=50, cprice=56, bargain=true, usetime=四成新, cdescription=3344的第二份商品, ischecked=2, sellerid=3344@qq.com, cname=二风景, kname=英语, thumbnail=H:\Code\Schoolsell\target\classes\static\thumbnail\50.jpg, ccount=7, serialVersionUID=1], Commodity [Hash = 61743401, cid=51, cprice=45, bargain=true, usetime=六成新, cdescription=3344的第三份商品, ischecked=2, sellerid=3344@qq.com, cname=三风景, kname=篮球, thumbnail=H:\Code\Schoolsell\target\classes\static\thumbnail\51.jpg, ccount=5, serialVersionUID=1], Commodity [Hash = 772566551, cid=52, cprice=76, bargain=true, usetime=四成新, cdescription=3344的第四份商品, ischecked=1, sellerid=3344@qq.com, cname=四风景, kname=足球, thumbnail=H:\Code\Schoolsell\target\classes\static\thumbnail\52.jpg, ccount=6, serialVersionUID=1], Commodity [Hash = 1522284474, cid=53, cprice=88, bargain=true, usetime=四成新, cdescription=3344的第五份商品, ischecked=1, sellerid=3344@qq.com, cname=五风景, kname=手机, thumbnail=H:\Code\Schoolsell\target\classes\static\thumbnail\53.jpg, ccount=9, serialVersionUID=1], Commodity [Hash = 1530366282, cid=54, cprice=86, bargain=true, usetime=八成新, cdescription=3344的第六份商品, ischecked=1, sellerid=3344@qq.com, cname=六风景, kname=笔记本, thumbnail=H:\Code\Schoolsell\target\classes\static\thumbnail\54.jpg, ccount=4, serialVersionUID=1], Commodity [Hash = 702696556, cid=56, cprice=56, bargain=true, usetime=四成新, cdescription=1122的第二份商品, ischecked=1, sellerid=1122@qq.com, cname=十风景, kname=足球, thumbnail=H:\Code\Schoolsell\target\classes\static\thumbnail\56.jpg, ccount=4, serialVersionUID=1], Commodity [Hash = 1691607953, cid=58, cprice=78, bargain=true, usetime=四成新, cdescription=1122的, ischecked=1, sellerid=1122@qq.com, cname=七风景, kname=手机, thumbnail=H:\Code\Schoolsell\target\classes\static\thumbnail\58.jpg, ccount=7, serialVersionUID=1], Commodity [Hash = 1609107798, cid=61, cprice=78, bargain=true, usetime=五成新, cdescription=第九张, ischecked=1, sellerid=1122@qq.com, cname=九风景, kname=英语, thumbnail=H:\GitHub\schoolsell\Schoolsell-local\target\classes\static\thumbnail\61.jpg, ccount=9, serialVersionUID=1], Commodity [Hash = 947103288, cid=62, cprice=56, bargain=true, usetime=四成新, cdescription=第十一张, ischecked=1, sellerid=1122@qq.com, cname=十一风景, kname=篮球, thumbnail=H:\GitHub\schoolsell\Schoolsell-local\target\classes\static\thumbnail\62.jpg, ccount=7, serialVersionUID=1], Commodity [Hash = 63511670, cid=63, cprice=34, bargain=true, usetime=四成新, cdescription=第十二张, ischecked=1, sellerid=1122@qq.com, cname=八风景, kname=编程, thumbnail=H:\GitHub\schoolsell\Schoolsell-local\target\classes\static\thumbnail\63.jpg, ccount=17, serialVersionUID=1], Commodity [Hash = 2029889781, cid=64, cprice=57, bargain=true, usetime=四成新, cdescription=第十三章, ischecked=1, sellerid=1122@qq.com, cname=十二风景, kname=笔记本, thumbnail=H:\GitHub\schoolsell\Schoolsell-local\target\classes\static\thumbnail\64.jpg, ccount=4, serialVersionUID=1], Commodity [Hash = 1867103493, cid=65, cprice=89, bargain=true, usetime=四成新, cdescription=第十三张, ischecked=1, sellerid=1122@qq.com, cname=十三风景, kname=笔记本, thumbnail=H:\GitHub\schoolsell\Schoolsell-local\target\classes\static\thumbnail\65.jpg, ccount=8, serialVersionUID=1]], first=[Bigkind [Hash = 1244566706, bigkindid=1, bigkindname=学习, bigkindpicture=null, serialVersionUID=1], Bigkind [Hash = 30350125, bigkindid=2, bigkindname=运动, bigkindpicture=null, serialVersionUID=1], Bigkind [Hash = 350269921, bigkindid=3, bigkindname=电子, bigkindpicture=null, serialVersionUID=1]]}
[2019-05-10 20:41:36] -- [INFO ]:[com.schoolsell.util.myAspect.LoginAspect] -- /**********************请求结束******************/
[2019-05-10 20:41:36] -- [INFO ]:[com.schoolsell.util.myAspect.LoginAspect] -- 方法返回值:{result={result=[wx31174c6b66d0721a.o6zAJsz2ACsFCLynD3x-Azx1VlwE.BrLi4jKIp32ufca28140d7b201d86c208196c177d9f4.jpg, 49, wx31174c6b66d0721a.o6zAJsz2ACsFCLynD3x-Azx1VlwE.oFw5sbgFfsjLbc9b2cb605df5c5315614c4a2bc1859a.jpg, 50, wx31174c6b66d0721a.o6zAJsz2ACsFCLynD3x-Azx1VlwE.B0ed3m3YV7hLd4adef7c0fa987872884674aba886049.jpg, 51]}}
[2019-05-10 20:41:36] -- [INFO ]:[com.schoolsell.util.myAspect.LoginAspect] -- /**********************请求结束******************/
[2019-05-10 20:41:41] -- [INFO ]:[com.schoolsell.util.myAspect.LoginAspect] -- /********************用户发起请求****************/
[2019-05-10 20:41:41] -- [INFO ]:[com.schoolsell.util.myAspect.LoginAspect] -- URL : http://localhost:8080/schoolsell/leaveFirst
[2019-05-10 20:41:41] -- [INFO ]:[com.schoolsell.util.myAspect.LoginAspect] -- HTTP_METHOD : GET
[2019-05-10 20:41:41] -- [INFO ]:[com.schoolsell.util.myAspect.LoginAspect] -- IP : 0:0:0:0:0:0:0:1
[2019-05-10 20:41:41] -- [INFO ]:[com.schoolsell.util.myAspect.LoginAspect] -- CLASS_METHOD : com.schoolsell.controller.CommodityController.leaveFirst
[2019-05-10 20:41:41] -- [INFO ]:[com.schoolsell.util.myAspect.LoginAspect] -- 方法返回值:{result=清零}
[2019-05-10 20:41:41] -- [INFO ]:[com.schoolsell.util.myAspect.LoginAspect] -- /**********************请求结束******************/
[2019-05-10 20:41:41] -- [INFO ]:[com.schoolsell.util.myAspect.LoginAspect] -- /********************用户发起请求****************/
[2019-05-10 20:41:41] -- [INFO ]:[com.schoolsell.util.myAspect.LoginAspect] -- URL : http://localhost:8080/schoolsell/getShopCar
[2019-05-10 20:41:41] -- [INFO ]:[com.schoolsell.util.myAspect.LoginAspect] -- HTTP_METHOD : GET
[2019-05-10 20:41:41] -- [INFO ]:[com.schoolsell.util.myAspect.LoginAspect] -- IP : 0:0:0:0:0:0:0:1
[2019-05-10 20:41:41] -- [INFO ]:[com.schoolsell.util.myAspect.LoginAspect] -- CLASS_METHOD : com.schoolsell.controller.ShopCarControl.getShopCar
[2019-05-10 20:41:41] -- [INFO ]:[com.schoolsell.util.myAspect.LoginAspect] -- 方法返回值:[]
[2019-05-10 20:41:41] -- [INFO ]:[com.schoolsell.util.myAspect.LoginAspect] -- /**********************请求结束******************/
[2019-05-10 20:41:42] -- [INFO ]:[com.schoolsell.util.myAspect.LoginAspect] -- /********************用户发起请求****************/
[2019-05-10 20:41:42] -- [INFO ]:[com.schoolsell.util.myAspect.LoginAspect] -- /********************用户发起请求****************/
[2019-05-10 20:41:42] -- [INFO ]:[com.schoolsell.util.myAspect.LoginAspect] -- URL : http://127.0.0.1:8080/schoolsell/firstpic
[2019-05-10 20:41:42] -- [INFO ]:[com.schoolsell.util.myAspect.LoginAspect] -- URL : http://127.0.0.1:8080/schoolsell/getAllPicture
[2019-05-10 20:41:42] -- [INFO ]:[com.schoolsell.util.myAspect.LoginAspect] -- HTTP_METHOD : GET
[2019-05-10 20:41:42] -- [INFO ]:[com.schoolsell.util.myAspect.LoginAspect] -- HTTP_METHOD : GET
[2019-05-10 20:41:42] -- [INFO ]:[com.schoolsell.util.myAspect.LoginAspect] -- IP : 127.0.0.1
[2019-05-10 20:41:42] -- [INFO ]:[com.schoolsell.util.myAspect.LoginAspect] -- IP : 127.0.0.1
[2019-05-10 20:41:42] -- [INFO ]:[com.schoolsell.util.myAspect.LoginAspect] -- CLASS_METHOD : com.schoolsell.controller.CommodityController.firstpic
[2019-05-10 20:41:42] -- [INFO ]:[com.schoolsell.util.myAspect.LoginAspect] -- CLASS_METHOD : com.schoolsell.controller.CommodityController.getAllPicture
[2019-05-10 20:41:42] -- [INFO ]:[com.schoolsell.util.myAspect.LoginAspect] -- 方法返回值:{all=[Commodity [Hash = 540953722, cid=49, cprice=14, bargain=true, usetime=四成新, cdescription=3344的第一份商品, ischecked=2, sellerid=3344@qq.com, cname=一风景, kname=编程, thumbnail=H:\Code\Schoolsell\target\classes\static\thumbnail\49.jpg, ccount=6, serialVersionUID=1], Commodity [Hash = 607071604, cid=50, cprice=56, bargain=true, usetime=四成新, cdescription=3344的第二份商品, ischecked=2, sellerid=3344@qq.com, cname=二风景, kname=英语, thumbnail=H:\Code\Schoolsell\target\classes\static\thumbnail\50.jpg, ccount=7, serialVersionUID=1], Commodity [Hash = 253832517, cid=51, cprice=45, bargain=true, usetime=六成新, cdescription=3344的第三份商品, ischecked=2, sellerid=3344@qq.com, cname=三风景, kname=篮球, thumbnail=H:\Code\Schoolsell\target\classes\static\thumbnail\51.jpg, ccount=5, serialVersionUID=1], Commodity [Hash = 604935990, cid=52, cprice=76, bargain=true, usetime=四成新, cdescription=3344的第四份商品, ischecked=1, sellerid=3344@qq.com, cname=四风景, kname=足球, thumbnail=H:\Code\Schoolsell\target\classes\static\thumbnail\52.jpg, ccount=6, serialVersionUID=1], Commodity [Hash = 1979794001, cid=53, cprice=88, bargain=true, usetime=四成新, cdescription=3344的第五份商品, ischecked=1, sellerid=3344@qq.com, cname=五风景, kname=手机, thumbnail=H:\Code\Schoolsell\target\classes\static\thumbnail\53.jpg, ccount=9, serialVersionUID=1], Commodity [Hash = 731420008, cid=54, cprice=86, bargain=true, usetime=八成新, cdescription=3344的第六份商品, ischecked=1, sellerid=3344@qq.com, cname=六风景, kname=笔记本, thumbnail=H:\Code\Schoolsell\target\classes\static\thumbnail\54.jpg, ccount=4, serialVersionUID=1], Commodity [Hash = 760602203, cid=56, cprice=56, bargain=true, usetime=四成新, cdescription=1122的第二份商品, ischecked=1, sellerid=1122@qq.com, cname=十风景, kname=足球, thumbnail=H:\Code\Schoolsell\target\classes\static\thumbnail\56.jpg, ccount=4, serialVersionUID=1], Commodity [Hash = 2100452320, cid=58, cprice=78, bargain=true, usetime=四成新, cdescription=1122的, ischecked=1, sellerid=1122@qq.com, cname=七风景, kname=手机, thumbnail=H:\Code\Schoolsell\target\classes\static\thumbnail\58.jpg, ccount=7, serialVersionUID=1], Commodity [Hash = 31296989, cid=61, cprice=78, bargain=true, usetime=五成新, cdescription=第九张, ischecked=1, sellerid=1122@qq.com, cname=九风景, kname=英语, thumbnail=H:\GitHub\schoolsell\Schoolsell-local\target\classes\static\thumbnail\61.jpg, ccount=9, serialVersionUID=1], Commodity [Hash = 1845590875, cid=62, cprice=56, bargain=true, usetime=四成新, cdescription=第十一张, ischecked=1, sellerid=1122@qq.com, cname=十一风景, kname=篮球, thumbnail=H:\GitHub\schoolsell\Schoolsell-local\target\classes\static\thumbnail\62.jpg, ccount=7, serialVersionUID=1], Commodity [Hash = 1839585222, cid=63, cprice=34, bargain=true, usetime=四成新, cdescription=第十二张, ischecked=1, sellerid=1122@qq.com, cname=八风景, kname=编程, thumbnail=H:\GitHub\schoolsell\Schoolsell-local\target\classes\static\thumbnail\63.jpg, ccount=17, serialVersionUID=1], Commodity [Hash = 44526793, cid=64, cprice=57, bargain=true, usetime=四成新, cdescription=第十三章, ischecked=1, sellerid=1122@qq.com, cname=十二风景, kname=笔记本, thumbnail=H:\GitHub\schoolsell\Schoolsell-local\target\classes\static\thumbnail\64.jpg, ccount=4, serialVersionUID=1], Commodity [Hash = 1870244389, cid=65, cprice=89, bargain=true, usetime=四成新, cdescription=第十三张, ischecked=1, sellerid=1122@qq.com, cname=十三风景, kname=笔记本, thumbnail=H:\GitHub\schoolsell\Schoolsell-local\target\classes\static\thumbnail\65.jpg, ccount=8, serialVersionUID=1]], first=[Bigkind [Hash = 180866866, bigkindid=1, bigkindname=学习, bigkindpicture=null, serialVersionUID=1], Bigkind [Hash = 1235165771, bigkindid=2, bigkindname=运动, bigkindpicture=null, serialVersionUID=1], Bigkind [Hash = 1894243989, bigkindid=3, bigkindname=电子, bigkindpicture=null, serialVersionUID=1]]}
[2019-05-10 20:41:42] -- [INFO ]:[com.schoolsell.util.myAspect.LoginAspect] -- /**********************请求结束******************/
[2019-05-10 20:41:42] -- [INFO ]:[com.schoolsell.util.myAspect.LoginAspect] -- 方法返回值:{result={result=[wx31174c6b66d0721a.o6zAJsz2ACsFCLynD3x-Azx1VlwE.BrLi4jKIp32ufca28140d7b201d86c208196c177d9f4.jpg, 49, wx31174c6b66d0721a.o6zAJsz2ACsFCLynD3x-Azx1VlwE.oFw5sbgFfsjLbc9b2cb605df5c5315614c4a2bc1859a.jpg, 50, wx31174c6b66d0721a.o6zAJsz2ACsFCLynD3x-Azx1VlwE.B0ed3m3YV7hLd4adef7c0fa987872884674aba886049.jpg, 51]}}
[2019-05-10 20:41:42] -- [INFO ]:[com.schoolsell.util.myAspect.LoginAspect] -- /**********************请求结束******************/
[2019-05-10 20:41:50] -- [INFO ]:[com.schoolsell.util.myAspect.LoginAspect] -- /********************用户发起请求****************/
[2019-05-10 20:41:50] -- [INFO ]:[com.schoolsell.util.myAspect.LoginAspect] -- URL : http://localhost:8080/schoolsell/leaveFirst
[2019-05-10 20:41:50] -- [INFO ]:[com.schoolsell.util.myAspect.LoginAspect] -- HTTP_METHOD : GET
[2019-05-10 20:41:50] -- [INFO ]:[com.schoolsell.util.myAspect.LoginAspect] -- IP : 0:0:0:0:0:0:0:1
[2019-05-10 20:41:50] -- [INFO ]:[com.schoolsell.util.myAspect.LoginAspect] -- CLASS_METHOD : com.schoolsell.controller.CommodityController.leaveFirst
[2019-05-10 20:41:50] -- [INFO ]:[com.schoolsell.util.myAspect.LoginAspect] -- 方法返回值:{result=清零}
[2019-05-10 20:41:50] -- [INFO ]:[com.schoolsell.util.myAspect.LoginAspect] -- /**********************请求结束******************/
[2019-05-10 20:41:50] -- [INFO ]:[com.schoolsell.util.myAspect.LoginAspect] -- /********************用户发起请求****************/
[2019-05-10 20:41:50] -- [INFO ]:[com.schoolsell.util.myAspect.LoginAspect] -- URL : http://localhost:8080/schoolsell/getShopCar
[2019-05-10 20:41:50] -- [INFO ]:[com.schoolsell.util.myAspect.LoginAspect] -- HTTP_METHOD : GET
[2019-05-10 20:41:50] -- [INFO ]:[com.schoolsell.util.myAspect.LoginAspect] -- IP : 0:0:0:0:0:0:0:1
[2019-05-10 20:41:50] -- [INFO ]:[com.schoolsell.util.myAspect.LoginAspect] -- CLASS_METHOD : com.schoolsell.controller.ShopCarControl.getShopCar
[2019-05-10 20:41:50] -- [INFO ]:[com.schoolsell.util.myAspect.LoginAspect] -- 方法返回值:[]
[2019-05-10 20:41:50] -- [INFO ]:[com.schoolsell.util.myAspect.LoginAspect] -- /**********************请求结束******************/
[2019-05-10 20:41:51] -- [INFO ]:[com.schoolsell.util.myAspect.LoginAspect] -- /********************用户发起请求****************/
[2019-05-10 20:41:51] -- [INFO ]:[com.schoolsell.util.myAspect.LoginAspect] -- URL : http://127.0.0.1:8080/schoolsell/getAllPicture
[2019-05-10 20:41:51] -- [INFO ]:[com.schoolsell.util.myAspect.LoginAspect] -- HTTP_METHOD : GET
[2019-05-10 20:41:51] -- [INFO ]:[com.schoolsell.util.myAspect.LoginAspect] -- IP : 127.0.0.1
[2019-05-10 20:41:51] -- [INFO ]:[com.schoolsell.util.myAspect.LoginAspect] -- CLASS_METHOD : com.schoolsell.controller.CommodityController.getAllPicture
[2019-05-10 20:41:51] -- [INFO ]:[com.schoolsell.util.myAspect.LoginAspect] -- /********************用户发起请求****************/
[2019-05-10 20:41:51] -- [INFO ]:[com.schoolsell.util.myAspect.LoginAspect] -- URL : http://127.0.0.1:8080/schoolsell/firstpic
[2019-05-10 20:41:51] -- [INFO ]:[com.schoolsell.util.myAspect.LoginAspect] -- HTTP_METHOD : GET
[2019-05-10 20:41:51] -- [INFO ]:[com.schoolsell.util.myAspect.LoginAspect] -- IP : 127.0.0.1
[2019-05-10 20:41:51] -- [INFO ]:[com.schoolsell.util.myAspect.LoginAspect] -- CLASS_METHOD : com.schoolsell.controller.CommodityController.firstpic
[2019-05-10 20:41:51] -- [INFO ]:[com.schoolsell.util.myAspect.LoginAspect] -- 方法返回值:{all=[Commodity [Hash = 1823732535, cid=49, cprice=14, bargain=true, usetime=四成新, cdescription=3344的第一份商品, ischecked=2, sellerid=3344@qq.com, cname=一风景, kname=编程, thumbnail=H:\Code\Schoolsell\target\classes\static\thumbnail\49.jpg, ccount=6, serialVersionUID=1], Commodity [Hash = 297487174, cid=50, cprice=56, bargain=true, usetime=四成新, cdescription=3344的第二份商品, ischecked=2, sellerid=3344@qq.com, cname=二风景, kname=英语, thumbnail=H:\Code\Schoolsell\target\classes\static\thumbnail\50.jpg, ccount=7, serialVersionUID=1], Commodity [Hash = 1720646186, cid=51, cprice=45, bargain=true, usetime=六成新, cdescription=3344的第三份商品, ischecked=2, sellerid=3344@qq.com, cname=三风景, kname=篮球, thumbnail=H:\Code\Schoolsell\target\classes\static\thumbnail\51.jpg, ccount=5, serialVersionUID=1], Commodity [Hash = 2062756916, cid=52, cprice=76, bargain=true, usetime=四成新, cdescription=3344的第四份商品, ischecked=1, sellerid=3344@qq.com, cname=四风景, kname=足球, thumbnail=H:\Code\Schoolsell\target\classes\static\thumbnail\52.jpg, ccount=6, serialVersionUID=1], Commodity [Hash = 162157078, cid=53, cprice=88, bargain=true, usetime=四成新, cdescription=3344的第五份商品, ischecked=1, sellerid=3344@qq.com, cname=五风景, kname=手机, thumbnail=H:\Code\Schoolsell\target\classes\static\thumbnail\53.jpg, ccount=9, serialVersionUID=1], Commodity [Hash = 1115740446, cid=54, cprice=86, bargain=true, usetime=八成新, cdescription=3344的第六份商品, ischecked=1, sellerid=3344@qq.com, cname=六风景, kname=笔记本, thumbnail=H:\Code\Schoolsell\target\classes\static\thumbnail\54.jpg, ccount=4, serialVersionUID=1], Commodity [Hash = 1397630158, cid=56, cprice=56, bargain=true, usetime=四成新, cdescription=1122的第二份商品, ischecked=1, sellerid=1122@qq.com, cname=十风景, kname=足球, thumbnail=H:\Code\Schoolsell\target\classes\static\thumbnail\56.jpg, ccount=4, serialVersionUID=1], Commodity [Hash = 817831967, cid=58, cprice=78, bargain=true, usetime=四成新, cdescription=1122的, ischecked=1, sellerid=1122@qq.com, cname=七风景, kname=手机, thumbnail=H:\Code\Schoolsell\target\classes\static\thumbnail\58.jpg, ccount=7, serialVersionUID=1], Commodity [Hash = 1801383676, cid=61, cprice=78, bargain=true, usetime=五成新, cdescription=第九张, ischecked=1, sellerid=1122@qq.com, cname=九风景, kname=英语, thumbnail=H:\GitHub\schoolsell\Schoolsell-local\target\classes\static\thumbnail\61.jpg, ccount=9, serialVersionUID=1], Commodity [Hash = 793936544, cid=62, cprice=56, bargain=true, usetime=四成新, cdescription=第十一张, ischecked=1, sellerid=1122@qq.com, cname=十一风景, kname=篮球, thumbnail=H:\GitHub\schoolsell\Schoolsell-local\target\classes\static\thumbnail\62.jpg, ccount=7, serialVersionUID=1], Commodity [Hash = 228113360, cid=63, cprice=34, bargain=true, usetime=四成新, cdescription=第十二张, ischecked=1, sellerid=1122@qq.com, cname=八风景, kname=编程, thumbnail=H:\GitHub\schoolsell\Schoolsell-local\target\classes\static\thumbnail\63.jpg, ccount=17, serialVersionUID=1], Commodity [Hash = 1148112292, cid=64, cprice=57, bargain=true, usetime=四成新, cdescription=第十三章, ischecked=1, sellerid=1122@qq.com, cname=十二风景, kname=笔记本, thumbnail=H:\GitHub\schoolsell\Schoolsell-local\target\classes\static\thumbnail\64.jpg, ccount=4, serialVersionUID=1], Commodity [Hash = 1490809563, cid=65, cprice=89, bargain=true, usetime=四成新, cdescription=第十三张, ischecked=1, sellerid=1122@qq.com, cname=十三风景, kname=笔记本, thumbnail=H:\GitHub\schoolsell\Schoolsell-local\target\classes\static\thumbnail\65.jpg, ccount=8, serialVersionUID=1]], first=[Bigkind [Hash = 1663515874, bigkindid=1, bigkindname=学习, bigkindpicture=null, serialVersionUID=1], Bigkind [Hash = 724131181, bigkindid=2, bigkindname=运动, bigkindpicture=null, serialVersionUID=1], Bigkind [Hash = 429434433, bigkindid=3, bigkindname=电子, bigkindpicture=null, serialVersionUID=1]]}
[2019-05-10 20:41:51] -- [INFO ]:[com.schoolsell.util.myAspect.LoginAspect] -- /**********************请求结束******************/
[2019-05-10 20:41:51] -- [INFO ]:[com.schoolsell.util.myAspect.LoginAspect] -- 方法返回值:{result={result=[wx31174c6b66d0721a.o6zAJsz2ACsFCLynD3x-Azx1VlwE.BrLi4jKIp32ufca28140d7b201d86c208196c177d9f4.jpg, 49, wx31174c6b66d0721a.o6zAJsz2ACsFCLynD3x-Azx1VlwE.oFw5sbgFfsjLbc9b2cb605df5c5315614c4a2bc1859a.jpg, 50, wx31174c6b66d0721a.o6zAJsz2ACsFCLynD3x-Azx1VlwE.B0ed3m3YV7hLd4adef7c0fa987872884674aba886049.jpg, 51]}}
[2019-05-10 20:41:51] -- [INFO ]:[com.schoolsell.util.myAspect.LoginAspect] -- /**********************请求结束******************/
[2019-05-10 20:41:53] -- [INFO ]:[com.schoolsell.util.myAspect.LoginAspect] -- /********************用户发起请求****************/
[2019-05-10 20:41:53] -- [INFO ]:[com.schoolsell.util.myAspect.LoginAspect] -- URL : http://localhost:8080/schoolsell/leaveFirst
[2019-05-10 20:41:53] -- [INFO ]:[com.schoolsell.util.myAspect.LoginAspect] -- HTTP_METHOD : GET
[2019-05-10 20:41:53] -- [INFO ]:[com.schoolsell.util.myAspect.LoginAspect] -- IP : 0:0:0:0:0:0:0:1
[2019-05-10 20:41:53] -- [INFO ]:[com.schoolsell.util.myAspect.LoginAspect] -- CLASS_METHOD : com.schoolsell.controller.CommodityController.leaveFirst
[2019-05-10 20:41:53] -- [INFO ]:[com.schoolsell.util.myAspect.LoginAspect] -- 方法返回值:{result=清零}
[2019-05-10 20:41:53] -- [INFO ]:[com.schoolsell.util.myAspect.LoginAspect] -- /**********************请求结束******************/
[2019-05-10 20:41:53] -- [INFO ]:[com.schoolsell.util.myAspect.LoginAspect] -- /********************用户发起请求****************/
[2019-05-10 20:41:53] -- [INFO ]:[com.schoolsell.util.myAspect.LoginAspect] -- URL : http://localhost:8080/schoolsell/getCommodityinfo
[2019-05-10 20:41:53] -- [INFO ]:[com.schoolsell.util.myAspect.LoginAspect] -- HTTP_METHOD : GET
[2019-05-10 20:41:53] -- [INFO ]:[com.schoolsell.util.myAspect.LoginAspect] -- IP : 0:0:0:0:0:0:0:1
[2019-05-10 20:41:53] -- [INFO ]:[com.schoolsell.util.myAspect.LoginAspect] -- CLASS_METHOD : com.schoolsell.controller.CommodityController.getCommodityinfo
[2019-05-10 20:41:53] -- [INFO ]:[com.schoolsell.util.myAspect.LoginAspect] -- 方法返回值:{commodityDetail=Commodity [Hash = 683065212, cid=50, cprice=56, bargain=true, usetime=四成新, cdescription=3344的第二份商品, ischecked=2, sellerid=3344@qq.com, cname=二风景, kname=英语, thumbnail=H:\Code\Schoolsell\target\classes\static\thumbnail\50.jpg, ccount=7, serialVersionUID=1], detailPic=[wx31174c6b66d0721a.o6zAJsz2ACsFCLynD3x-Azx1VlwE.oFw5sbgFfsjLbc9b2cb605df5c5315614c4a2bc1859a.jpg, wx31174c6b66d0721a.o6zAJsz2ACsFCLynD3x-Azx1VlwE.WYvzk2K1bCwRd4adef7c0fa987872884674aba886049.jpg]}
[2019-05-10 20:41:53] -- [INFO ]:[com.schoolsell.util.myAspect.LoginAspect] -- /**********************请求结束******************/
[2019-05-10 20:41:55] -- [INFO ]:[com.schoolsell.util.myAspect.LoginAspect] -- /********************用户发起请求****************/
[2019-05-10 20:41:55] -- [INFO ]:[com.schoolsell.util.myAspect.LoginAspect] -- URL : http://localhost:8080/schoolsell/addShopCar
[2019-05-10 20:41:55] -- [INFO ]:[com.schoolsell.util.myAspect.LoginAspect] -- HTTP_METHOD : GET
[2019-05-10 20:41:55] -- [INFO ]:[com.schoolsell.util.myAspect.LoginAspect] -- IP : 0:0:0:0:0:0:0:1
[2019-05-10 20:41:55] -- [INFO ]:[com.schoolsell.util.myAspect.LoginAspect] -- CLASS_METHOD : com.schoolsell.controller.ShopCarControl.addShopCar
[2019-05-10 20:41:58] -- [INFO ]:[com.schoolsell.util.myAspect.LoginAspect] -- /********************用户发起请求****************/
[2019-05-10 20:41:58] -- [INFO ]:[com.schoolsell.util.myAspect.LoginAspect] -- URL : http://127.0.0.1:8080/schoolsell/getAllPicture
[2019-05-10 20:41:58] -- [INFO ]:[com.schoolsell.util.myAspect.LoginAspect] -- HTTP_METHOD : GET
[2019-05-10 20:41:58] -- [INFO ]:[com.schoolsell.util.myAspect.LoginAspect] -- IP : 127.0.0.1
[2019-05-10 20:41:58] -- [INFO ]:[com.schoolsell.util.myAspect.LoginAspect] -- CLASS_METHOD : com.schoolsell.controller.CommodityController.getAllPicture
[2019-05-10 20:41:58] -- [INFO ]:[com.schoolsell.util.myAspect.LoginAspect] -- /********************用户发起请求****************/
[2019-05-10 20:41:58] -- [INFO ]:[com.schoolsell.util.myAspect.LoginAspect] -- URL : http://127.0.0.1:8080/schoolsell/firstpic
[2019-05-10 20:41:58] -- [INFO ]:[com.schoolsell.util.myAspect.LoginAspect] -- HTTP_METHOD : GET
[2019-05-10 20:41:58] -- [INFO ]:[com.schoolsell.util.myAspect.LoginAspect] -- IP : 127.0.0.1
[2019-05-10 20:41:58] -- [INFO ]:[com.schoolsell.util.myAspect.LoginAspect] -- CLASS_METHOD : com.schoolsell.controller.CommodityController.firstpic
[2019-05-10 20:41:58] -- [INFO ]:[com.schoolsell.util.myAspect.LoginAspect] -- 方法返回值:{all=[Commodity [Hash = 1899582704, cid=49, cprice=14, bargain=true, usetime=四成新, cdescription=3344的第一份商品, ischecked=2, sellerid=3344@qq.com, cname=一风景, kname=编程, thumbnail=H:\Code\Schoolsell\target\classes\static\thumbnail\49.jpg, ccount=6, serialVersionUID=1], Commodity [Hash = 435487106, cid=50, cprice=56, bargain=true, usetime=四成新, cdescription=3344的第二份商品, ischecked=2, sellerid=3344@qq.com, cname=二风景, kname=英语, thumbnail=H:\Code\Schoolsell\target\classes\static\thumbnail\50.jpg, ccount=7, serialVersionUID=1], Commodity [Hash = 740200748, cid=51, cprice=45, bargain=true, usetime=六成新, cdescription=3344的第三份商品, ischecked=2, sellerid=3344@qq.com, cname=三风景, kname=篮球, thumbnail=H:\Code\Schoolsell\target\classes\static\thumbnail\51.jpg, ccount=5, serialVersionUID=1], Commodity [Hash = 963717658, cid=52, cprice=76, bargain=true, usetime=四成新, cdescription=3344的第四份商品, ischecked=1, sellerid=3344@qq.com, cname=四风景, kname=足球, thumbnail=H:\Code\Schoolsell\target\classes\static\thumbnail\52.jpg, ccount=6, serialVersionUID=1], Commodity [Hash = 47474448, cid=53, cprice=88, bargain=true, usetime=四成新, cdescription=3344的第五份商品, ischecked=1, sellerid=3344@qq.com, cname=五风景, kname=手机, thumbnail=H:\Code\Schoolsell\target\classes\static\thumbnail\53.jpg, ccount=9, serialVersionUID=1], Commodity [Hash = 857509849, cid=54, cprice=86, bargain=true, usetime=八成新, cdescription=3344的第六份商品, ischecked=1, sellerid=3344@qq.com, cname=六风景, kname=笔记本, thumbnail=H:\Code\Schoolsell\target\classes\static\thumbnail\54.jpg, ccount=4, serialVersionUID=1], Commodity [Hash = 1800662887, cid=56, cprice=56, bargain=true, usetime=四成新, cdescription=1122的第二份商品, ischecked=1, sellerid=1122@qq.com, cname=十风景, kname=足球, thumbnail=H:\Code\Schoolsell\target\classes\static\thumbnail\56.jpg, ccount=4, serialVersionUID=1], Commodity [Hash = 1539451373, cid=58, cprice=78, bargain=true, usetime=四成新, cdescription=1122的, ischecked=1, sellerid=1122@qq.com, cname=七风景, kname=手机, thumbnail=H:\Code\Schoolsell\target\classes\static\thumbnail\58.jpg, ccount=7, serialVersionUID=1], Commodity [Hash = 2056202594, cid=61, cprice=78, bargain=true, usetime=五成新, cdescription=第九张, ischecked=1, sellerid=1122@qq.com, cname=九风景, kname=英语, thumbnail=H:\GitHub\schoolsell\Schoolsell-local\target\classes\static\thumbnail\61.jpg, ccount=9, serialVersionUID=1], Commodity [Hash = 758780845, cid=62, cprice=56, bargain=true, usetime=四成新, cdescription=第十一张, ischecked=1, sellerid=1122@qq.com, cname=十一风景, kname=篮球, thumbnail=H:\GitHub\schoolsell\Schoolsell-local\target\classes\static\thumbnail\62.jpg, ccount=7, serialVersionUID=1], Commodity [Hash = 1499916730, cid=63, cprice=34, bargain=true, usetime=四成新, cdescription=第十二张, ischecked=1, sellerid=1122@qq.com, cname=八风景, kname=编程, thumbnail=H:\GitHub\schoolsell\Schoolsell-local\target\classes\static\thumbnail\63.jpg, ccount=17, serialVersionUID=1], Commodity [Hash = 329330234, cid=64, cprice=57, bargain=true, usetime=四成新, cdescription=第十三章, ischecked=1, sellerid=1122@qq.com, cname=十二风景, kname=笔记本, thumbnail=H:\GitHub\schoolsell\Schoolsell-local\target\classes\static\thumbnail\64.jpg, ccount=4, serialVersionUID=1], Commodity [Hash = 283562261, cid=65, cprice=89, bargain=true, usetime=四成新, cdescription=第十三张, ischecked=1, sellerid=1122@qq.com, cname=十三风景, kname=笔记本, thumbnail=H:\GitHub\schoolsell\Schoolsell-local\target\classes\static\thumbnail\65.jpg, ccount=8, serialVersionUID=1]], first=[Bigkind [Hash = 1841045471, bigkindid=1, bigkindname=学习, bigkindpicture=null, serialVersionUID=1], Bigkind [Hash = 66650347, bigkindid=2, bigkindname=运动, bigkindpicture=null, serialVersionUID=1], Bigkind [Hash = 422784592, bigkindid=3, bigkindname=电子, bigkindpicture=null, serialVersionUID=1]]}
[2019-05-10 20:41:58] -- [INFO ]:[com.schoolsell.util.myAspect.LoginAspect] -- /**********************请求结束******************/
[2019-05-10 20:41:58] -- [INFO ]:[com.schoolsell.util.myAspect.LoginAspect] -- 方法返回值:{result={result=[wx31174c6b66d0721a.o6zAJsz2ACsFCLynD3x-Azx1VlwE.BrLi4jKIp32ufca28140d7b201d86c208196c177d9f4.jpg, 49, wx31174c6b66d0721a.o6zAJsz2ACsFCLynD3x-Azx1VlwE.oFw5sbgFfsjLbc9b2cb605df5c5315614c4a2bc1859a.jpg, 50, wx31174c6b66d0721a.o6zAJsz2ACsFCLynD3x-Azx1VlwE.B0ed3m3YV7hLd4adef7c0fa987872884674aba886049.jpg, 51]}}
[2019-05-10 20:41:58] -- [INFO ]:[com.schoolsell.util.myAspect.LoginAspect] -- /**********************请求结束******************/
[2019-05-10 20:41:58] -- [INFO ]:[com.schoolsell.util.myAspect.LoginAspect] -- /********************用户发起请求****************/
[2019-05-10 20:41:58] -- [INFO ]:[com.schoolsell.util.myAspect.LoginAspect] -- URL : http://localhost:8080/schoolsell/leaveFirst
[2019-05-10 20:41:58] -- [INFO ]:[com.schoolsell.util.myAspect.LoginAspect] -- HTTP_METHOD : GET
[2019-05-10 20:41:58] -- [INFO ]:[com.schoolsell.util.myAspect.LoginAspect] -- IP : 0:0:0:0:0:0:0:1
[2019-05-10 20:41:58] -- [INFO ]:[com.schoolsell.util.myAspect.LoginAspect] -- CLASS_METHOD : com.schoolsell.controller.CommodityController.leaveFirst
[2019-05-10 20:41:58] -- [INFO ]:[com.schoolsell.util.myAspect.LoginAspect] -- 方法返回值:{result=清零}
[2019-05-10 20:41:58] -- [INFO ]:[com.schoolsell.util.myAspect.LoginAspect] -- /**********************请求结束******************/
[2019-05-10 20:41:58] -- [INFO ]:[com.schoolsell.util.myAspect.LoginAspect] -- /********************用户发起请求****************/
[2019-05-10 20:41:58] -- [INFO ]:[com.schoolsell.util.myAspect.LoginAspect] -- URL : http://localhost:8080/schoolsell/getShopCar
[2019-05-10 20:41:58] -- [INFO ]:[com.schoolsell.util.myAspect.LoginAspect] -- HTTP_METHOD : GET
[2019-05-10 20:41:58] -- [INFO ]:[com.schoolsell.util.myAspect.LoginAspect] -- IP : 0:0:0:0:0:0:0:1
[2019-05-10 20:41:58] -- [INFO ]:[com.schoolsell.util.myAspect.LoginAspect] -- CLASS_METHOD : com.schoolsell.controller.ShopCarControl.getShopCar
[2019-05-10 20:41:58] -- [INFO ]:[com.schoolsell.util.myAspect.LoginAspect] -- 方法返回值:[]
[2019-05-10 20:41:58] -- [INFO ]:[com.schoolsell.util.myAspect.LoginAspect] -- /**********************请求结束******************/
[2019-05-10 20:42:05] -- [INFO ]:[com.schoolsell.util.myAspect.LoginAspect] -- /********************用户发起请求****************/
[2019-05-10 20:42:05] -- [INFO ]:[com.schoolsell.util.myAspect.LoginAspect] -- URL : http://127.0.0.1:8080/schoolsell/getAllPicture
[2019-05-10 20:42:05] -- [INFO ]:[com.schoolsell.util.myAspect.LoginAspect] -- HTTP_METHOD : GET
[2019-05-10 20:42:05] -- [INFO ]:[com.schoolsell.util.myAspect.LoginAspect] -- IP : 127.0.0.1
[2019-05-10 20:42:05] -- [INFO ]:[com.schoolsell.util.myAspect.LoginAspect] -- CLASS_METHOD : com.schoolsell.controller.CommodityController.getAllPicture
[2019-05-10 20:42:05] -- [INFO ]:[com.schoolsell.util.myAspect.LoginAspect] -- /********************用户发起请求****************/
[2019-05-10 20:42:05] -- [INFO ]:[com.schoolsell.util.myAspect.LoginAspect] -- URL : http://127.0.0.1:8080/schoolsell/firstpic
[2019-05-10 20:42:05] -- [INFO ]:[com.schoolsell.util.myAspect.LoginAspect] -- HTTP_METHOD : GET
[2019-05-10 20:42:05] -- [INFO ]:[com.schoolsell.util.myAspect.LoginAspect] -- IP : 127.0.0.1
[2019-05-10 20:42:05] -- [INFO ]:[com.schoolsell.util.myAspect.LoginAspect] -- CLASS_METHOD : com.schoolsell.controller.CommodityController.firstpic
[2019-05-10 20:42:05] -- [INFO ]:[com.schoolsell.util.myAspect.LoginAspect] -- 方法返回值:{all=[Commodity [Hash = 640465077, cid=49, cprice=14, bargain=true, usetime=四成新, cdescription=3344的第一份商品, ischecked=2, sellerid=3344@qq.com, cname=一风景, kname=编程, thumbnail=H:\Code\Schoolsell\target\classes\static\thumbnail\49.jpg, ccount=6, serialVersionUID=1], Commodity [Hash = 161745060, cid=50, cprice=56, bargain=true, usetime=四成新, cdescription=3344的第二份商品, ischecked=2, sellerid=3344@qq.com, cname=二风景, kname=英语, thumbnail=H:\Code\Schoolsell\target\classes\static\thumbnail\50.jpg, ccount=7, serialVersionUID=1], Commodity [Hash = 873357373, cid=51, cprice=45, bargain=true, usetime=六成新, cdescription=3344的第三份商品, ischecked=2, sellerid=3344@qq.com, cname=三风景, kname=篮球, thumbnail=H:\Code\Schoolsell\target\classes\static\thumbnail\51.jpg, ccount=5, serialVersionUID=1], Commodity [Hash = 617163893, cid=52, cprice=76, bargain=true, usetime=四成新, cdescription=3344的第四份商品, ischecked=1, sellerid=3344@qq.com, cname=四风景, kname=足球, thumbnail=H:\Code\Schoolsell\target\classes\static\thumbnail\52.jpg, ccount=6, serialVersionUID=1], Commodity [Hash = 1742983497, cid=53, cprice=88, bargain=true, usetime=四成新, cdescription=3344的第五份商品, ischecked=1, sellerid=3344@qq.com, cname=五风景, kname=手机, thumbnail=H:\Code\Schoolsell\target\classes\static\thumbnail\53.jpg, ccount=9, serialVersionUID=1], Commodity [Hash = 1311441977, cid=54, cprice=86, bargain=true, usetime=八成新, cdescription=3344的第六份商品, ischecked=1, sellerid=3344@qq.com, cname=六风景, kname=笔记本, thumbnail=H:\Code\Schoolsell\target\classes\static\thumbnail\54.jpg, ccount=4, serialVersionUID=1], Commodity [Hash = 157522505, cid=56, cprice=56, bargain=true, usetime=四成新, cdescription=1122的第二份商品, ischecked=1, sellerid=1122@qq.com, cname=十风景, kname=足球, thumbnail=H:\Code\Schoolsell\target\classes\static\thumbnail\56.jpg, ccount=4, serialVersionUID=1], Commodity [Hash = 1688511892, cid=58, cprice=78, bargain=true, usetime=四成新, cdescription=1122的, ischecked=1, sellerid=1122@qq.com, cname=七风景, kname=手机, thumbnail=H:\Code\Schoolsell\target\classes\static\thumbnail\58.jpg, ccount=7, serialVersionUID=1], Commodity [Hash = 489966032, cid=61, cprice=78, bargain=true, usetime=五成新, cdescription=第九张, ischecked=1, sellerid=1122@qq.com, cname=九风景, kname=英语, thumbnail=H:\GitHub\schoolsell\Schoolsell-local\target\classes\static\thumbnail\61.jpg, ccount=9, serialVersionUID=1], Commodity [Hash = 195595395, cid=62, cprice=56, bargain=true, usetime=四成新, cdescription=第十一张, ischecked=1, sellerid=1122@qq.com, cname=十一风景, kname=篮球, thumbnail=H:\GitHub\schoolsell\Schoolsell-local\target\classes\static\thumbnail\62.jpg, ccount=7, serialVersionUID=1], Commodity [Hash = 512556653, cid=63, cprice=34, bargain=true, usetime=四成新, cdescription=第十二张, ischecked=1, sellerid=1122@qq.com, cname=八风景, kname=编程, thumbnail=H:\GitHub\schoolsell\Schoolsell-local\target\classes\static\thumbnail\63.jpg, ccount=17, serialVersionUID=1], Commodity [Hash = 1606774829, cid=64, cprice=57, bargain=true, usetime=四成新, cdescription=第十三章, ischecked=1, sellerid=1122@qq.com, cname=十二风景, kname=笔记本, thumbnail=H:\GitHub\schoolsell\Schoolsell-local\target\classes\static\thumbnail\64.jpg, ccount=4, serialVersionUID=1], Commodity [Hash = 1610668236, cid=65, cprice=89, bargain=true, usetime=四成新, cdescription=第十三张, ischecked=1, sellerid=1122@qq.com, cname=十三风景, kname=笔记本, thumbnail=H:\GitHub\schoolsell\Schoolsell-local\target\classes\static\thumbnail\65.jpg, ccount=8, serialVersionUID=1]], first=[Bigkind [Hash = 788761819, bigkindid=1, bigkindname=学习, bigkindpicture=null, serialVersionUID=1], Bigkind [Hash = 1443197120, bigkindid=2, bigkindname=运动, bigkindpicture=null, serialVersionUID=1], Bigkind [Hash = 582301237, bigkindid=3, bigkindname=电子, bigkindpicture=null, serialVersionUID=1]]}
[2019-05-10 20:42:05] -- [INFO ]:[com.schoolsell.util.myAspect.LoginAspect] -- /**********************请求结束******************/
[2019-05-10 20:42:05] -- [INFO ]:[com.schoolsell.util.myAspect.LoginAspect] -- 方法返回值:{result={result=[wx31174c6b66d0721a.o6zAJsz2ACsFCLynD3x-Azx1VlwE.BrLi4jKIp32ufca28140d7b201d86c208196c177d9f4.jpg, 49, wx31174c6b66d0721a.o6zAJsz2ACsFCLynD3x-Azx1VlwE.oFw5sbgFfsjLbc9b2cb605df5c5315614c4a2bc1859a.jpg, 50, wx31174c6b66d0721a.o6zAJsz2ACsFCLynD3x-Azx1VlwE.B0ed3m3YV7hLd4adef7c0fa987872884674aba886049.jpg, 51]}}
[2019-05-10 20:42:05] -- [INFO ]:[com.schoolsell.util.myAspect.LoginAspect] -- /**********************请求结束******************/
[2019-05-10 20:42:07] -- [INFO ]:[com.schoolsell.util.myAspect.LoginAspect] -- /********************用户发起请求****************/
[2019-05-10 20:42:07] -- [INFO ]:[com.schoolsell.util.myAspect.LoginAspect] -- URL : http://localhost:8080/schoolsell/leaveFirst
[2019-05-10 20:42:07] -- [INFO ]:[com.schoolsell.util.myAspect.LoginAspect] -- HTTP_METHOD : GET
[2019-05-10 20:42:07] -- [INFO ]:[com.schoolsell.util.myAspect.LoginAspect] -- IP : 0:0:0:0:0:0:0:1
[2019-05-10 20:42:07] -- [INFO ]:[com.schoolsell.util.myAspect.LoginAspect] -- CLASS_METHOD : com.schoolsell.controller.CommodityController.leaveFirst
[2019-05-10 20:42:07] -- [INFO ]:[com.schoolsell.util.myAspect.LoginAspect] -- 方法返回值:{result=清零}
[2019-05-10 20:42:07] -- [INFO ]:[com.schoolsell.util.myAspect.LoginAspect] -- /**********************请求结束******************/
[2019-05-10 20:42:07] -- [INFO ]:[com.schoolsell.util.myAspect.LoginAspect] -- /********************用户发起请求****************/
[2019-05-10 20:42:07] -- [INFO ]:[com.schoolsell.util.myAspect.LoginAspect] -- URL : http://localhost:8080/schoolsell/getCommodityinfo
[2019-05-10 20:42:07] -- [INFO ]:[com.schoolsell.util.myAspect.LoginAspect] -- HTTP_METHOD : GET
[2019-05-10 20:42:07] -- [INFO ]:[com.schoolsell.util.myAspect.LoginAspect] -- IP : 0:0:0:0:0:0:0:1
[2019-05-10 20:42:07] -- [INFO ]:[com.schoolsell.util.myAspect.LoginAspect] -- CLASS_METHOD : com.schoolsell.controller.CommodityController.getCommodityinfo
[2019-05-10 20:42:07] -- [INFO ]:[com.schoolsell.util.myAspect.LoginAspect] -- 方法返回值:{commodityDetail=Commodity [Hash = 1975178706, cid=50, cprice=56, bargain=true, usetime=四成新, cdescription=3344的第二份商品, ischecked=2, sellerid=3344@qq.com, cname=二风景, kname=英语, thumbnail=H:\Code\Schoolsell\target\classes\static\thumbnail\50.jpg, ccount=7, serialVersionUID=1], detailPic=[wx31174c6b66d0721a.o6zAJsz2ACsFCLynD3x-Azx1VlwE.oFw5sbgFfsjLbc9b2cb605df5c5315614c4a2bc1859a.jpg, wx31174c6b66d0721a.o6zAJsz2ACsFCLynD3x-Azx1VlwE.WYvzk2K1bCwRd4adef7c0fa987872884674aba886049.jpg]}
[2019-05-10 20:42:07] -- [INFO ]:[com.schoolsell.util.myAspect.LoginAspect] -- /**********************请求结束******************/
[2019-05-10 20:44:21] -- [INFO ]:[com.schoolsell.util.myAspect.LoginAspect] -- /********************用户发起请求****************/
[2019-05-10 20:44:21] -- [INFO ]:[com.schoolsell.util.myAspect.LoginAspect] -- URL : http://127.0.0.1:8080/schoolsell/getAllPicture
[2019-05-10 20:44:21] -- [INFO ]:[com.schoolsell.util.myAspect.LoginAspect] -- HTTP_METHOD : GET
[2019-05-10 20:44:21] -- [INFO ]:[com.schoolsell.util.myAspect.LoginAspect] -- IP : 127.0.0.1
[2019-05-10 20:44:21] -- [INFO ]:[com.schoolsell.util.myAspect.LoginAspect] -- CLASS_METHOD : com.schoolsell.controller.CommodityController.getAllPicture
[2019-05-10 20:44:21] -- [INFO ]:[com.schoolsell.util.myAspect.LoginAspect] -- /********************用户发起请求****************/
[2019-05-10 20:44:21] -- [INFO ]:[com.schoolsell.util.myAspect.LoginAspect] -- URL : http://127.0.0.1:8080/schoolsell/firstpic
[2019-05-10 20:44:21] -- [INFO ]:[com.schoolsell.util.myAspect.LoginAspect] -- HTTP_METHOD : GET
[2019-05-10 20:44:21] -- [INFO ]:[com.schoolsell.util.myAspect.LoginAspect] -- IP : 127.0.0.1
[2019-05-10 20:44:21] -- [INFO ]:[com.schoolsell.util.myAspect.LoginAspect] -- CLASS_METHOD : com.schoolsell.controller.CommodityController.firstpic
[2019-05-10 20:44:21] -- [INFO ]:[com.schoolsell.util.myAspect.LoginAspect] -- 方法返回值:{all=[Commodity [Hash = 424383776, cid=49, cprice=14, bargain=true, usetime=四成新, cdescription=3344的第一份商品, ischecked=2, sellerid=3344@qq.com, cname=一风景, kname=编程, thumbnail=H:\Code\Schoolsell\target\classes\static\thumbnail\49.jpg, ccount=6, serialVersionUID=1], Commodity [Hash = 256096790, cid=50, cprice=56, bargain=true, usetime=四成新, cdescription=3344的第二份商品, ischecked=2, sellerid=3344@qq.com, cname=二风景, kname=英语, thumbnail=H:\Code\Schoolsell\target\classes\static\thumbnail\50.jpg, ccount=7, serialVersionUID=1], Commodity [Hash = 600763758, cid=51, cprice=45, bargain=true, usetime=六成新, cdescription=3344的第三份商品, ischecked=2, sellerid=3344@qq.com, cname=三风景, kname=篮球, thumbnail=H:\Code\Schoolsell\target\classes\static\thumbnail\51.jpg, ccount=5, serialVersionUID=1], Commodity [Hash = 1335672784, cid=52, cprice=76, bargain=true, usetime=四成新, cdescription=3344的第四份商品, ischecked=1, sellerid=3344@qq.com, cname=四风景, kname=足球, thumbnail=H:\Code\Schoolsell\target\classes\static\thumbnail\52.jpg, ccount=6, serialVersionUID=1], Commodity [Hash = 171692438, cid=53, cprice=88, bargain=true, usetime=四成新, cdescription=3344的第五份商品, ischecked=1, sellerid=3344@qq.com, cname=五风景, kname=手机, thumbnail=H:\Code\Schoolsell\target\classes\static\thumbnail\53.jpg, ccount=9, serialVersionUID=1], Commodity [Hash = 406477261, cid=54, cprice=86, bargain=true, usetime=八成新, cdescription=3344的第六份商品, ischecked=1, sellerid=3344@qq.com, cname=六风景, kname=笔记本, thumbnail=H:\Code\Schoolsell\target\classes\static\thumbnail\54.jpg, ccount=4, serialVersionUID=1], Commodity [Hash = 1280008761, cid=56, cprice=56, bargain=true, usetime=四成新, cdescription=1122的第二份商品, ischecked=1, sellerid=1122@qq.com, cname=十风景, kname=足球, thumbnail=H:\Code\Schoolsell\target\classes\static\thumbnail\56.jpg, ccount=4, serialVersionUID=1], Commodity [Hash = 1711482463, cid=58, cprice=78, bargain=true, usetime=四成新, cdescription=1122的, ischecked=1, sellerid=1122@qq.com, cname=七风景, kname=手机, thumbnail=H:\Code\Schoolsell\target\classes\static\thumbnail\58.jpg, ccount=7, serialVersionUID=1], Commodity [Hash = 853601384, cid=61, cprice=78, bargain=true, usetime=五成新, cdescription=第九张, ischecked=1, sellerid=1122@qq.com, cname=九风景, kname=英语, thumbnail=H:\GitHub\schoolsell\Schoolsell-local\target\classes\static\thumbnail\61.jpg, ccount=9, serialVersionUID=1], Commodity [Hash = 2027831240, cid=62, cprice=56, bargain=true, usetime=四成新, cdescription=第十一张, ischecked=1, sellerid=1122@qq.com, cname=十一风景, kname=篮球, thumbnail=H:\GitHub\schoolsell\Schoolsell-local\target\classes\static\thumbnail\62.jpg, ccount=7, serialVersionUID=1], Commodity [Hash = 1863565376, cid=63, cprice=34, bargain=true, usetime=四成新, cdescription=第十二张, ischecked=1, sellerid=1122@qq.com, cname=八风景, kname=编程, thumbnail=H:\GitHub\schoolsell\Schoolsell-local\target\classes\static\thumbnail\63.jpg, ccount=17, serialVersionUID=1], Commodity [Hash = 282931747, cid=64, cprice=57, bargain=true, usetime=四成新, cdescription=第十三章, ischecked=1, sellerid=1122@qq.com, cname=十二风景, kname=笔记本, thumbnail=H:\GitHub\schoolsell\Schoolsell-local\target\classes\static\thumbnail\64.jpg, ccount=4, serialVersionUID=1], Commodity [Hash = 636166140, cid=65, cprice=89, bargain=true, usetime=四成新, cdescription=第十三张, ischecked=1, sellerid=1122@qq.com, cname=十三风景, kname=笔记本, thumbnail=H:\GitHub\schoolsell\Schoolsell-local\target\classes\static\thumbnail\65.jpg, ccount=8, serialVersionUID=1]], first=[Bigkind [Hash = 742544630, bigkindid=1, bigkindname=学习, bigkindpicture=null, serialVersionUID=1], Bigkind [Hash = 1562542334, bigkindid=2, bigkindname=运动, bigkindpicture=null, serialVersionUID=1], Bigkind [Hash = 613936467, bigkindid=3, bigkindname=电子, bigkindpicture=null, serialVersionUID=1]]}
[2019-05-10 20:44:21] -- [INFO ]:[com.schoolsell.util.myAspect.LoginAspect] -- /**********************请求结束******************/
[2019-05-10 20:44:21] -- [INFO ]:[com.schoolsell.util.myAspect.LoginAspect] -- 方法返回值:{result={result=[wx31174c6b66d0721a.o6zAJsz2ACsFCLynD3x-Azx1VlwE.BrLi4jKIp32ufca28140d7b201d86c208196c177d9f4.jpg, 49, wx31174c6b66d0721a.o6zAJsz2ACsFCLynD3x-Azx1VlwE.oFw5sbgFfsjLbc9b2cb605df5c5315614c4a2bc1859a.jpg, 50, wx31174c6b66d0721a.o6zAJsz2ACsFCLynD3x-Azx1VlwE.B0ed3m3YV7hLd4adef7c0fa987872884674aba886049.jpg, 51]}}
[2019-05-10 20:44:21] -- [INFO ]:[com.schoolsell.util.myAspect.LoginAspect] -- /**********************请求结束******************/
[2019-05-10 20:44:22] -- [INFO ]:[com.schoolsell.util.myAspect.LoginAspect] -- /********************用户发起请求****************/
[2019-05-10 20:44:22] -- [INFO ]:[com.schoolsell.util.myAspect.LoginAspect] -- URL : http://localhost:8080/schoolsell/leaveFirst
[2019-05-10 20:44:22] -- [INFO ]:[com.schoolsell.util.myAspect.LoginAspect] -- HTTP_METHOD : GET
[2019-05-10 20:44:22] -- [INFO ]:[com.schoolsell.util.myAspect.LoginAspect] -- IP : 0:0:0:0:0:0:0:1
[2019-05-10 20:44:22] -- [INFO ]:[com.schoolsell.util.myAspect.LoginAspect] -- CLASS_METHOD : com.schoolsell.controller.CommodityController.leaveFirst
[2019-05-10 20:44:22] -- [INFO ]:[com.schoolsell.util.myAspect.LoginAspect] -- 方法返回值:{result=清零}
[2019-05-10 20:44:22] -- [INFO ]:[com.schoolsell.util.myAspect.LoginAspect] -- /**********************请求结束******************/
[2019-05-10 20:44:22] -- [INFO ]:[com.schoolsell.util.myAspect.LoginAspect] -- /********************用户发起请求****************/
[2019-05-10 20:44:22] -- [INFO ]:[com.schoolsell.util.myAspect.LoginAspect] -- URL : http://localhost:8080/schoolsell/getShopCar
[2019-05-10 20:44:22] -- [INFO ]:[com.schoolsell.util.myAspect.LoginAspect] -- HTTP_METHOD : GET
[2019-05-10 20:44:22] -- [INFO ]:[com.schoolsell.util.myAspect.LoginAspect] -- IP : 0:0:0:0:0:0:0:1
[2019-05-10 20:44:22] -- [INFO ]:[com.schoolsell.util.myAspect.LoginAspect] -- CLASS_METHOD : com.schoolsell.controller.ShopCarControl.getShopCar
[2019-05-10 20:44:22] -- [INFO ]:[com.schoolsell.util.myAspect.LoginAspect] -- 方法返回值:[]
[2019-05-10 20:44:22] -- [INFO ]:[com.schoolsell.util.myAspect.LoginAspect] -- /**********************请求结束******************/
[2019-05-10 20:44:27] -- [INFO ]:[com.schoolsell.util.myAspect.LoginAspect] -- /********************用户发起请求****************/
[2019-05-10 20:44:27] -- [INFO ]:[com.schoolsell.util.myAspect.LoginAspect] -- URL : http://localhost:8080/schoolsell/chatlist
[2019-05-10 20:44:27] -- [INFO ]:[com.schoolsell.util.myAspect.LoginAspect] -- HTTP_METHOD : GET
[2019-05-10 20:44:27] -- [INFO ]:[com.schoolsell.util.myAspect.LoginAspect] -- IP : 0:0:0:0:0:0:0:1
[2019-05-10 20:44:27] -- [INFO ]:[com.schoolsell.util.myAspect.LoginAspect] -- CLASS_METHOD : com.schoolsell.controller.ChatControl.chatlist
[2019-05-10 20:44:27] -- [INFO ]:[com.schoolsell.util.myAspect.LoginAspect] -- 方法返回值:[]
[2019-05-10 20:44:27] -- [INFO ]:[com.schoolsell.util.myAspect.LoginAspect] -- /**********************请求结束******************/
[2019-05-10 20:44:27] -- [INFO ]:[com.schoolsell.util.myAspect.LoginAspect] -- /********************用户发起请求****************/
[2019-05-10 20:44:27] -- [INFO ]:[com.schoolsell.util.myAspect.LoginAspect] -- URL : http://localhost:8080/schoolsell/getShopCar
[2019-05-10 20:44:27] -- [INFO ]:[com.schoolsell.util.myAspect.LoginAspect] -- HTTP_METHOD : GET
[2019-05-10 20:44:27] -- [INFO ]:[com.schoolsell.util.myAspect.LoginAspect] -- IP : 0:0:0:0:0:0:0:1
[2019-05-10 20:44:27] -- [INFO ]:[com.schoolsell.util.myAspect.LoginAspect] -- CLASS_METHOD : com.schoolsell.controller.ShopCarControl.getShopCar
[2019-05-10 20:44:27] -- [INFO ]:[com.schoolsell.util.myAspect.LoginAspect] -- 方法返回值:[]
[2019-05-10 20:44:27] -- [INFO ]:[com.schoolsell.util.myAspect.LoginAspect] -- /**********************请求结束******************/
[2019-05-10 20:44:32] -- [INFO ]:[com.schoolsell.util.myAspect.LoginAspect] -- /********************用户发起请求****************/
[2019-05-10 20:44:32] -- [INFO ]:[com.schoolsell.util.myAspect.LoginAspect] -- URL : http://127.0.0.1:8080/schoolsell/getAllPicture
[2019-05-10 20:44:32] -- [INFO ]:[com.schoolsell.util.myAspect.LoginAspect] -- HTTP_METHOD : GET
[2019-05-10 20:44:32] -- [INFO ]:[com.schoolsell.util.myAspect.LoginAspect] -- IP : 127.0.0.1
[2019-05-10 20:44:32] -- [INFO ]:[com.schoolsell.util.myAspect.LoginAspect] -- CLASS_METHOD : com.schoolsell.controller.CommodityController.getAllPicture
[2019-05-10 20:44:32] -- [INFO ]:[com.schoolsell.util.myAspect.LoginAspect] -- /********************用户发起请求****************/
[2019-05-10 20:44:32] -- [INFO ]:[com.schoolsell.util.myAspect.LoginAspect] -- URL : http://127.0.0.1:8080/schoolsell/firstpic
[2019-05-10 20:44:32] -- [INFO ]:[com.schoolsell.util.myAspect.LoginAspect] -- HTTP_METHOD : GET
[2019-05-10 20:44:32] -- [INFO ]:[com.schoolsell.util.myAspect.LoginAspect] -- IP : 127.0.0.1
[2019-05-10 20:44:32] -- [INFO ]:[com.schoolsell.util.myAspect.LoginAspect] -- CLASS_METHOD : com.schoolsell.controller.CommodityController.firstpic
[2019-05-10 20:44:32] -- [INFO ]:[com.schoolsell.util.myAspect.LoginAspect] -- 方法返回值:{all=[Commodity [Hash = 1469093957, cid=49, cprice=14, bargain=true, usetime=四成新, cdescription=3344的第一份商品, ischecked=2, sellerid=3344@qq.com, cname=一风景, kname=编程, thumbnail=H:\Code\Schoolsell\target\classes\static\thumbnail\49.jpg, ccount=6, serialVersionUID=1], Commodity [Hash = 650538191, cid=50, cprice=56, bargain=true, usetime=四成新, cdescription=3344的第二份商品, ischecked=2, sellerid=3344@qq.com, cname=二风景, kname=英语, thumbnail=H:\Code\Schoolsell\target\classes\static\thumbnail\50.jpg, ccount=7, serialVersionUID=1], Commodity [Hash = 2048768463, cid=51, cprice=45, bargain=true, usetime=六成新, cdescription=3344的第三份商品, ischecked=2, sellerid=3344@qq.com, cname=三风景, kname=篮球, thumbnail=H:\Code\Schoolsell\target\classes\static\thumbnail\51.jpg, ccount=5, serialVersionUID=1], Commodity [Hash = 1167639095, cid=52, cprice=76, bargain=true, usetime=四成新, cdescription=3344的第四份商品, ischecked=1, sellerid=3344@qq.com, cname=四风景, kname=足球, thumbnail=H:\Code\Schoolsell\target\classes\static\thumbnail\52.jpg, ccount=6, serialVersionUID=1], Commodity [Hash = 370747505, cid=53, cprice=88, bargain=true, usetime=四成新, cdescription=3344的第五份商品, ischecked=1, sellerid=3344@qq.com, cname=五风景, kname=手机, thumbnail=H:\Code\Schoolsell\target\classes\static\thumbnail\53.jpg, ccount=9, serialVersionUID=1], Commodity [Hash = 53251689, cid=54, cprice=86, bargain=true, usetime=八成新, cdescription=3344的第六份商品, ischecked=1, sellerid=3344@qq.com, cname=六风景, kname=笔记本, thumbnail=H:\Code\Schoolsell\target\classes\static\thumbnail\54.jpg, ccount=4, serialVersionUID=1], Commodity [Hash = 342400002, cid=56, cprice=56, bargain=true, usetime=四成新, cdescription=1122的第二份商品, ischecked=1, sellerid=1122@qq.com, cname=十风景, kname=足球, thumbnail=H:\Code\Schoolsell\target\classes\static\thumbnail\56.jpg, ccount=4, serialVersionUID=1], Commodity [Hash = 392330690, cid=58, cprice=78, bargain=true, usetime=四成新, cdescription=1122的, ischecked=1, sellerid=1122@qq.com, cname=七风景, kname=手机, thumbnail=H:\Code\Schoolsell\target\classes\static\thumbnail\58.jpg, ccount=7, serialVersionUID=1], Commodity [Hash = 1214744063, cid=61, cprice=78, bargain=true, usetime=五成新, cdescription=第九张, ischecked=1, sellerid=1122@qq.com, cname=九风景, kname=英语, thumbnail=H:\GitHub\schoolsell\Schoolsell-local\target\classes\static\thumbnail\61.jpg, ccount=9, serialVersionUID=1], Commodity [Hash = 794760540, cid=62, cprice=56, bargain=true, usetime=四成新, cdescription=第十一张, ischecked=1, sellerid=1122@qq.com, cname=十一风景, kname=篮球, thumbnail=H:\GitHub\schoolsell\Schoolsell-local\target\classes\static\thumbnail\62.jpg, ccount=7, serialVersionUID=1], Commodity [Hash = 2131170361, cid=63, cprice=34, bargain=true, usetime=四成新, cdescription=第十二张, ischecked=1, sellerid=1122@qq.com, cname=八风景, kname=编程, thumbnail=H:\GitHub\schoolsell\Schoolsell-local\target\classes\static\thumbnail\63.jpg, ccount=17, serialVersionUID=1], Commodity [Hash = 2073029238, cid=64, cprice=57, bargain=true, usetime=四成新, cdescription=第十三章, ischecked=1, sellerid=1122@qq.com, cname=十二风景, kname=笔记本, thumbnail=H:\GitHub\schoolsell\Schoolsell-local\target\classes\static\thumbnail\64.jpg, ccount=4, serialVersionUID=1], Commodity [Hash = 263438469, cid=65, cprice=89, bargain=true, usetime=四成新, cdescription=第十三张, ischecked=1, sellerid=1122@qq.com, cname=十三风景, kname=笔记本, thumbnail=H:\GitHub\schoolsell\Schoolsell-local\target\classes\static\thumbnail\65.jpg, ccount=8, serialVersionUID=1]], first=[Bigkind [Hash = 1485951450, bigkindid=1, bigkindname=学习, bigkindpicture=null, serialVersionUID=1], Bigkind [Hash = 535863341, bigkindid=2, bigkindname=运动, bigkindpicture=null, serialVersionUID=1], Bigkind [Hash = 464008703, bigkindid=3, bigkindname=电子, bigkindpicture=null, serialVersionUID=1]]}
[2019-05-10 20:44:32] -- [INFO ]:[com.schoolsell.util.myAspect.LoginAspect] -- /**********************请求结束******************/
[2019-05-10 20:44:32] -- [INFO ]:[com.schoolsell.util.myAspect.LoginAspect] -- 方法返回值:{result={result=[wx31174c6b66d0721a.o6zAJsz2ACsFCLynD3x-Azx1VlwE.BrLi4jKIp32ufca28140d7b201d86c208196c177d9f4.jpg, 49, wx31174c6b66d0721a.o6zAJsz2ACsFCLynD3x-Azx1VlwE.oFw5sbgFfsjLbc9b2cb605df5c5315614c4a2bc1859a.jpg, 50, wx31174c6b66d0721a.o6zAJsz2ACsFCLynD3x-Azx1VlwE.B0ed3m3YV7hLd4adef7c0fa987872884674aba886049.jpg, 51]}}
[2019-05-10 20:44:32] -- [INFO ]:[com.schoolsell.util.myAspect.LoginAspect] -- /**********************请求结束******************/
[2019-05-10 20:44:33] -- [INFO ]:[com.schoolsell.util.myAspect.LoginAspect] -- /********************用户发起请求****************/
[2019-05-10 20:44:33] -- [INFO ]:[com.schoolsell.util.myAspect.LoginAspect] -- URL : http://localhost:8080/schoolsell/leaveFirst
[2019-05-10 20:44:33] -- [INFO ]:[com.schoolsell.util.myAspect.LoginAspect] -- HTTP_METHOD : GET
[2019-05-10 20:44:33] -- [INFO ]:[com.schoolsell.util.myAspect.LoginAspect] -- IP : 0:0:0:0:0:0:0:1
[2019-05-10 20:44:33] -- [INFO ]:[com.schoolsell.util.myAspect.LoginAspect] -- CLASS_METHOD : com.schoolsell.controller.CommodityController.leaveFirst
[2019-05-10 20:44:33] -- [INFO ]:[com.schoolsell.util.myAspect.LoginAspect] -- 方法返回值:{result=清零}
[2019-05-10 20:44:33] -- [INFO ]:[com.schoolsell.util.myAspect.LoginAspect] -- /**********************请求结束******************/
[2019-05-10 20:44:33] -- [INFO ]:[com.schoolsell.util.myAspect.LoginAspect] -- /********************用户发起请求****************/
[2019-05-10 20:44:33] -- [INFO ]:[com.schoolsell.util.myAspect.LoginAspect] -- URL : http://localhost:8080/schoolsell/getCommodityinfo
[2019-05-10 20:44:33] -- [INFO ]:[com.schoolsell.util.myAspect.LoginAspect] -- HTTP_METHOD : GET
[2019-05-10 20:44:33] -- [INFO ]:[com.schoolsell.util.myAspect.LoginAspect] -- IP : 0:0:0:0:0:0:0:1
[2019-05-10 20:44:33] -- [INFO ]:[com.schoolsell.util.myAspect.LoginAspect] -- CLASS_METHOD : com.schoolsell.controller.CommodityController.getCommodityinfo
[2019-05-10 20:44:33] -- [INFO ]:[com.schoolsell.util.myAspect.LoginAspect] -- 方法返回值:{commodityDetail=Commodity [Hash = 936230610, cid=50, cprice=56, bargain=true, usetime=四成新, cdescription=3344的第二份商品, ischecked=2, sellerid=3344@qq.com, cname=二风景, kname=英语, thumbnail=H:\Code\Schoolsell\target\classes\static\thumbnail\50.jpg, ccount=7, serialVersionUID=1], detailPic=[wx31174c6b66d0721a.o6zAJsz2ACsFCLynD3x-Azx1VlwE.oFw5sbgFfsjLbc9b2cb605df5c5315614c4a2bc1859a.jpg, wx31174c6b66d0721a.o6zAJsz2ACsFCLynD3x-Azx1VlwE.WYvzk2K1bCwRd4adef7c0fa987872884674aba886049.jpg]}
[2019-05-10 20:44:33] -- [INFO ]:[com.schoolsell.util.myAspect.LoginAspect] -- /**********************请求结束******************/
[2019-05-10 20:44:34] -- [INFO ]:[com.schoolsell.util.myAspect.LoginAspect] -- /********************用户发起请求****************/
[2019-05-10 20:44:34] -- [INFO ]:[com.schoolsell.util.myAspect.LoginAspect] -- URL : http://127.0.0.1:8080/schoolsell/getAllPicture
[2019-05-10 20:44:34] -- [INFO ]:[com.schoolsell.util.myAspect.LoginAspect] -- HTTP_METHOD : GET
[2019-05-10 20:44:34] -- [INFO ]:[com.schoolsell.util.myAspect.LoginAspect] -- IP : 127.0.0.1
[2019-05-10 20:44:34] -- [INFO ]:[com.schoolsell.util.myAspect.LoginAspect] -- CLASS_METHOD : com.schoolsell.controller.CommodityController.getAllPicture
[2019-05-10 20:44:34] -- [INFO ]:[com.schoolsell.util.myAspect.LoginAspect] -- /********************用户发起请求****************/
[2019-05-10 20:44:34] -- [INFO ]:[com.schoolsell.util.myAspect.LoginAspect] -- URL : http://127.0.0.1:8080/schoolsell/firstpic
[2019-05-10 20:44:34] -- [INFO ]:[com.schoolsell.util.myAspect.LoginAspect] -- HTTP_METHOD : GET
[2019-05-10 20:44:34] -- [INFO ]:[com.schoolsell.util.myAspect.LoginAspect] -- IP : 127.0.0.1
[2019-05-10 20:44:34] -- [INFO ]:[com.schoolsell.util.myAspect.LoginAspect] -- CLASS_METHOD : com.schoolsell.controller.CommodityController.firstpic
[2019-05-10 20:44:34] -- [INFO ]:[com.schoolsell.util.myAspect.LoginAspect] -- 方法返回值:{all=[Commodity [Hash = 774196563, cid=49, cprice=14, bargain=true, usetime=四成新, cdescription=3344的第一份商品, ischecked=2, sellerid=3344@qq.com, cname=一风景, kname=编程, thumbnail=H:\Code\Schoolsell\target\classes\static\thumbnail\49.jpg, ccount=6, serialVersionUID=1], Commodity [Hash = 136564983, cid=50, cprice=56, bargain=true, usetime=四成新, cdescription=3344的第二份商品, ischecked=2, sellerid=3344@qq.com, cname=二风景, kname=英语, thumbnail=H:\Code\Schoolsell\target\classes\static\thumbnail\50.jpg, ccount=7, serialVersionUID=1], Commodity [Hash = 1749106495, cid=51, cprice=45, bargain=true, usetime=六成新, cdescription=3344的第三份商品, ischecked=2, sellerid=3344@qq.com, cname=三风景, kname=篮球, thumbnail=H:\Code\Schoolsell\target\classes\static\thumbnail\51.jpg, ccount=5, serialVersionUID=1], Commodity [Hash = 1130371727, cid=52, cprice=76, bargain=true, usetime=四成新, cdescription=3344的第四份商品, ischecked=1, sellerid=3344@qq.com, cname=四风景, kname=足球, thumbnail=H:\Code\Schoolsell\target\classes\static\thumbnail\52.jpg, ccount=6, serialVersionUID=1], Commodity [Hash = 1202428005, cid=53, cprice=88, bargain=true, usetime=四成新, cdescription=3344的第五份商品, ischecked=1, sellerid=3344@qq.com, cname=五风景, kname=手机, thumbnail=H:\Code\Schoolsell\target\classes\static\thumbnail\53.jpg, ccount=9, serialVersionUID=1], Commodity [Hash = 1369005071, cid=54, cprice=86, bargain=true, usetime=八成新, cdescription=3344的第六份商品, ischecked=1, sellerid=3344@qq.com, cname=六风景, kname=笔记本, thumbnail=H:\Code\Schoolsell\target\classes\static\thumbnail\54.jpg, ccount=4, serialVersionUID=1], Commodity [Hash = 809515460, cid=56, cprice=56, bargain=true, usetime=四成新, cdescription=1122的第二份商品, ischecked=1, sellerid=1122@qq.com, cname=十风景, kname=足球, thumbnail=H:\Code\Schoolsell\target\classes\static\thumbnail\56.jpg, ccount=4, serialVersionUID=1], Commodity [Hash = 1933048097, cid=58, cprice=78, bargain=true, usetime=四成新, cdescription=1122的, ischecked=1, sellerid=1122@qq.com, cname=七风景, kname=手机, thumbnail=H:\Code\Schoolsell\target\classes\static\thumbnail\58.jpg, ccount=7, serialVersionUID=1], Commodity [Hash = 1749299090, cid=61, cprice=78, bargain=true, usetime=五成新, cdescription=第九张, ischecked=1, sellerid=1122@qq.com, cname=九风景, kname=英语, thumbnail=H:\GitHub\schoolsell\Schoolsell-local\target\classes\static\thumbnail\61.jpg, ccount=9, serialVersionUID=1], Commodity [Hash = 1931902897, cid=62, cprice=56, bargain=true, usetime=四成新, cdescription=第十一张, ischecked=1, sellerid=1122@qq.com, cname=十一风景, kname=篮球, thumbnail=H:\GitHub\schoolsell\Schoolsell-local\target\classes\static\thumbnail\62.jpg, ccount=7, serialVersionUID=1], Commodity [Hash = 1108993544, cid=63, cprice=34, bargain=true, usetime=四成新, cdescription=第十二张, ischecked=1, sellerid=1122@qq.com, cname=八风景, kname=编程, thumbnail=H:\GitHub\schoolsell\Schoolsell-local\target\classes\static\thumbnail\63.jpg, ccount=17, serialVersionUID=1], Commodity [Hash = 237760923, cid=64, cprice=57, bargain=true, usetime=四成新, cdescription=第十三章, ischecked=1, sellerid=1122@qq.com, cname=十二风景, kname=笔记本, thumbnail=H:\GitHub\schoolsell\Schoolsell-local\target\classes\static\thumbnail\64.jpg, ccount=4, serialVersionUID=1], Commodity [Hash = 1197111155, cid=65, cprice=89, bargain=true, usetime=四成新, cdescription=第十三张, ischecked=1, sellerid=1122@qq.com, cname=十三风景, kname=笔记本, thumbnail=H:\GitHub\schoolsell\Schoolsell-local\target\classes\static\thumbnail\65.jpg, ccount=8, serialVersionUID=1]], first=[Bigkind [Hash = 130110430, bigkindid=1, bigkindname=学习, bigkindpicture=null, serialVersionUID=1], Bigkind [Hash = 182836360, bigkindid=2, bigkindname=运动, bigkindpicture=null, serialVersionUID=1], Bigkind [Hash = 1527993190, bigkindid=3, bigkindname=电子, bigkindpicture=null, serialVersionUID=1]]}
[2019-05-10 20:44:34] -- [INFO ]:[com.schoolsell.util.myAspect.LoginAspect] -- /**********************请求结束******************/
[2019-05-10 20:44:34] -- [INFO ]:[com.schoolsell.util.myAspect.LoginAspect] -- 方法返回值:{result={result=[wx31174c6b66d0721a.o6zAJsz2ACsFCLynD3x-Azx1VlwE.BrLi4jKIp32ufca28140d7b201d86c208196c177d9f4.jpg, 49, wx31174c6b66d0721a.o6zAJsz2ACsFCLynD3x-Azx1VlwE.oFw5sbgFfsjLbc9b2cb605df5c5315614c4a2bc1859a.jpg, 50, wx31174c6b66d0721a.o6zAJsz2ACsFCLynD3x-Azx1VlwE.B0ed3m3YV7hLd4adef7c0fa987872884674aba886049.jpg, 51]}}
[2019-05-10 20:44:34] -- [INFO ]:[com.schoolsell.util.myAspect.LoginAspect] -- /**********************请求结束******************/
[2019-05-10 20:44:35] -- [INFO ]:[com.schoolsell.util.myAspect.LoginAspect] -- /********************用户发起请求****************/
[2019-05-10 20:44:35] -- [INFO ]:[com.schoolsell.util.myAspect.LoginAspect] -- URL : http://localhost:8080/schoolsell/leaveFirst
[2019-05-10 20:44:35] -- [INFO ]:[com.schoolsell.util.myAspect.LoginAspect] -- HTTP_METHOD : GET
[2019-05-10 20:44:35] -- [INFO ]:[com.schoolsell.util.myAspect.LoginAspect] -- IP : 0:0:0:0:0:0:0:1
[2019-05-10 20:44:35] -- [INFO ]:[com.schoolsell.util.myAspect.LoginAspect] -- CLASS_METHOD : com.schoolsell.controller.CommodityController.leaveFirst
[2019-05-10 20:44:35] -- [INFO ]:[com.schoolsell.util.myAspect.LoginAspect] -- 方法返回值:{result=清零}
[2019-05-10 20:44:35] -- [INFO ]:[com.schoolsell.util.myAspect.LoginAspect] -- /**********************请求结束******************/
[2019-05-10 20:44:35] -- [INFO ]:[com.schoolsell.util.myAspect.LoginAspect] -- /********************用户发起请求****************/
[2019-05-10 20:44:35] -- [INFO ]:[com.schoolsell.util.myAspect.LoginAspect] -- URL : http://localhost:8080/schoolsell/getCommodityinfo
[2019-05-10 20:44:35] -- [INFO ]:[com.schoolsell.util.myAspect.LoginAspect] -- HTTP_METHOD : GET
[2019-05-10 20:44:35] -- [INFO ]:[com.schoolsell.util.myAspect.LoginAspect] -- IP : 0:0:0:0:0:0:0:1
[2019-05-10 20:44:35] -- [INFO ]:[com.schoolsell.util.myAspect.LoginAspect] -- CLASS_METHOD : com.schoolsell.controller.CommodityController.getCommodityinfo
[2019-05-10 20:44:35] -- [INFO ]:[com.schoolsell.util.myAspect.LoginAspect] -- 方法返回值:{commodityDetail=Commodity [Hash = 1652605603, cid=49, cprice=14, bargain=true, usetime=四成新, cdescription=3344的第一份商品, ischecked=2, sellerid=3344@qq.com, cname=一风景, kname=编程, thumbnail=H:\Code\Schoolsell\target\classes\static\thumbnail\49.jpg, ccount=6, serialVersionUID=1], detailPic=[wx31174c6b66d0721a.o6zAJsz2ACsFCLynD3x-Azx1VlwE.BrLi4jKIp32ufca28140d7b201d86c208196c177d9f4.jpg, wx31174c6b66d0721a.o6zAJsz2ACsFCLynD3x-Azx1VlwE.QSKdtgeBHIe8d4adef7c0fa987872884674aba886049.jpg]}
[2019-05-10 20:44:35] -- [INFO ]:[com.schoolsell.util.myAspect.LoginAspect] -- /**********************请求结束******************/
[2019-05-10 20:51:55] -- [INFO ]:[com.schoolsell.util.myAspect.LoginAspect] -- /********************用户发起请求****************/
[2019-05-10 20:51:55] -- [INFO ]:[com.schoolsell.util.myAspect.LoginAspect] -- URL : http://localhost:8080/schoolsell/addShopCar
[2019-05-10 20:51:55] -- [INFO ]:[com.schoolsell.util.myAspect.LoginAspect] -- HTTP_METHOD : GET
[2019-05-10 20:51:55] -- [INFO ]:[com.schoolsell.util.myAspect.LoginAspect] -- IP : 0:0:0:0:0:0:0:1
[2019-05-10 20:51:55] -- [INFO ]:[com.schoolsell.util.myAspect.LoginAspect] -- CLASS_METHOD : com.schoolsell.controller.ShopCarControl.addShopCar
[2019-05-10 20:58:10] -- [INFO ]:[com.schoolsell.SchoolsellApplication] -- Starting SchoolsellApplication on DESKTOP-12K0HGL with PID 3548 (H:\GitHub\schoolsell\Schoolsell-local\target\classes started by xinyun in H:\GitHub\schoolsell\Schoolsell-local)
[2019-05-10 20:58:10] -- [INFO ]:[com.schoolsell.SchoolsellApplication] -- No active profile set, falling back to default profiles: default
[2019-05-10 20:58:15] -- [INFO ]:[org.apache.coyote.http11.Http11NioProtocol] -- Initializing ProtocolHandler ["http-nio-8080"]
[2019-05-10 20:58:15] -- [INFO ]:[org.apache.catalina.core.StandardService] -- Starting service [Tomcat]
[2019-05-10 20:58:15] -- [INFO ]:[org.apache.catalina.core.StandardEngine] -- Starting Servlet Engine: Apache Tomcat/8.5.32
[2019-05-10 20:58:15] -- [INFO ]:[org.apache.catalina.core.AprLifecycleListener] -- The APR based Apache Tomcat Native library which allows optimal performance in production environments was not found on the java.library.path: [H:\Download\win_tools\install_tools\jdk\bin;C:\Windows\Sun\Java\bin;C:\Windows\system32;C:\Windows;I:\Oracle\product\11.2.0\dbhome_1\bin;H:\Download\win_tools\xftp\install\;H:\Download\win_tools\xshell\;C:\Program Files (x86)\Common Files\Oracle\Java\javapath;C:\Windows\system32;C:\Windows;C:\Windows\System32\Wbem;C:\Windows\System32\WindowsPowerShell\v1.0\;C:\Windows\System32\OpenSSH\;H:\Download\win_tools\MySQL\mysql-8.0.15-winx64\bin;H:\Download\win_tools\maven\apache-maven-3.6.0-bin\apache-maven-3.6.0\bin;"H:\Download\win_tools\install_tools\jdk\bin;H:\Download\win_tools\install_tools\jdk\jre\bin";H:\Download\win_tools\git\Git\cmd;C:\Users\xinyun\AppData\Local\Microsoft\WindowsApps;I:\Tools\IDEA\IntelliJ IDEA 2018.3.5\bin;;;.]
[2019-05-10 20:58:15] -- [INFO ]:[org.apache.catalina.core.ContainerBase.[Tomcat].[localhost].[/]] -- Initializing Spring embedded WebApplicationContext
[2019-05-10 20:58:18] -- [INFO ]:[org.apache.coyote.http11.Http11NioProtocol] -- Starting ProtocolHandler ["http-nio-8080"]
[2019-05-10 20:58:18] -- [INFO ]:[com.schoolsell.SchoolsellApplication] -- Started SchoolsellApplication in 8.986 seconds (JVM running for 11.971)
[2019-05-10 21:02:15] -- [INFO ]:[org.apache.catalina.core.ContainerBase.[Tomcat].[localhost].[/]] -- Initializing Spring FrameworkServlet 'dispatcherServlet'
[2019-05-10 21:02:15] -- [INFO ]:[com.schoolsell.util.myAspect.LoginAspect] -- /********************用户发起请求****************/
[2019-05-10 21:02:15] -- [INFO ]:[com.schoolsell.util.myAspect.LoginAspect] -- URL : http://127.0.0.1:8080/schoolsell/wxLogin
[2019-05-10 21:02:15] -- [INFO ]:[com.schoolsell.util.myAspect.LoginAspect] -- HTTP_METHOD : POST
[2019-05-10 21:02:15] -- [INFO ]:[com.schoolsell.util.myAspect.LoginAspect] -- IP : 127.0.0.1
[2019-05-10 21:02:15] -- [INFO ]:[com.schoolsell.util.myAspect.LoginAspect] -- CLASS_METHOD : com.schoolsell.controller.WeixinController.wxLogin
[2019-05-10 21:02:16] -- [INFO ]:[com.zaxxer.hikari.HikariDataSource] -- HikariPool-1 - Starting...
[2019-05-10 21:02:16] -- [INFO ]:[com.zaxxer.hikari.HikariDataSource] -- HikariPool-1 - Start completed.
[2019-05-10 21:02:17] -- [INFO ]:[com.schoolsell.util.myAspect.LoginAspect] -- 方法返回值:{userID=-498702880@qq.com, isExist=yes}
[2019-05-10 21:02:17] -- [INFO ]:[com.schoolsell.util.myAspect.LoginAspect] -- /**********************请求结束******************/
[2019-05-10 21:02:18] -- [INFO ]:[com.schoolsell.util.myAspect.LoginAspect] -- /********************用户发起请求****************/
[2019-05-10 21:02:18] -- [INFO ]:[com.schoolsell.util.myAspect.LoginAspect] -- /********************用户发起请求****************/
[2019-05-10 21:02:18] -- [INFO ]:[com.schoolsell.util.myAspect.LoginAspect] -- URL : http://127.0.0.1:8080/schoolsell/getAllPicture
[2019-05-10 21:02:18] -- [INFO ]:[com.schoolsell.util.myAspect.LoginAspect] -- URL : http://127.0.0.1:8080/schoolsell/firstpic
[2019-05-10 21:02:18] -- [INFO ]:[com.schoolsell.util.myAspect.LoginAspect] -- HTTP_METHOD : GET
[2019-05-10 21:02:18] -- [INFO ]:[com.schoolsell.util.myAspect.LoginAspect] -- HTTP_METHOD : GET
[2019-05-10 21:02:18] -- [INFO ]:[com.schoolsell.util.myAspect.LoginAspect] -- IP : 127.0.0.1
[2019-05-10 21:02:18] -- [INFO ]:[com.schoolsell.util.myAspect.LoginAspect] -- IP : 127.0.0.1
[2019-05-10 21:02:18] -- [INFO ]:[com.schoolsell.util.myAspect.LoginAspect] -- CLASS_METHOD : com.schoolsell.controller.CommodityController.getAllPicture
[2019-05-10 21:02:18] -- [INFO ]:[com.schoolsell.util.myAspect.LoginAspect] -- CLASS_METHOD : com.schoolsell.controller.CommodityController.firstpic
[2019-05-10 21:02:18] -- [INFO ]:[com.schoolsell.util.myAspect.LoginAspect] -- 方法返回值:{all=[Commodity [Hash = 960702112, cid=49, cprice=14, bargain=true, usetime=四成新, cdescription=3344的第一份商品, ischecked=2, sellerid=3344@qq.com, cname=一风景, kname=编程, thumbnail=H:\Code\Schoolsell\target\classes\static\thumbnail\49.jpg, ccount=6, serialVersionUID=1], Commodity [Hash = 2125353047, cid=50, cprice=56, bargain=true, usetime=四成新, cdescription=3344的第二份商品, ischecked=2, sellerid=3344@qq.com, cname=二风景, kname=英语, thumbnail=H:\Code\Schoolsell\target\classes\static\thumbnail\50.jpg, ccount=7, serialVersionUID=1], Commodity [Hash = 1286144332, cid=51, cprice=45, bargain=true, usetime=六成新, cdescription=3344的第三份商品, ischecked=2, sellerid=3344@qq.com, cname=三风景, kname=篮球, thumbnail=H:\Code\Schoolsell\target\classes\static\thumbnail\51.jpg, ccount=5, serialVersionUID=1], Commodity [Hash = 1804166042, cid=52, cprice=76, bargain=true, usetime=四成新, cdescription=3344的第四份商品, ischecked=1, sellerid=3344@qq.com, cname=四风景, kname=足球, thumbnail=H:\Code\Schoolsell\target\classes\static\thumbnail\52.jpg, ccount=6, serialVersionUID=1], Commodity [Hash = 1272917613, cid=53, cprice=88, bargain=true, usetime=四成新, cdescription=3344的第五份商品, ischecked=1, sellerid=3344@qq.com, cname=五风景, kname=手机, thumbnail=H:\Code\Schoolsell\target\classes\static\thumbnail\53.jpg, ccount=9, serialVersionUID=1], Commodity [Hash = 1199567785, cid=54, cprice=86, bargain=true, usetime=八成新, cdescription=3344的第六份商品, ischecked=1, sellerid=3344@qq.com, cname=六风景, kname=笔记本, thumbnail=H:\Code\Schoolsell\target\classes\static\thumbnail\54.jpg, ccount=4, serialVersionUID=1], Commodity [Hash = 1138243947, cid=56, cprice=56, bargain=true, usetime=四成新, cdescription=1122的第二份商品, ischecked=1, sellerid=1122@qq.com, cname=十风景, kname=足球, thumbnail=H:\Code\Schoolsell\target\classes\static\thumbnail\56.jpg, ccount=4, serialVersionUID=1], Commodity [Hash = 1676482361, cid=58, cprice=78, bargain=true, usetime=四成新, cdescription=1122的, ischecked=1, sellerid=1122@qq.com, cname=七风景, kname=手机, thumbnail=H:\Code\Schoolsell\target\classes\static\thumbnail\58.jpg, ccount=7, serialVersionUID=1], Commodity [Hash = 1366548847, cid=61, cprice=78, bargain=true, usetime=五成新, cdescription=第九张, ischecked=1, sellerid=1122@qq.com, cname=九风景, kname=英语, thumbnail=H:\GitHub\schoolsell\Schoolsell-local\target\classes\static\thumbnail\61.jpg, ccount=9, serialVersionUID=1], Commodity [Hash = 1764336211, cid=62, cprice=56, bargain=true, usetime=四成新, cdescription=第十一张, ischecked=1, sellerid=1122@qq.com, cname=十一风景, kname=篮球, thumbnail=H:\GitHub\schoolsell\Schoolsell-local\target\classes\static\thumbnail\62.jpg, ccount=7, serialVersionUID=1], Commodity [Hash = 1807277436, cid=63, cprice=34, bargain=true, usetime=四成新, cdescription=第十二张, ischecked=1, sellerid=1122@qq.com, cname=八风景, kname=编程, thumbnail=H:\GitHub\schoolsell\Schoolsell-local\target\classes\static\thumbnail\63.jpg, ccount=17, serialVersionUID=1], Commodity [Hash = 1617382381, cid=64, cprice=57, bargain=true, usetime=四成新, cdescription=第十三章, ischecked=1, sellerid=1122@qq.com, cname=十二风景, kname=笔记本, thumbnail=H:\GitHub\schoolsell\Schoolsell-local\target\classes\static\thumbnail\64.jpg, ccount=4, serialVersionUID=1], Commodity [Hash = 777102871, cid=65, cprice=89, bargain=true, usetime=四成新, cdescription=第十三张, ischecked=1, sellerid=1122@qq.com, cname=十三风景, kname=笔记本, thumbnail=H:\GitHub\schoolsell\Schoolsell-local\target\classes\static\thumbnail\65.jpg, ccount=8, serialVersionUID=1]], first=[Bigkind [Hash = 172925620, bigkindid=1, bigkindname=学习, bigkindpicture=null, serialVersionUID=1], Bigkind [Hash = 657509820, bigkindid=2, bigkindname=运动, bigkindpicture=null, serialVersionUID=1], Bigkind [Hash = 2102579860, bigkindid=3, bigkindname=电子, bigkindpicture=null, serialVersionUID=1]]}
[2019-05-10 21:02:18] -- [INFO ]:[com.schoolsell.util.myAspect.LoginAspect] -- 方法返回值:{result={result=[wx31174c6b66d0721a.o6zAJsz2ACsFCLynD3x-Azx1VlwE.BrLi4jKIp32ufca28140d7b201d86c208196c177d9f4.jpg, 49, wx31174c6b66d0721a.o6zAJsz2ACsFCLynD3x-Azx1VlwE.oFw5sbgFfsjLbc9b2cb605df5c5315614c4a2bc1859a.jpg, 50, wx31174c6b66d0721a.o6zAJsz2ACsFCLynD3x-Azx1VlwE.B0ed3m3YV7hLd4adef7c0fa987872884674aba886049.jpg, 51]}}
[2019-05-10 21:02:18] -- [INFO ]:[com.schoolsell.util.myAspect.LoginAspect] -- /**********************请求结束******************/
[2019-05-10 21:02:18] -- [INFO ]:[com.schoolsell.util.myAspect.LoginAspect] -- /**********************请求结束******************/
[2019-05-10 21:02:22] -- [INFO ]:[com.schoolsell.util.myAspect.LoginAspect] -- /********************用户发起请求****************/
[2019-05-10 21:02:22] -- [INFO ]:[com.schoolsell.util.myAspect.LoginAspect] -- URL : http://localhost:8080/schoolsell/leaveFirst
[2019-05-10 21:02:22] -- [INFO ]:[com.schoolsell.util.myAspect.LoginAspect] -- HTTP_METHOD : GET
[2019-05-10 21:02:22] -- [INFO ]:[com.schoolsell.util.myAspect.LoginAspect] -- IP : 0:0:0:0:0:0:0:1
[2019-05-10 21:02:22] -- [INFO ]:[com.schoolsell.util.myAspect.LoginAspect] -- CLASS_METHOD : com.schoolsell.controller.CommodityController.leaveFirst
[2019-05-10 21:02:22] -- [INFO ]:[com.schoolsell.util.myAspect.LoginAspect] -- 方法返回值:{result=清零}
[2019-05-10 21:02:22] -- [INFO ]:[com.schoolsell.util.myAspect.LoginAspect] -- /**********************请求结束******************/
[2019-05-10 21:02:22] -- [INFO ]:[com.schoolsell.util.myAspect.LoginAspect] -- /********************用户发起请求****************/
[2019-05-10 21:02:22] -- [INFO ]:[com.schoolsell.util.myAspect.LoginAspect] -- URL : http://localhost:8080/schoolsell/getCommodityinfo
[2019-05-10 21:02:22] -- [INFO ]:[com.schoolsell.util.myAspect.LoginAspect] -- HTTP_METHOD : GET
[2019-05-10 21:02:22] -- [INFO ]:[com.schoolsell.util.myAspect.LoginAspect] -- IP : 0:0:0:0:0:0:0:1
[2019-05-10 21:02:22] -- [INFO ]:[com.schoolsell.util.myAspect.LoginAspect] -- CLASS_METHOD : com.schoolsell.controller.CommodityController.getCommodityinfo
[2019-05-10 21:02:22] -- [INFO ]:[com.schoolsell.util.myAspect.LoginAspect] -- 方法返回值:{commodityDetail=Commodity [Hash = 2096973787, cid=51, cprice=45, bargain=true, usetime=六成新, cdescription=3344的第三份商品, ischecked=2, sellerid=3344@qq.com, cname=三风景, kname=篮球, thumbnail=H:\Code\Schoolsell\target\classes\static\thumbnail\51.jpg, ccount=5, serialVersionUID=1], detailPic=[wx31174c6b66d0721a.o6zAJsz2ACsFCLynD3x-Azx1VlwE.B0ed3m3YV7hLd4adef7c0fa987872884674aba886049.jpg, wx31174c6b66d0721a.o6zAJsz2ACsFCLynD3x-Azx1VlwE.YwGA0LPx7SSL1d4d9f8e062650fbb8a98714697bf735.jpg]}
[2019-05-10 21:02:22] -- [INFO ]:[com.schoolsell.util.myAspect.LoginAspect] -- /**********************请求结束******************/
[2019-05-10 21:02:28] -- [INFO ]:[com.schoolsell.util.myAspect.LoginAspect] -- /********************用户发起请求****************/
[2019-05-10 21:02:29] -- [INFO ]:[com.schoolsell.util.myAspect.LoginAspect] -- URL : http://localhost:8080/schoolsell/addShopCar
[2019-05-10 21:02:29] -- [INFO ]:[com.schoolsell.util.myAspect.LoginAspect] -- HTTP_METHOD : GET
[2019-05-10 21:02:29] -- [INFO ]:[com.schoolsell.util.myAspect.LoginAspect] -- IP : 0:0:0:0:0:0:0:1
[2019-05-10 21:02:29] -- [INFO ]:[com.schoolsell.util.myAspect.LoginAspect] -- CLASS_METHOD : com.schoolsell.controller.ShopCarControl.addShopCar
[2019-05-10 21:08:18] -- [INFO ]:[com.schoolsell.SchoolsellApplication] -- Starting SchoolsellApplication on DESKTOP-12K0HGL with PID 8756 (H:\GitHub\schoolsell\Schoolsell-local\target\classes started by xinyun in H:\GitHub\schoolsell\Schoolsell-local)
[2019-05-10 21:08:18] -- [INFO ]:[com.schoolsell.SchoolsellApplication] -- No active profile set, falling back to default profiles: default
[2019-05-10 21:08:24] -- [INFO ]:[org.apache.coyote.http11.Http11NioProtocol] -- Initializing ProtocolHandler ["http-nio-8080"]
[2019-05-10 21:08:24] -- [INFO ]:[org.apache.catalina.core.StandardService] -- Starting service [Tomcat]
[2019-05-10 21:08:24] -- [INFO ]:[org.apache.catalina.core.StandardEngine] -- Starting Servlet Engine: Apache Tomcat/8.5.32
[2019-05-10 21:08:24] -- [INFO ]:[org.apache.catalina.core.AprLifecycleListener] -- The APR based Apache Tomcat Native library which allows optimal performance in production environments was not found on the java.library.path: [H:\Download\win_tools\install_tools\jdk\bin;C:\Windows\Sun\Java\bin;C:\Windows\system32;C:\Windows;I:\Oracle\product\11.2.0\dbhome_1\bin;H:\Download\win_tools\xftp\install\;H:\Download\win_tools\xshell\;C:\Program Files (x86)\Common Files\Oracle\Java\javapath;C:\Windows\system32;C:\Windows;C:\Windows\System32\Wbem;C:\Windows\System32\WindowsPowerShell\v1.0\;C:\Windows\System32\OpenSSH\;H:\Download\win_tools\MySQL\mysql-8.0.15-winx64\bin;H:\Download\win_tools\maven\apache-maven-3.6.0-bin\apache-maven-3.6.0\bin;"H:\Download\win_tools\install_tools\jdk\bin;H:\Download\win_tools\install_tools\jdk\jre\bin";H:\Download\win_tools\git\Git\cmd;C:\Users\xinyun\AppData\Local\Microsoft\WindowsApps;I:\Tools\IDEA\IntelliJ IDEA 2018.3.5\bin;;;.]
[2019-05-10 21:08:24] -- [INFO ]:[org.apache.catalina.core.ContainerBase.[Tomcat].[localhost].[/]] -- Initializing Spring embedded WebApplicationContext
[2019-05-10 21:08:26] -- [INFO ]:[org.apache.coyote.http11.Http11NioProtocol] -- Starting ProtocolHandler ["http-nio-8080"]
[2019-05-10 21:08:26] -- [INFO ]:[com.schoolsell.SchoolsellApplication] -- Started SchoolsellApplication in 9.912 seconds (JVM running for 12.178)
[2019-05-10 21:08:27] -- [INFO ]:[org.apache.catalina.core.ContainerBase.[Tomcat].[localhost].[/]] -- Initializing Spring FrameworkServlet 'dispatcherServlet'
[2019-05-10 21:08:27] -- [INFO ]:[com.schoolsell.util.myAspect.LoginAspect] -- /********************用户发起请求****************/
[2019-05-10 21:08:27] -- [INFO ]:[com.schoolsell.util.myAspect.LoginAspect] -- URL : http://127.0.0.1:8080/schoolsell/wxLogin
[2019-05-10 21:08:27] -- [INFO ]:[com.schoolsell.util.myAspect.LoginAspect] -- HTTP_METHOD : POST
[2019-05-10 21:08:27] -- [INFO ]:[com.schoolsell.util.myAspect.LoginAspect] -- IP : 127.0.0.1
[2019-05-10 21:08:27] -- [INFO ]:[com.schoolsell.util.myAspect.LoginAspect] -- CLASS_METHOD : com.schoolsell.controller.WeixinController.wxLogin
[2019-05-10 21:08:28] -- [INFO ]:[com.zaxxer.hikari.HikariDataSource] -- HikariPool-1 - Starting...
[2019-05-10 21:08:29] -- [INFO ]:[com.zaxxer.hikari.HikariDataSource] -- HikariPool-1 - Start completed.
[2019-05-10 21:08:29] -- [INFO ]:[com.schoolsell.util.myAspect.LoginAspect] -- 方法返回值:{userID=-498702880@qq.com, isExist=yes}
[2019-05-10 21:08:29] -- [INFO ]:[com.schoolsell.util.myAspect.LoginAspect] -- /**********************请求结束******************/
[2019-05-10 21:08:30] -- [INFO ]:[com.schoolsell.util.myAspect.LoginAspect] -- /********************用户发起请求****************/
[2019-05-10 21:08:30] -- [INFO ]:[com.schoolsell.util.myAspect.LoginAspect] -- URL : http://127.0.0.1:8080/schoolsell/getAllPicture
[2019-05-10 21:08:30] -- [INFO ]:[com.schoolsell.util.myAspect.LoginAspect] -- HTTP_METHOD : GET
[2019-05-10 21:08:30] -- [INFO ]:[com.schoolsell.util.myAspect.LoginAspect] -- IP : 127.0.0.1
[2019-05-10 21:08:30] -- [INFO ]:[com.schoolsell.util.myAspect.LoginAspect] -- CLASS_METHOD : com.schoolsell.controller.CommodityController.getAllPicture
[2019-05-10 21:08:30] -- [INFO ]:[com.schoolsell.util.myAspect.LoginAspect] -- /********************用户发起请求****************/
[2019-05-10 21:08:30] -- [INFO ]:[com.schoolsell.util.myAspect.LoginAspect] -- URL : http://127.0.0.1:8080/schoolsell/firstpic
[2019-05-10 21:08:30] -- [INFO ]:[com.schoolsell.util.myAspect.LoginAspect] -- HTTP_METHOD : GET
[2019-05-10 21:08:30] -- [INFO ]:[com.schoolsell.util.myAspect.LoginAspect] -- IP : 127.0.0.1
[2019-05-10 21:08:30] -- [INFO ]:[com.schoolsell.util.myAspect.LoginAspect] -- CLASS_METHOD : com.schoolsell.controller.CommodityController.firstpic
[2019-05-10 21:08:30] -- [INFO ]:[com.schoolsell.util.myAspect.LoginAspect] -- 方法返回值:{all=[Commodity [Hash = 177161965, cid=49, cprice=14, bargain=true, usetime=四成新, cdescription=3344的第一份商品, ischecked=2, sellerid=3344@qq.com, cname=一风景, kname=编程, thumbnail=H:\Code\Schoolsell\target\classes\static\thumbnail\49.jpg, ccount=6, serialVersionUID=1], Commodity [Hash = 96284787, cid=50, cprice=56, bargain=true, usetime=四成新, cdescription=3344的第二份商品, ischecked=2, sellerid=3344@qq.com, cname=二风景, kname=英语, thumbnail=H:\Code\Schoolsell\target\classes\static\thumbnail\50.jpg, ccount=7, serialVersionUID=1], Commodity [Hash = 75540345, cid=51, cprice=45, bargain=true, usetime=六成新, cdescription=3344的第三份商品, ischecked=2, sellerid=3344@qq.com, cname=三风景, kname=篮球, thumbnail=H:\Code\Schoolsell\target\classes\static\thumbnail\51.jpg, ccount=5, serialVersionUID=1], Commodity [Hash = 1192446154, cid=52, cprice=76, bargain=true, usetime=四成新, cdescription=3344的第四份商品, ischecked=1, sellerid=3344@qq.com, cname=四风景, kname=足球, thumbnail=H:\Code\Schoolsell\target\classes\static\thumbnail\52.jpg, ccount=6, serialVersionUID=1], Commodity [Hash = 928761579, cid=53, cprice=88, bargain=true, usetime=四成新, cdescription=3344的第五份商品, ischecked=1, sellerid=3344@qq.com, cname=五风景, kname=手机, thumbnail=H:\Code\Schoolsell\target\classes\static\thumbnail\53.jpg, ccount=9, serialVersionUID=1], Commodity [Hash = 1535727323, cid=54, cprice=86, bargain=true, usetime=八成新, cdescription=3344的第六份商品, ischecked=1, sellerid=3344@qq.com, cname=六风景, kname=笔记本, thumbnail=H:\Code\Schoolsell\target\classes\static\thumbnail\54.jpg, ccount=4, serialVersionUID=1], Commodity [Hash = 1521719740, cid=56, cprice=56, bargain=true, usetime=四成新, cdescription=1122的第二份商品, ischecked=1, sellerid=1122@qq.com, cname=十风景, kname=足球, thumbnail=H:\Code\Schoolsell\target\classes\static\thumbnail\56.jpg, ccount=4, serialVersionUID=1], Commodity [Hash = 129752888, cid=58, cprice=78, bargain=true, usetime=四成新, cdescription=1122的, ischecked=1, sellerid=1122@qq.com, cname=七风景, kname=手机, thumbnail=H:\Code\Schoolsell\target\classes\static\thumbnail\58.jpg, ccount=7, serialVersionUID=1], Commodity [Hash = 1849568698, cid=61, cprice=78, bargain=true, usetime=五成新, cdescription=第九张, ischecked=1, sellerid=1122@qq.com, cname=九风景, kname=英语, thumbnail=H:\GitHub\schoolsell\Schoolsell-local\target\classes\static\thumbnail\61.jpg, ccount=9, serialVersionUID=1], Commodity [Hash = 2140176680, cid=62, cprice=56, bargain=true, usetime=四成新, cdescription=第十一张, ischecked=1, sellerid=1122@qq.com, cname=十一风景, kname=篮球, thumbnail=H:\GitHub\schoolsell\Schoolsell-local\target\classes\static\thumbnail\62.jpg, ccount=7, serialVersionUID=1], Commodity [Hash = 958957855, cid=63, cprice=34, bargain=true, usetime=四成新, cdescription=第十二张, ischecked=1, sellerid=1122@qq.com, cname=八风景, kname=编程, thumbnail=H:\GitHub\schoolsell\Schoolsell-local\target\classes\static\thumbnail\63.jpg, ccount=17, serialVersionUID=1], Commodity [Hash = 1622393629, cid=64, cprice=57, bargain=true, usetime=四成新, cdescription=第十三章, ischecked=1, sellerid=1122@qq.com, cname=十二风景, kname=笔记本, thumbnail=H:\GitHub\schoolsell\Schoolsell-local\target\classes\static\thumbnail\64.jpg, ccount=4, serialVersionUID=1], Commodity [Hash = 2147443020, cid=65, cprice=89, bargain=true, usetime=四成新, cdescription=第十三张, ischecked=1, sellerid=1122@qq.com, cname=十三风景, kname=笔记本, thumbnail=H:\GitHub\schoolsell\Schoolsell-local\target\classes\static\thumbnail\65.jpg, ccount=8, serialVersionUID=1]], first=[Bigkind [Hash = 77411930, bigkindid=1, bigkindname=学习, bigkindpicture=null, serialVersionUID=1], Bigkind [Hash = 2030057383, bigkindid=2, bigkindname=运动, bigkindpicture=null, serialVersionUID=1], Bigkind [Hash = 123058353, bigkindid=3, bigkindname=电子, bigkindpicture=null, serialVersionUID=1]]}
[2019-05-10 21:08:30] -- [INFO ]:[com.schoolsell.util.myAspect.LoginAspect] -- /**********************请求结束******************/
[2019-05-10 21:08:30] -- [INFO ]:[com.schoolsell.util.myAspect.LoginAspect] -- 方法返回值:{result={result=[wx31174c6b66d0721a.o6zAJsz2ACsFCLynD3x-Azx1VlwE.BrLi4jKIp32ufca28140d7b201d86c208196c177d9f4.jpg, 49, wx31174c6b66d0721a.o6zAJsz2ACsFCLynD3x-Azx1VlwE.oFw5sbgFfsjLbc9b2cb605df5c5315614c4a2bc1859a.jpg, 50, wx31174c6b66d0721a.o6zAJsz2ACsFCLynD3x-Azx1VlwE.B0ed3m3YV7hLd4adef7c0fa987872884674aba886049.jpg, 51]}}
[2019-05-10 21:08:30] -- [INFO ]:[com.schoolsell.util.myAspect.LoginAspect] -- /**********************请求结束******************/
[2019-05-10 21:08:34] -- [INFO ]:[com.schoolsell.util.myAspect.LoginAspect] -- /********************用户发起请求****************/
[2019-05-10 21:08:34] -- [INFO ]:[com.schoolsell.util.myAspect.LoginAspect] -- URL : http://localhost:8080/schoolsell/leaveFirst
[2019-05-10 21:08:34] -- [INFO ]:[com.schoolsell.util.myAspect.LoginAspect] -- HTTP_METHOD : GET
[2019-05-10 21:08:34] -- [INFO ]:[com.schoolsell.util.myAspect.LoginAspect] -- IP : 0:0:0:0:0:0:0:1
[2019-05-10 21:08:34] -- [INFO ]:[com.schoolsell.util.myAspect.LoginAspect] -- CLASS_METHOD : com.schoolsell.controller.CommodityController.leaveFirst
[2019-05-10 21:08:34] -- [INFO ]:[com.schoolsell.util.myAspect.LoginAspect] -- 方法返回值:{result=清零}
[2019-05-10 21:08:34] -- [INFO ]:[com.schoolsell.util.myAspect.LoginAspect] -- /**********************请求结束******************/
[2019-05-10 21:08:34] -- [INFO ]:[com.schoolsell.util.myAspect.LoginAspect] -- /********************用户发起请求****************/
[2019-05-10 21:08:34] -- [INFO ]:[com.schoolsell.util.myAspect.LoginAspect] -- URL : http://localhost:8080/schoolsell/getCommodityinfo
[2019-05-10 21:08:34] -- [INFO ]:[com.schoolsell.util.myAspect.LoginAspect] -- HTTP_METHOD : GET
[2019-05-10 21:08:34] -- [INFO ]:[com.schoolsell.util.myAspect.LoginAspect] -- IP : 0:0:0:0:0:0:0:1
[2019-05-10 21:08:34] -- [INFO ]:[com.schoolsell.util.myAspect.LoginAspect] -- CLASS_METHOD : com.schoolsell.controller.CommodityController.getCommodityinfo
[2019-05-10 21:08:34] -- [INFO ]:[com.schoolsell.util.myAspect.LoginAspect] -- 方法返回值:{commodityDetail=Commodity [Hash = 2010182991, cid=51, cprice=45, bargain=true, usetime=六成新, cdescription=3344的第三份商品, ischecked=2, sellerid=3344@qq.com, cname=三风景, kname=篮球, thumbnail=H:\Code\Schoolsell\target\classes\static\thumbnail\51.jpg, ccount=5, serialVersionUID=1], detailPic=[wx31174c6b66d0721a.o6zAJsz2ACsFCLynD3x-Azx1VlwE.B0ed3m3YV7hLd4adef7c0fa987872884674aba886049.jpg, wx31174c6b66d0721a.o6zAJsz2ACsFCLynD3x-Azx1VlwE.YwGA0LPx7SSL1d4d9f8e062650fbb8a98714697bf735.jpg]}
[2019-05-10 21:08:34] -- [INFO ]:[com.schoolsell.util.myAspect.LoginAspect] -- /**********************请求结束******************/
[2019-05-10 21:08:37] -- [INFO ]:[com.schoolsell.util.myAspect.LoginAspect] -- /********************用户发起请求****************/
[2019-05-10 21:08:37] -- [INFO ]:[com.schoolsell.util.myAspect.LoginAspect] -- URL : http://localhost:8080/schoolsell/addShopCar
[2019-05-10 21:08:37] -- [INFO ]:[com.schoolsell.util.myAspect.LoginAspect] -- HTTP_METHOD : GET
[2019-05-10 21:08:37] -- [INFO ]:[com.schoolsell.util.myAspect.LoginAspect] -- IP : 0:0:0:0:0:0:0:1
[2019-05-10 21:08:37] -- [INFO ]:[com.schoolsell.util.myAspect.LoginAspect] -- CLASS_METHOD : com.schoolsell.controller.ShopCarControl.addShopCar
[2019-05-10 21:08:37] -- [INFO ]:[com.schoolsell.util.myAspect.LoginAspect] -- 方法返回值:操作成功
[2019-05-10 21:08:37] -- [INFO ]:[com.schoolsell.util.myAspect.LoginAspect] -- /**********************请求结束******************/
[2019-05-10 21:09:11] -- [INFO ]:[com.schoolsell.util.myAspect.LoginAspect] -- /********************用户发起请求****************/
[2019-05-10 21:09:11] -- [INFO ]:[com.schoolsell.util.myAspect.LoginAspect] -- URL : http://127.0.0.1:8080/schoolsell/getAllPicture
[2019-05-10 21:09:11] -- [INFO ]:[com.schoolsell.util.myAspect.LoginAspect] -- HTTP_METHOD : GET
[2019-05-10 21:09:11] -- [INFO ]:[com.schoolsell.util.myAspect.LoginAspect] -- IP : 127.0.0.1
[2019-05-10 21:09:11] -- [INFO ]:[com.schoolsell.util.myAspect.LoginAspect] -- /********************用户发起请求****************/
[2019-05-10 21:09:11] -- [INFO ]:[com.schoolsell.util.myAspect.LoginAspect] -- URL : http://127.0.0.1:8080/schoolsell/firstpic
[2019-05-10 21:09:11] -- [INFO ]:[com.schoolsell.util.myAspect.LoginAspect] -- HTTP_METHOD : GET
[2019-05-10 21:09:11] -- [INFO ]:[com.schoolsell.util.myAspect.LoginAspect] -- IP : 127.0.0.1
[2019-05-10 21:09:11] -- [INFO ]:[com.schoolsell.util.myAspect.LoginAspect] -- CLASS_METHOD : com.schoolsell.controller.CommodityController.firstpic
[2019-05-10 21:09:11] -- [INFO ]:[com.schoolsell.util.myAspect.LoginAspect] -- CLASS_METHOD : com.schoolsell.controller.CommodityController.getAllPicture
[2019-05-10 21:09:11] -- [INFO ]:[com.schoolsell.util.myAspect.LoginAspect] -- 方法返回值:{all=[Commodity [Hash = 667411138, cid=49, cprice=14, bargain=true, usetime=四成新, cdescription=3344的第一份商品, ischecked=2, sellerid=3344@qq.com, cname=一风景, kname=编程, thumbnail=H:\Code\Schoolsell\target\classes\static\thumbnail\49.jpg, ccount=6, serialVersionUID=1], Commodity [Hash = 1082947108, cid=50, cprice=56, bargain=true, usetime=四成新, cdescription=3344的第二份商品, ischecked=2, sellerid=3344@qq.com, cname=二风景, kname=英语, thumbnail=H:\Code\Schoolsell\target\classes\static\thumbnail\50.jpg, ccount=7, serialVersionUID=1], Commodity [Hash = 297223619, cid=51, cprice=45, bargain=true, usetime=六成新, cdescription=3344的第三份商品, ischecked=2, sellerid=3344@qq.com, cname=三风景, kname=篮球, thumbnail=H:\Code\Schoolsell\target\classes\static\thumbnail\51.jpg, ccount=5, serialVersionUID=1], Commodity [Hash = 42638421, cid=52, cprice=76, bargain=true, usetime=四成新, cdescription=3344的第四份商品, ischecked=1, sellerid=3344@qq.com, cname=四风景, kname=足球, thumbnail=H:\Code\Schoolsell\target\classes\static\thumbnail\52.jpg, ccount=6, serialVersionUID=1], Commodity [Hash = 440647476, cid=53, cprice=88, bargain=true, usetime=四成新, cdescription=3344的第五份商品, ischecked=1, sellerid=3344@qq.com, cname=五风景, kname=手机, thumbnail=H:\Code\Schoolsell\target\classes\static\thumbnail\53.jpg, ccount=9, serialVersionUID=1], Commodity [Hash = 970839822, cid=54, cprice=86, bargain=true, usetime=八成新, cdescription=3344的第六份商品, ischecked=1, sellerid=3344@qq.com, cname=六风景, kname=笔记本, thumbnail=H:\Code\Schoolsell\target\classes\static\thumbnail\54.jpg, ccount=4, serialVersionUID=1], Commodity [Hash = 317654187, cid=56, cprice=56, bargain=true, usetime=四成新, cdescription=1122的第二份商品, ischecked=1, sellerid=1122@qq.com, cname=十风景, kname=足球, thumbnail=H:\Code\Schoolsell\target\classes\static\thumbnail\56.jpg, ccount=4, serialVersionUID=1], Commodity [Hash = 1154570903, cid=58, cprice=78, bargain=true, usetime=四成新, cdescription=1122的, ischecked=1, sellerid=1122@qq.com, cname=七风景, kname=手机, thumbnail=H:\Code\Schoolsell\target\classes\static\thumbnail\58.jpg, ccount=7, serialVersionUID=1], Commodity [Hash = 1131214630, cid=61, cprice=78, bargain=true, usetime=五成新, cdescription=第九张, ischecked=1, sellerid=1122@qq.com, cname=九风景, kname=英语, thumbnail=H:\GitHub\schoolsell\Schoolsell-local\target\classes\static\thumbnail\61.jpg, ccount=9, serialVersionUID=1], Commodity [Hash = 341720546, cid=62, cprice=56, bargain=true, usetime=四成新, cdescription=第十一张, ischecked=1, sellerid=1122@qq.com, cname=十一风景, kname=篮球, thumbnail=H:\GitHub\schoolsell\Schoolsell-local\target\classes\static\thumbnail\62.jpg, ccount=7, serialVersionUID=1], Commodity [Hash = 2130618782, cid=63, cprice=34, bargain=true, usetime=四成新, cdescription=第十二张, ischecked=1, sellerid=1122@qq.com, cname=八风景, kname=编程, thumbnail=H:\GitHub\schoolsell\Schoolsell-local\target\classes\static\thumbnail\63.jpg, ccount=17, serialVersionUID=1], Commodity [Hash = 808796468, cid=64, cprice=57, bargain=true, usetime=四成新, cdescription=第十三章, ischecked=1, sellerid=1122@qq.com, cname=十二风景, kname=笔记本, thumbnail=H:\GitHub\schoolsell\Schoolsell-local\target\classes\static\thumbnail\64.jpg, ccount=4, serialVersionUID=1], Commodity [Hash = 348407251, cid=65, cprice=89, bargain=true, usetime=四成新, cdescription=第十三张, ischecked=1, sellerid=1122@qq.com, cname=十三风景, kname=笔记本, thumbnail=H:\GitHub\schoolsell\Schoolsell-local\target\classes\static\thumbnail\65.jpg, ccount=8, serialVersionUID=1]], first=[Bigkind [Hash = 1905314692, bigkindid=1, bigkindname=学习, bigkindpicture=null, serialVersionUID=1], Bigkind [Hash = 2057907825, bigkindid=2, bigkindname=运动, bigkindpicture=null, serialVersionUID=1], Bigkind [Hash = 1620045041, bigkindid=3, bigkindname=电子, bigkindpicture=null, serialVersionUID=1]]}
[2019-05-10 21:09:11] -- [INFO ]:[com.schoolsell.util.myAspect.LoginAspect] -- /**********************请求结束******************/
[2019-05-10 21:09:11] -- [INFO ]:[com.schoolsell.util.myAspect.LoginAspect] -- 方法返回值:{result={result=[wx31174c6b66d0721a.o6zAJsz2ACsFCLynD3x-Azx1VlwE.BrLi4jKIp32ufca28140d7b201d86c208196c177d9f4.jpg, 49, wx31174c6b66d0721a.o6zAJsz2ACsFCLynD3x-Azx1VlwE.oFw5sbgFfsjLbc9b2cb605df5c5315614c4a2bc1859a.jpg, 50, wx31174c6b66d0721a.o6zAJsz2ACsFCLynD3x-Azx1VlwE.B0ed3m3YV7hLd4adef7c0fa987872884674aba886049.jpg, 51]}}
[2019-05-10 21:09:11] -- [INFO ]:[com.schoolsell.util.myAspect.LoginAspect] -- /**********************请求结束******************/
[2019-05-10 21:09:13] -- [INFO ]:[com.schoolsell.util.myAspect.LoginAspect] -- /********************用户发起请求****************/
[2019-05-10 21:09:13] -- [INFO ]:[com.schoolsell.util.myAspect.LoginAspect] -- URL : http://localhost:8080/schoolsell/leaveFirst
[2019-05-10 21:09:13] -- [INFO ]:[com.schoolsell.util.myAspect.LoginAspect] -- HTTP_METHOD : GET
[2019-05-10 21:09:13] -- [INFO ]:[com.schoolsell.util.myAspect.LoginAspect] -- IP : 0:0:0:0:0:0:0:1
[2019-05-10 21:09:13] -- [INFO ]:[com.schoolsell.util.myAspect.LoginAspect] -- CLASS_METHOD : com.schoolsell.controller.CommodityController.leaveFirst
[2019-05-10 21:09:13] -- [INFO ]:[com.schoolsell.util.myAspect.LoginAspect] -- 方法返回值:{result=清零}
[2019-05-10 21:09:13] -- [INFO ]:[com.schoolsell.util.myAspect.LoginAspect] -- /**********************请求结束******************/
[2019-05-10 21:09:13] -- [INFO ]:[com.schoolsell.util.myAspect.LoginAspect] -- /********************用户发起请求****************/
[2019-05-10 21:09:13] -- [INFO ]:[com.schoolsell.util.myAspect.LoginAspect] -- URL : http://localhost:8080/schoolsell/getShopCar
[2019-05-10 21:09:13] -- [INFO ]:[com.schoolsell.util.myAspect.LoginAspect] -- HTTP_METHOD : GET
[2019-05-10 21:09:13] -- [INFO ]:[com.schoolsell.util.myAspect.LoginAspect] -- IP : 0:0:0:0:0:0:0:1
[2019-05-10 21:09:13] -- [INFO ]:[com.schoolsell.util.myAspect.LoginAspect] -- CLASS_METHOD : com.schoolsell.controller.ShopCarControl.getShopCar
[2019-05-10 21:09:13] -- [INFO ]:[com.schoolsell.util.myAspect.LoginAspect] -- 方法返回值:[{"image":"H:\\Code\\Schoolsell\\target\\classes\\static\\thumbnail\\51.jpg","price":45,"num":1,"title":"三风景","cid":51}]
[2019-05-10 21:09:13] -- [INFO ]:[com.schoolsell.util.myAspect.LoginAspect] -- /**********************请求结束******************/
