[2019-05-14 01:36:40] -- [INFO ]:[com.schoolsell.SchoolsellApplication] -- Starting SchoolsellApplication on DESKTOP-12K0HGL with PID 19164 (H:\GitHub\schoolsell\Schoolsell-local\target\classes started by xinyun in H:\GitHub\schoolsell\Schoolsell-local)
[2019-05-14 01:36:40] -- [INFO ]:[com.schoolsell.SchoolsellApplication] -- No active profile set, falling back to default profiles: default
[2019-05-14 01:36:44] -- [INFO ]:[org.apache.coyote.http11.Http11NioProtocol] -- Initializing ProtocolHandler ["http-nio-8080"]
[2019-05-14 01:36:44] -- [INFO ]:[org.apache.catalina.core.StandardService] -- Starting service [Tomcat]
[2019-05-14 01:36:44] -- [INFO ]:[org.apache.catalina.core.StandardEngine] -- Starting Servlet Engine: Apache Tomcat/8.5.32
[2019-05-14 01:36:44] -- [INFO ]:[org.apache.catalina.core.AprLifecycleListener] -- The APR based Apache Tomcat Native library which allows optimal performance in production environments was not found on the java.library.path: [H:\Download\win_tools\install_tools\jdk\bin;C:\Windows\Sun\Java\bin;C:\Windows\system32;C:\Windows;I:\Oracle\product\11.2.0\dbhome_1\bin;H:\Download\win_tools\xftp\install\;H:\Download\win_tools\xshell\;C:\Program Files (x86)\Common Files\Oracle\Java\javapath;C:\Windows\system32;C:\Windows;C:\Windows\System32\Wbem;C:\Windows\System32\WindowsPowerShell\v1.0\;C:\Windows\System32\OpenSSH\;H:\Download\win_tools\MySQL\mysql-8.0.15-winx64\bin;H:\Download\win_tools\maven\apache-maven-3.6.0-bin\apache-maven-3.6.0\bin;"H:\Download\win_tools\install_tools\jdk\bin;H:\Download\win_tools\install_tools\jdk\jre\bin";H:\Download\win_tools\git\Git\cmd;C:\Users\xinyun\AppData\Local\Microsoft\WindowsApps;I:\Tools\IDEA\IntelliJ IDEA 2018.3.5\bin;;;.]
[2019-05-14 01:36:44] -- [INFO ]:[org.apache.catalina.core.ContainerBase.[Tomcat].[localhost].[/]] -- Initializing Spring embedded WebApplicationContext
[2019-05-14 01:36:46] -- [INFO ]:[org.apache.coyote.http11.Http11NioProtocol] -- Starting ProtocolHandler ["http-nio-8080"]
[2019-05-14 01:36:46] -- [INFO ]:[com.schoolsell.SchoolsellApplication] -- Started SchoolsellApplication in 7.154 seconds (JVM running for 9.065)
[2019-05-14 01:37:48] -- [INFO ]:[org.apache.catalina.core.ContainerBase.[Tomcat].[localhost].[/]] -- Initializing Spring FrameworkServlet 'dispatcherServlet'
[2019-05-14 01:37:48] -- [INFO ]:[com.schoolsell.util.myAspect.LoginAspect] -- /********************用户发起请求****************/
[2019-05-14 01:37:48] -- [INFO ]:[com.schoolsell.util.myAspect.LoginAspect] -- URL : http://127.0.0.1:8080/schoolsell/wxLogin
[2019-05-14 01:37:48] -- [INFO ]:[com.schoolsell.util.myAspect.LoginAspect] -- HTTP_METHOD : POST
[2019-05-14 01:37:48] -- [INFO ]:[com.schoolsell.util.myAspect.LoginAspect] -- IP : 127.0.0.1
[2019-05-14 01:37:48] -- [INFO ]:[com.schoolsell.util.myAspect.LoginAspect] -- CLASS_METHOD : com.schoolsell.controller.WeixinController.wxLogin
[2019-05-14 01:37:51] -- [INFO ]:[com.zaxxer.hikari.HikariDataSource] -- HikariPool-1 - Starting...
[2019-05-14 01:37:51] -- [INFO ]:[com.zaxxer.hikari.HikariDataSource] -- HikariPool-1 - Start completed.
[2019-05-14 01:37:51] -- [INFO ]:[com.schoolsell.util.myAspect.LoginAspect] -- 方法返回值:{userID=-498702880@qq.com, isExist=yes}
[2019-05-14 01:37:51] -- [INFO ]:[com.schoolsell.util.myAspect.LoginAspect] -- /**********************请求结束******************/
[2019-05-14 01:37:53] -- [INFO ]:[com.schoolsell.util.myAspect.LoginAspect] -- /********************用户发起请求****************/
[2019-05-14 01:37:53] -- [INFO ]:[com.schoolsell.util.myAspect.LoginAspect] -- URL : http://127.0.0.1:8080/schoolsell/getAllPicture
[2019-05-14 01:37:53] -- [INFO ]:[com.schoolsell.util.myAspect.LoginAspect] -- HTTP_METHOD : GET
[2019-05-14 01:37:53] -- [INFO ]:[com.schoolsell.util.myAspect.LoginAspect] -- IP : 127.0.0.1
[2019-05-14 01:37:53] -- [INFO ]:[com.schoolsell.util.myAspect.LoginAspect] -- CLASS_METHOD : com.schoolsell.controller.CommodityController.getAllPicture
[2019-05-14 01:37:53] -- [INFO ]:[com.schoolsell.util.myAspect.LoginAspect] -- /********************用户发起请求****************/
[2019-05-14 01:37:53] -- [INFO ]:[com.schoolsell.util.myAspect.LoginAspect] -- URL : http://127.0.0.1:8080/schoolsell/firstpic
[2019-05-14 01:37:53] -- [INFO ]:[com.schoolsell.util.myAspect.LoginAspect] -- HTTP_METHOD : GET
[2019-05-14 01:37:53] -- [INFO ]:[com.schoolsell.util.myAspect.LoginAspect] -- IP : 127.0.0.1
[2019-05-14 01:37:53] -- [INFO ]:[com.schoolsell.util.myAspect.LoginAspect] -- CLASS_METHOD : com.schoolsell.controller.CommodityController.firstpic
[2019-05-14 01:37:53] -- [INFO ]:[com.schoolsell.util.myAspect.LoginAspect] -- 方法返回值:{result={result=[wx31174c6b66d0721a.o6zAJsz2ACsFCLynD3x-Azx1VlwE.BrLi4jKIp32ufca28140d7b201d86c208196c177d9f4.jpg, 49, wx31174c6b66d0721a.o6zAJsz2ACsFCLynD3x-Azx1VlwE.oFw5sbgFfsjLbc9b2cb605df5c5315614c4a2bc1859a.jpg, 50, wx31174c6b66d0721a.o6zAJsz2ACsFCLynD3x-Azx1VlwE.B0ed3m3YV7hLd4adef7c0fa987872884674aba886049.jpg, 51]}}
[2019-05-14 01:37:53] -- [INFO ]:[com.schoolsell.util.myAspect.LoginAspect] -- /**********************请求结束******************/
[2019-05-14 01:37:53] -- [INFO ]:[com.schoolsell.util.myAspect.LoginAspect] -- 方法返回值:{all=[Commodity [Hash = 2006496366, cid=49, cprice=14, bargain=true, usetime=四成新, cdescription=3344的第一份商品, ischecked=2, sellerid=3344@qq.com, cname=一风景, kname=编程, thumbnail=H:\Code\Schoolsell\target\classes\static\thumbnail\49.jpg, ccount=6, serialVersionUID=1], Commodity [Hash = 1169231950, cid=50, cprice=56, bargain=true, usetime=四成新, cdescription=3344的第二份商品, ischecked=2, sellerid=3344@qq.com, cname=二风景, kname=英语, thumbnail=H:\Code\Schoolsell\target\classes\static\thumbnail\50.jpg, ccount=7, serialVersionUID=1], Commodity [Hash = 1950247727, cid=51, cprice=45, bargain=true, usetime=六成新, cdescription=3344的第三份商品, ischecked=2, sellerid=3344@qq.com, cname=三风景, kname=篮球, thumbnail=H:\Code\Schoolsell\target\classes\static\thumbnail\51.jpg, ccount=5, serialVersionUID=1], Commodity [Hash = 250621376, cid=52, cprice=76, bargain=true, usetime=四成新, cdescription=3344的第四份商品, ischecked=1, sellerid=3344@qq.com, cname=四风景, kname=足球, thumbnail=H:\Code\Schoolsell\target\classes\static\thumbnail\52.jpg, ccount=6, serialVersionUID=1], Commodity [Hash = 1014612916, cid=53, cprice=88, bargain=true, usetime=四成新, cdescription=3344的第五份商品, ischecked=1, sellerid=3344@qq.com, cname=五风景, kname=手机, thumbnail=H:\Code\Schoolsell\target\classes\static\thumbnail\53.jpg, ccount=9, serialVersionUID=1], Commodity [Hash = 1904711445, cid=54, cprice=86, bargain=true, usetime=八成新, cdescription=3344的第六份商品, ischecked=1, sellerid=3344@qq.com, cname=六风景, kname=笔记本, thumbnail=H:\Code\Schoolsell\target\classes\static\thumbnail\54.jpg, ccount=4, serialVersionUID=1], Commodity [Hash = 1986526489, cid=56, cprice=56, bargain=true, usetime=四成新, cdescription=1122的第二份商品, ischecked=1, sellerid=1122@qq.com, cname=十风景, kname=足球, thumbnail=H:\Code\Schoolsell\target\classes\static\thumbnail\56.jpg, ccount=4, serialVersionUID=1], Commodity [Hash = 2046181432, cid=58, cprice=78, bargain=true, usetime=四成新, cdescription=1122的, ischecked=1, sellerid=1122@qq.com, cname=七风景, kname=手机, thumbnail=H:\Code\Schoolsell\target\classes\static\thumbnail\58.jpg, ccount=7, serialVersionUID=1], Commodity [Hash = 190859473, cid=61, cprice=78, bargain=true, usetime=五成新, cdescription=第九张, ischecked=1, sellerid=1122@qq.com, cname=九风景, kname=英语, thumbnail=H:\GitHub\schoolsell\Schoolsell-local\target\classes\static\thumbnail\61.jpg, ccount=9, serialVersionUID=1], Commodity [Hash = 1183996311, cid=62, cprice=56, bargain=true, usetime=四成新, cdescription=第十一张, ischecked=1, sellerid=1122@qq.com, cname=十一风景, kname=篮球, thumbnail=H:\GitHub\schoolsell\Schoolsell-local\target\classes\static\thumbnail\62.jpg, ccount=7, serialVersionUID=1], Commodity [Hash = 257223529, cid=63, cprice=34, bargain=true, usetime=四成新, cdescription=第十二张, ischecked=1, sellerid=1122@qq.com, cname=八风景, kname=编程, thumbnail=H:\GitHub\schoolsell\Schoolsell-local\target\classes\static\thumbnail\63.jpg, ccount=17, serialVersionUID=1], Commodity [Hash = 1147706683, cid=64, cprice=57, bargain=true, usetime=四成新, cdescription=第十三章, ischecked=1, sellerid=1122@qq.com, cname=十二风景, kname=笔记本, thumbnail=H:\GitHub\schoolsell\Schoolsell-local\target\classes\static\thumbnail\64.jpg, ccount=4, serialVersionUID=1], Commodity [Hash = 1304912807, cid=65, cprice=89, bargain=true, usetime=四成新, cdescription=第十三张, ischecked=1, sellerid=1122@qq.com, cname=十三风景, kname=笔记本, thumbnail=H:\GitHub\schoolsell\Schoolsell-local\target\classes\static\thumbnail\65.jpg, ccount=8, serialVersionUID=1]], first=[Bigkind [Hash = 424531305, bigkindid=1, bigkindname=学习, bigkindpicture=null, serialVersionUID=1], Bigkind [Hash = 837446282, bigkindid=2, bigkindname=运动, bigkindpicture=null, serialVersionUID=1], Bigkind [Hash = 837527753, bigkindid=3, bigkindname=电子, bigkindpicture=null, serialVersionUID=1]]}
[2019-05-14 01:37:53] -- [INFO ]:[com.schoolsell.util.myAspect.LoginAspect] -- /**********************请求结束******************/
